<?xml version="1.0" encoding="UTF-8"?>
<testsuite xmlns:xsi="http://www.w3.org/2001/XMLSchema-instance" xsi:noNamespaceSchemaLocation="https://maven.apache.org/surefire/maven-surefire-plugin/xsd/surefire-test-report.xsd" version="3.0.2" name="com.fraud.engine.engine.RuleEvaluatorTest" time="0.931" tests="23" errors="0" skipped="0" failures="0">
  <properties>
[...]
</properties>
  <testcase name="testDebugInfoRespectsMaxConditionEvaluations" classname="com.fraud.engine.engine.RuleEvaluatorTest" time="0.378">
    <system-out><![CDATA[2026-02-13 17:02:31,058 DEBUG [com.fra.eng.eng.AuthEvaluator] (main) AUTH evaluation: 1 rules to evaluate
2026-02-13 17:02:31,059 DEBUG [com.fra.eng.eng.AuthEvaluator] (main) Evaluating rule: debug-rule (Debug Rule)
2026-02-13 17:02:31,067 DEBUG [com.fra.eng.eng.AuthEvaluator] (main) Rule matched: debug-rule (Debug Rule) - Action: DECLINE
2026-02-13 17:02:31,068 DEBUG [com.fra.eng.eng.RuleEvaluator] (main) Decision complete: id=cda52e3d-600e-477d-89fb-a9137476a438, decision=DECLINE, mode=NORMAL, time=10ms
]]></system-out>
  </testcase>
  <testcase name="testUnknownEvaluationTypeDefaultsToAUTH" classname="com.fraud.engine.engine.RuleEvaluatorTest" time="0.007">
    <system-out><![CDATA[2026-02-13 17:02:31,078 WARN  [com.fra.eng.eng.RuleEvaluator] (main) Unknown evaluation type: UNKNOWN, defaulting to AUTH
2026-02-13 17:02:31,078 DEBUG [com.fra.eng.eng.AuthEvaluator] (main) AUTH evaluation: 1 rules to evaluate
2026-02-13 17:02:31,079 DEBUG [com.fra.eng.eng.AuthEvaluator] (main) Evaluating rule: test-rule (Test)
2026-02-13 17:02:31,079 DEBUG [com.fra.eng.eng.AuthEvaluator] (main) Rule matched: test-rule (Test) - Action: DECLINE
2026-02-13 17:02:31,079 DEBUG [com.fra.eng.eng.RuleEvaluator] (main) Decision complete: id=d5a5ce57-c4c2-461f-9a5e-90a35069cb9f, decision=DECLINE, mode=NORMAL, time=1ms
]]></system-out>
  </testcase>
  <testcase name="testAUTH_FirstMatchStopsEvaluation" classname="com.fraud.engine.engine.RuleEvaluatorTest" time="0.007">
    <system-out><![CDATA[2026-02-13 17:02:31,087 DEBUG [com.fra.eng.eng.AuthEvaluator] (main) AUTH evaluation: 3 rules to evaluate
2026-02-13 17:02:31,088 DEBUG [com.fra.eng.eng.AuthEvaluator] (main) Evaluating rule: high-amount (High Amount)
2026-02-13 17:02:31,088 DEBUG [com.fra.eng.eng.AuthEvaluator] (main) Rule matched: high-amount (High Amount) - Action: DECLINE
2026-02-13 17:02:31,088 DEBUG [com.fra.eng.eng.RuleEvaluator] (main) Decision complete: id=af872c8a-626e-4cf7-aa6a-ad3238b9e329, decision=DECLINE, mode=NORMAL, time=1ms
]]></system-out>
  </testcase>
  <testcase name="testReplayVelocityReadOnlyAppliesVelocityAction" classname="com.fraud.engine.engine.RuleEvaluatorTest" time="0.021">
    <system-out><![CDATA[2026-02-13 17:02:31,106 DEBUG [com.fra.eng.eng.AuthEvaluator] (main) AUTH evaluation: 1 rules to evaluate
2026-02-13 17:02:31,106 DEBUG [com.fra.eng.eng.AuthEvaluator] (main) Evaluating rule: velocity-rule (Velocity)
2026-02-13 17:02:31,109 DEBUG [com.fra.eng.eng.AuthEvaluator] (main) Applied rule action: DECLINE for rule velocity-rule
2026-02-13 17:02:31,109 DEBUG [com.fra.eng.eng.RuleEvaluator] (main) Decision complete: id=97bfa11a-14b0-4aa8-8a4b-0770313276bc, decision=DECLINE, mode=REPLAY, time=3ms
]]></system-out>
  </testcase>
  <testcase name="testMONITORING_InvalidDecision_MarksDegraded" classname="com.fraud.engine.engine.RuleEvaluatorTest" time="0.01">
    <system-out><![CDATA[2026-02-13 17:02:31,119 DEBUG [com.fra.eng.eng.MonitoringEvaluator] (main) MONITORING evaluation: 2 rules to evaluate
2026-02-13 17:02:31,121 DEBUG [com.fra.eng.eng.MonitoringEvaluator] (main) Evaluating rule: high-amount (High Amount)
2026-02-13 17:02:31,121 DEBUG [com.fra.eng.eng.MonitoringEvaluator] (main) Rule matched: high-amount (High Amount) - Action: REVIEW
2026-02-13 17:02:31,121 DEBUG [com.fra.eng.eng.MonitoringEvaluator] (main) Evaluating rule: high-risk-country (High Risk Country)
2026-02-13 17:02:31,122 WARN  [com.fra.eng.eng.MonitoringEvaluator] (main) MONITORING decision invalid (REVIEW); defaulting to APPROVE
2026-02-13 17:02:31,122 DEBUG [com.fra.eng.eng.MonitoringEvaluator] (main) MONITORING evaluation complete: 1 matched, decision: APPROVE
2026-02-13 17:02:31,122 DEBUG [com.fra.eng.eng.RuleEvaluator] (main) Decision complete: id=22c1b982-da86-402a-8a96-848f71daa478, decision=APPROVE, mode=DEGRADED, time=3ms
]]></system-out>
  </testcase>
  <testcase name="testDebugInfoCapturesConditionEvaluations" classname="com.fraud.engine.engine.RuleEvaluatorTest" time="0.013">
    <system-out><![CDATA[2026-02-13 17:02:31,129 DEBUG [com.fra.eng.eng.AuthEvaluator] (main) AUTH evaluation: 1 rules to evaluate
2026-02-13 17:02:31,129 DEBUG [com.fra.eng.eng.AuthEvaluator] (main) Evaluating rule: debug-rule (Debug Rule)
2026-02-13 17:02:31,129 DEBUG [com.fra.eng.eng.AuthEvaluator] (main) No rules matched, defaulting to APPROVE
2026-02-13 17:02:31,134 DEBUG [com.fra.eng.eng.RuleEvaluator] (main) Decision complete: id=6fca071f-bd3f-4c81-9b7c-803a18be424c, decision=APPROVE, mode=NORMAL, time=3ms
]]></system-out>
  </testcase>
  <testcase name="testVelocityCheckFailureMarksDegraded" classname="com.fraud.engine.engine.RuleEvaluatorTest" time="0.026">
    <system-out><![CDATA[2026-02-13 17:02:31,158 DEBUG [com.fra.eng.eng.AuthEvaluator] (main) AUTH evaluation: 1 rules to evaluate
2026-02-13 17:02:31,158 DEBUG [com.fra.eng.eng.AuthEvaluator] (main) Evaluating rule: velocity-rule (Velocity Rule)
2026-02-13 17:02:31,160 WARN  [com.fra.eng.eng.VelocityEvaluator] (main) Velocity check failed for rule velocity-rule, skipping: java.lang.RuntimeException: redis down
	at com.fraud.engine.velocity.VelocityService.checkVelocity(VelocityService.java:135)
	at com.fraud.engine.engine.VelocityEvaluator.checkVelocity(VelocityEvaluator.java:25)
	at com.fraud.engine.engine.AuthEvaluator.evaluate(AuthEvaluator.java:66)
	at com.fraud.engine.engine.RuleEvaluator.dispatchEvaluation(RuleEvaluator.java:165)
	at com.fraud.engine.engine.RuleEvaluator.evaluate(RuleEvaluator.java:119)
	at com.fraud.engine.engine.RuleEvaluator.evaluate(RuleEvaluator.java:55)
	at com.fraud.engine.engine.RuleEvaluatorTest.testVelocityCheckFailureMarksDegraded(RuleEvaluatorTest.java:467)
	at java.base/jdk.internal.reflect.DirectMethodHandleAccessor.invoke(DirectMethodHandleAccessor.java:104)
	at java.base/java.lang.reflect.Method.invoke(Method.java:565)
	at org.junit.platform.commons.util.ReflectionUtils.invokeMethod(ReflectionUtils.java:701)
	at org.junit.platform.commons.support.ReflectionSupport.invokeMethod(ReflectionSupport.java:502)
	at org.junit.jupiter.engine.support.MethodReflectionUtils.invoke(MethodReflectionUtils.java:45)
	at org.junit.jupiter.engine.execution.MethodInvocation.proceed(MethodInvocation.java:61)
	at org.junit.jupiter.engine.execution.InvocationInterceptorChain$ValidatingInvocation.proceed(InvocationInterceptorChain.java:124)
	at org.junit.jupiter.engine.extension.TimeoutExtension.intercept(TimeoutExtension.java:163)
	at org.junit.jupiter.engine.extension.TimeoutExtension.interceptTestableMethod(TimeoutExtension.java:148)
	at org.junit.jupiter.engine.extension.TimeoutExtension.interceptTestMethod(TimeoutExtension.java:86)
	at org.junit.jupiter.engine.execution.InterceptingExecutableInvoker$ReflectiveInterceptorCall.lambda$ofVoidMethod$0(InterceptingExecutableInvoker.java:123)
	at org.junit.jupiter.engine.execution.InterceptingExecutableInvoker.lambda$invoke$0(InterceptingExecutableInvoker.java:105)
	at org.junit.jupiter.engine.execution.InvocationInterceptorChain$InterceptedInvocation.proceed(InvocationInterceptorChain.java:99)
	at org.junit.jupiter.engine.execution.InvocationInterceptorChain.proceed(InvocationInterceptorChain.java:66)
	at org.junit.jupiter.engine.execution.InvocationInterceptorChain.chainAndInvoke(InvocationInterceptorChain.java:47)
	at org.junit.jupiter.engine.execution.InvocationInterceptorChain.invoke(InvocationInterceptorChain.java:39)
	at org.junit.jupiter.engine.execution.InterceptingExecutableInvoker.invoke(InterceptingExecutableInvoker.java:104)
	at org.junit.jupiter.engine.execution.InterceptingExecutableInvoker.invoke(InterceptingExecutableInvoker.java:98)
	at org.junit.jupiter.engine.execution.InterceptingExecutableInvoker.invokeVoid(InterceptingExecutableInvoker.java:71)
	at org.junit.jupiter.engine.descriptor.TestMethodTestDescriptor.lambda$invokeTestMethod$0(TestMethodTestDescriptor.java:219)
	at org.junit.platform.engine.support.hierarchical.ThrowableCollector.execute(ThrowableCollector.java:74)
	at org.junit.jupiter.engine.descriptor.TestMethodTestDescriptor.invokeTestMethod(TestMethodTestDescriptor.java:215)
	at org.junit.jupiter.engine.descriptor.TestMethodTestDescriptor.execute(TestMethodTestDescriptor.java:157)
	at org.junit.jupiter.engine.descriptor.TestMethodTestDescriptor.execute(TestMethodTestDescriptor.java:70)
	at org.junit.platform.engine.support.hierarchical.NodeTestTask.lambda$executeRecursively$2(NodeTestTask.java:176)
	at org.junit.platform.engine.support.hierarchical.ThrowableCollector.execute(ThrowableCollector.java:74)
	at org.junit.platform.engine.support.hierarchical.NodeTestTask.lambda$executeRecursively$1(NodeTestTask.java:166)
	at org.junit.platform.engine.support.hierarchical.Node.around(Node.java:138)
	at org.junit.platform.engine.support.hierarchical.NodeTestTask.lambda$executeRecursively$0(NodeTestTask.java:164)
	at org.junit.platform.engine.support.hierarchical.ThrowableCollector.execute(ThrowableCollector.java:74)
	at org.junit.platform.engine.support.hierarchical.NodeTestTask.executeRecursively(NodeTestTask.java:163)
	at org.junit.platform.engine.support.hierarchical.NodeTestTask.execute(NodeTestTask.java:116)
	at java.base/java.util.ArrayList.forEach(ArrayList.java:1604)
	at org.junit.platform.engine.support.hierarchical.SameThreadHierarchicalTestExecutorService.invokeAll(SameThreadHierarchicalTestExecutorService.java:42)
	at org.junit.platform.engine.support.hierarchical.NodeTestTask.lambda$executeRecursively$2(NodeTestTask.java:180)
	at org.junit.platform.engine.support.hierarchical.ThrowableCollector.execute(ThrowableCollector.java:74)
	at org.junit.platform.engine.support.hierarchical.NodeTestTask.lambda$executeRecursively$1(NodeTestTask.java:166)
	at org.junit.platform.engine.support.hierarchical.Node.around(Node.java:138)
	at org.junit.platform.engine.support.hierarchical.NodeTestTask.lambda$executeRecursively$0(NodeTestTask.java:164)
	at org.junit.platform.engine.support.hierarchical.ThrowableCollector.execute(ThrowableCollector.java:74)
	at org.junit.platform.engine.support.hierarchical.NodeTestTask.executeRecursively(NodeTestTask.java:163)
	at org.junit.platform.engine.support.hierarchical.NodeTestTask.execute(NodeTestTask.java:116)
	at java.base/java.util.ArrayList.forEach(ArrayList.java:1604)
	at org.junit.platform.engine.support.hierarchical.SameThreadHierarchicalTestExecutorService.invokeAll(SameThreadHierarchicalTestExecutorService.java:42)
	at org.junit.platform.engine.support.hierarchical.NodeTestTask.lambda$executeRecursively$2(NodeTestTask.java:180)
	at org.junit.platform.engine.support.hierarchical.ThrowableCollector.execute(ThrowableCollector.java:74)
	at org.junit.platform.engine.support.hierarchical.NodeTestTask.lambda$executeRecursively$1(NodeTestTask.java:166)
	at org.junit.platform.engine.support.hierarchical.Node.around(Node.java:138)
	at org.junit.platform.engine.support.hierarchical.NodeTestTask.lambda$executeRecursively$0(NodeTestTask.java:164)
	at org.junit.platform.engine.support.hierarchical.ThrowableCollector.execute(ThrowableCollector.java:74)
	at org.junit.platform.engine.support.hierarchical.NodeTestTask.executeRecursively(NodeTestTask.java:163)
	at org.junit.platform.engine.support.hierarchical.NodeTestTask.execute(NodeTestTask.java:116)
	at org.junit.platform.engine.support.hierarchical.SameThreadHierarchicalTestExecutorService.submit(SameThreadHierarchicalTestExecutorService.java:36)
	at org.junit.platform.engine.support.hierarchical.HierarchicalTestExecutor.execute(HierarchicalTestExecutor.java:52)
	at org.junit.platform.engine.support.hierarchical.HierarchicalTestEngine.execute(HierarchicalTestEngine.java:58)
	at org.junit.platform.launcher.core.EngineExecutionOrchestrator.executeEngine(EngineExecutionOrchestrator.java:246)
	at org.junit.platform.launcher.core.EngineExecutionOrchestrator.failOrExecuteEngine(EngineExecutionOrchestrator.java:218)
	at org.junit.platform.launcher.core.EngineExecutionOrchestrator.execute(EngineExecutionOrchestrator.java:179)
	at org.junit.platform.launcher.core.EngineExecutionOrchestrator.execute(EngineExecutionOrchestrator.java:108)
	at org.junit.platform.launcher.core.EngineExecutionOrchestrator.lambda$execute$0(EngineExecutionOrchestrator.java:66)
	at org.junit.platform.launcher.core.EngineExecutionOrchestrator.withInterceptedStreams(EngineExecutionOrchestrator.java:157)
	at org.junit.platform.launcher.core.EngineExecutionOrchestrator.execute(EngineExecutionOrchestrator.java:65)
	at org.junit.platform.launcher.core.DefaultLauncher.execute(DefaultLauncher.java:125)
	at org.junit.platform.launcher.core.DefaultLauncher.execute(DefaultLauncher.java:114)
	at org.junit.platform.launcher.core.DelegatingLauncher.execute(DelegatingLauncher.java:58)
	at org.junit.platform.launcher.core.InterceptingLauncher.lambda$execute$2(InterceptingLauncher.java:57)
	at org.junit.platform.launcher.core.ClasspathAlignmentCheckingLauncherInterceptor.intercept(ClasspathAlignmentCheckingLauncherInterceptor.java:25)
	at org.junit.platform.launcher.core.InterceptingLauncher.execute(InterceptingLauncher.java:56)
	at org.junit.platform.launcher.core.DelegatingLauncher.execute(DelegatingLauncher.java:58)
	at java.base/jdk.internal.reflect.DirectMethodHandleAccessor.invoke(DirectMethodHandleAccessor.java:104)
	at java.base/java.lang.reflect.Method.invoke(Method.java:565)
	at org.apache.maven.surefire.api.util.ReflectionUtils.invokeMethodWithArray(ReflectionUtils.java:125)
	at org.apache.maven.surefire.junitplatform.LauncherAdapter.executeWithCancellationToken(LauncherAdapter.java:68)
	at org.apache.maven.surefire.junitplatform.LauncherAdapter.execute(LauncherAdapter.java:54)
	at org.apache.maven.surefire.junitplatform.JUnitPlatformProvider.execute(JUnitPlatformProvider.java:203)
	at org.apache.maven.surefire.junitplatform.JUnitPlatformProvider.invokeAllTests(JUnitPlatformProvider.java:168)
	at org.apache.maven.surefire.junitplatform.JUnitPlatformProvider.invoke(JUnitPlatformProvider.java:136)
	at org.apache.maven.surefire.booter.ForkedBooter.runSuitesInProcess(ForkedBooter.java:385)
	at org.apache.maven.surefire.booter.ForkedBooter.execute(ForkedBooter.java:162)
	at org.apache.maven.surefire.booter.ForkedBooter.run(ForkedBooter.java:507)
	at org.apache.maven.surefire.booter.ForkedBooter.main(ForkedBooter.java:495)

2026-02-13 17:02:31,164 DEBUG [com.fra.eng.eng.AuthEvaluator] (main) Rule matched: velocity-rule (Velocity Rule) - Action: DECLINE
2026-02-13 17:02:31,165 DEBUG [com.fra.eng.eng.RuleEvaluator] (main) Decision complete: id=a7c965d5-3451-405a-b8bb-4c10bcd9b2f3, decision=DECLINE, mode=DEGRADED, time=7ms
]]></system-out>
  </testcase>
  <testcase name="testVelocitySnapshotFailureTriggersFailOpen" classname="com.fraud.engine.engine.RuleEvaluatorTest" time="0.006">
    <system-out><![CDATA[2026-02-13 17:02:31,171 DEBUG [com.fra.eng.eng.AuthEvaluator] (main) AUTH evaluation: 3 rules to evaluate
2026-02-13 17:02:31,172 DEBUG [com.fra.eng.eng.AuthEvaluator] (main) Evaluating rule: high-amount (High Amount)
2026-02-13 17:02:31,172 DEBUG [com.fra.eng.eng.AuthEvaluator] (main) Rule matched: high-amount (High Amount) - Action: DECLINE
2026-02-13 17:02:31,173 DEBUG [com.fra.eng.eng.RuleEvaluator] (main) Decision complete: id=a9881c68-7ba5-41af-94d9-4f914fcd3e32, decision=DECLINE, mode=NORMAL, time=2ms
]]></system-out>
  </testcase>
  <testcase name="testAUTH_HighRiskCountryDeclines" classname="com.fraud.engine.engine.RuleEvaluatorTest" time="0.009">
    <system-out><![CDATA[2026-02-13 17:02:31,177 DEBUG [com.fra.eng.eng.AuthEvaluator] (main) AUTH evaluation: 3 rules to evaluate
2026-02-13 17:02:31,181 DEBUG [com.fra.eng.eng.AuthEvaluator] (main) Evaluating rule: high-amount (High Amount)
2026-02-13 17:02:31,182 DEBUG [com.fra.eng.eng.AuthEvaluator] (main) Evaluating rule: high-risk-country (High Risk Country)
2026-02-13 17:02:31,182 DEBUG [com.fra.eng.eng.AuthEvaluator] (main) Rule matched: high-risk-country (High Risk Country) - Action: DECLINE
2026-02-13 17:02:31,182 DEBUG [com.fra.eng.eng.RuleEvaluator] (main) Decision complete: id=bda08bf9-38a2-4843-96ea-b6ca97343421, decision=DECLINE, mode=NORMAL, time=5ms
]]></system-out>
  </testcase>
  <testcase name="testAUTH_NoMatchDefaultsToApprove" classname="com.fraud.engine.engine.RuleEvaluatorTest" time="0.007">
    <system-out><![CDATA[2026-02-13 17:02:31,189 DEBUG [com.fra.eng.eng.AuthEvaluator] (main) AUTH evaluation: 3 rules to evaluate
2026-02-13 17:02:31,189 DEBUG [com.fra.eng.eng.AuthEvaluator] (main) Evaluating rule: high-amount (High Amount)
2026-02-13 17:02:31,190 DEBUG [com.fra.eng.eng.AuthEvaluator] (main) Evaluating rule: high-risk-country (High Risk Country)
2026-02-13 17:02:31,191 DEBUG [com.fra.eng.eng.AuthEvaluator] (main) Evaluating rule: default-approve (Default Approve)
2026-02-13 17:02:31,191 DEBUG [com.fra.eng.eng.AuthEvaluator] (main) Rule matched: default-approve (Default Approve) - Action: APPROVE
2026-02-13 17:02:31,191 DEBUG [com.fra.eng.eng.RuleEvaluator] (main) Decision complete: id=886c309b-df40-4dc4-9bb6-668c2646ad36, decision=APPROVE, mode=NORMAL, time=2ms
]]></system-out>
  </testcase>
  <testcase name="testDecisionIncludesRulesetInfo" classname="com.fraud.engine.engine.RuleEvaluatorTest" time="0.012">
    <system-out><![CDATA[2026-02-13 17:02:31,198 DEBUG [com.fra.eng.eng.AuthEvaluator] (main) AUTH evaluation: 3 rules to evaluate
2026-02-13 17:02:31,202 DEBUG [com.fra.eng.eng.AuthEvaluator] (main) Evaluating rule: high-amount (High Amount)
2026-02-13 17:02:31,203 DEBUG [com.fra.eng.eng.AuthEvaluator] (main) Evaluating rule: high-risk-country (High Risk Country)
2026-02-13 17:02:31,203 DEBUG [com.fra.eng.eng.AuthEvaluator] (main) Evaluating rule: default-approve (Default Approve)
2026-02-13 17:02:31,203 DEBUG [com.fra.eng.eng.AuthEvaluator] (main) Rule matched: default-approve (Default Approve) - Action: APPROVE
2026-02-13 17:02:31,203 DEBUG [com.fra.eng.eng.RuleEvaluator] (main) Decision complete: id=83272c45-8e72-4c38-b4f8-5e01687fbc84, decision=APPROVE, mode=NORMAL, time=6ms
]]></system-out>
  </testcase>
  <testcase name="testMONITORING_CollectsAllMatches" classname="com.fraud.engine.engine.RuleEvaluatorTest" time="0.007">
    <system-out><![CDATA[2026-02-13 17:02:31,212 DEBUG [com.fra.eng.eng.MonitoringEvaluator] (main) MONITORING evaluation: 2 rules to evaluate
2026-02-13 17:02:31,213 DEBUG [com.fra.eng.eng.MonitoringEvaluator] (main) Evaluating rule: high-amount (High Amount)
2026-02-13 17:02:31,213 DEBUG [com.fra.eng.eng.MonitoringEvaluator] (main) Rule matched: high-amount (High Amount) - Action: REVIEW
2026-02-13 17:02:31,213 DEBUG [com.fra.eng.eng.MonitoringEvaluator] (main) Evaluating rule: high-risk-country (High Risk Country)
2026-02-13 17:02:31,213 DEBUG [com.fra.eng.eng.MonitoringEvaluator] (main) Rule matched: high-risk-country (High Risk Country) - Action: REVIEW
2026-02-13 17:02:31,213 DEBUG [com.fra.eng.eng.MonitoringEvaluator] (main) MONITORING evaluation complete: 2 matched, decision: DECLINE
2026-02-13 17:02:31,213 DEBUG [com.fra.eng.eng.RuleEvaluator] (main) Decision complete: id=21f60a21-4820-4134-ab49-96155529c69a, decision=DECLINE, mode=NORMAL, time=1ms
]]></system-out>
  </testcase>
  <testcase name="testVelocityCheckFailureDoesNotBlockEvaluation" classname="com.fraud.engine.engine.RuleEvaluatorTest" time="0.011">
    <system-out><![CDATA[2026-02-13 17:02:31,221 DEBUG [com.fra.eng.eng.AuthEvaluator] (main) AUTH evaluation: 1 rules to evaluate
2026-02-13 17:02:31,221 DEBUG [com.fra.eng.eng.AuthEvaluator] (main) Evaluating rule: velocity-rule (Velocity)
2026-02-13 17:02:31,223 WARN  [com.fra.eng.eng.VelocityEvaluator] (main) Velocity check failed for rule velocity-rule, skipping: java.lang.RuntimeException: Redis connection failed
	at com.fraud.engine.velocity.VelocityService.checkVelocity(VelocityService.java:135)
	at com.fraud.engine.engine.VelocityEvaluator.checkVelocity(VelocityEvaluator.java:25)
	at com.fraud.engine.engine.AuthEvaluator.evaluate(AuthEvaluator.java:66)
	at com.fraud.engine.engine.RuleEvaluator.dispatchEvaluation(RuleEvaluator.java:165)
	at com.fraud.engine.engine.RuleEvaluator.evaluate(RuleEvaluator.java:119)
	at com.fraud.engine.engine.RuleEvaluator.evaluate(RuleEvaluator.java:55)
	at com.fraud.engine.engine.RuleEvaluatorTest.testVelocityCheckFailureDoesNotBlockEvaluation(RuleEvaluatorTest.java:384)
	at java.base/jdk.internal.reflect.DirectMethodHandleAccessor.invoke(DirectMethodHandleAccessor.java:104)
	at java.base/java.lang.reflect.Method.invoke(Method.java:565)
	at org.junit.platform.commons.util.ReflectionUtils.invokeMethod(ReflectionUtils.java:701)
	at org.junit.platform.commons.support.ReflectionSupport.invokeMethod(ReflectionSupport.java:502)
	at org.junit.jupiter.engine.support.MethodReflectionUtils.invoke(MethodReflectionUtils.java:45)
	at org.junit.jupiter.engine.execution.MethodInvocation.proceed(MethodInvocation.java:61)
	at org.junit.jupiter.engine.execution.InvocationInterceptorChain$ValidatingInvocation.proceed(InvocationInterceptorChain.java:124)
	at org.junit.jupiter.engine.extension.TimeoutExtension.intercept(TimeoutExtension.java:163)
	at org.junit.jupiter.engine.extension.TimeoutExtension.interceptTestableMethod(TimeoutExtension.java:148)
	at org.junit.jupiter.engine.extension.TimeoutExtension.interceptTestMethod(TimeoutExtension.java:86)
	at org.junit.jupiter.engine.execution.InterceptingExecutableInvoker$ReflectiveInterceptorCall.lambda$ofVoidMethod$0(InterceptingExecutableInvoker.java:123)
	at org.junit.jupiter.engine.execution.InterceptingExecutableInvoker.lambda$invoke$0(InterceptingExecutableInvoker.java:105)
	at org.junit.jupiter.engine.execution.InvocationInterceptorChain$InterceptedInvocation.proceed(InvocationInterceptorChain.java:99)
	at org.junit.jupiter.engine.execution.InvocationInterceptorChain.proceed(InvocationInterceptorChain.java:66)
	at org.junit.jupiter.engine.execution.InvocationInterceptorChain.chainAndInvoke(InvocationInterceptorChain.java:47)
	at org.junit.jupiter.engine.execution.InvocationInterceptorChain.invoke(InvocationInterceptorChain.java:39)
	at org.junit.jupiter.engine.execution.InterceptingExecutableInvoker.invoke(InterceptingExecutableInvoker.java:104)
	at org.junit.jupiter.engine.execution.InterceptingExecutableInvoker.invoke(InterceptingExecutableInvoker.java:98)
	at org.junit.jupiter.engine.execution.InterceptingExecutableInvoker.invokeVoid(InterceptingExecutableInvoker.java:71)
	at org.junit.jupiter.engine.descriptor.TestMethodTestDescriptor.lambda$invokeTestMethod$0(TestMethodTestDescriptor.java:219)
	at org.junit.platform.engine.support.hierarchical.ThrowableCollector.execute(ThrowableCollector.java:74)
	at org.junit.jupiter.engine.descriptor.TestMethodTestDescriptor.invokeTestMethod(TestMethodTestDescriptor.java:215)
	at org.junit.jupiter.engine.descriptor.TestMethodTestDescriptor.execute(TestMethodTestDescriptor.java:157)
	at org.junit.jupiter.engine.descriptor.TestMethodTestDescriptor.execute(TestMethodTestDescriptor.java:70)
	at org.junit.platform.engine.support.hierarchical.NodeTestTask.lambda$executeRecursively$2(NodeTestTask.java:176)
	at org.junit.platform.engine.support.hierarchical.ThrowableCollector.execute(ThrowableCollector.java:74)
	at org.junit.platform.engine.support.hierarchical.NodeTestTask.lambda$executeRecursively$1(NodeTestTask.java:166)
	at org.junit.platform.engine.support.hierarchical.Node.around(Node.java:138)
	at org.junit.platform.engine.support.hierarchical.NodeTestTask.lambda$executeRecursively$0(NodeTestTask.java:164)
	at org.junit.platform.engine.support.hierarchical.ThrowableCollector.execute(ThrowableCollector.java:74)
	at org.junit.platform.engine.support.hierarchical.NodeTestTask.executeRecursively(NodeTestTask.java:163)
	at org.junit.platform.engine.support.hierarchical.NodeTestTask.execute(NodeTestTask.java:116)
	at java.base/java.util.ArrayList.forEach(ArrayList.java:1604)
	at org.junit.platform.engine.support.hierarchical.SameThreadHierarchicalTestExecutorService.invokeAll(SameThreadHierarchicalTestExecutorService.java:42)
	at org.junit.platform.engine.support.hierarchical.NodeTestTask.lambda$executeRecursively$2(NodeTestTask.java:180)
	at org.junit.platform.engine.support.hierarchical.ThrowableCollector.execute(ThrowableCollector.java:74)
	at org.junit.platform.engine.support.hierarchical.NodeTestTask.lambda$executeRecursively$1(NodeTestTask.java:166)
	at org.junit.platform.engine.support.hierarchical.Node.around(Node.java:138)
	at org.junit.platform.engine.support.hierarchical.NodeTestTask.lambda$executeRecursively$0(NodeTestTask.java:164)
	at org.junit.platform.engine.support.hierarchical.ThrowableCollector.execute(ThrowableCollector.java:74)
	at org.junit.platform.engine.support.hierarchical.NodeTestTask.executeRecursively(NodeTestTask.java:163)
	at org.junit.platform.engine.support.hierarchical.NodeTestTask.execute(NodeTestTask.java:116)
	at java.base/java.util.ArrayList.forEach(ArrayList.java:1604)
	at org.junit.platform.engine.support.hierarchical.SameThreadHierarchicalTestExecutorService.invokeAll(SameThreadHierarchicalTestExecutorService.java:42)
	at org.junit.platform.engine.support.hierarchical.NodeTestTask.lambda$executeRecursively$2(NodeTestTask.java:180)
	at org.junit.platform.engine.support.hierarchical.ThrowableCollector.execute(ThrowableCollector.java:74)
	at org.junit.platform.engine.support.hierarchical.NodeTestTask.lambda$executeRecursively$1(NodeTestTask.java:166)
	at org.junit.platform.engine.support.hierarchical.Node.around(Node.java:138)
	at org.junit.platform.engine.support.hierarchical.NodeTestTask.lambda$executeRecursively$0(NodeTestTask.java:164)
	at org.junit.platform.engine.support.hierarchical.ThrowableCollector.execute(ThrowableCollector.java:74)
	at org.junit.platform.engine.support.hierarchical.NodeTestTask.executeRecursively(NodeTestTask.java:163)
	at org.junit.platform.engine.support.hierarchical.NodeTestTask.execute(NodeTestTask.java:116)
	at org.junit.platform.engine.support.hierarchical.SameThreadHierarchicalTestExecutorService.submit(SameThreadHierarchicalTestExecutorService.java:36)
	at org.junit.platform.engine.support.hierarchical.HierarchicalTestExecutor.execute(HierarchicalTestExecutor.java:52)
	at org.junit.platform.engine.support.hierarchical.HierarchicalTestEngine.execute(HierarchicalTestEngine.java:58)
	at org.junit.platform.launcher.core.EngineExecutionOrchestrator.executeEngine(EngineExecutionOrchestrator.java:246)
	at org.junit.platform.launcher.core.EngineExecutionOrchestrator.failOrExecuteEngine(EngineExecutionOrchestrator.java:218)
	at org.junit.platform.launcher.core.EngineExecutionOrchestrator.execute(EngineExecutionOrchestrator.java:179)
	at org.junit.platform.launcher.core.EngineExecutionOrchestrator.execute(EngineExecutionOrchestrator.java:108)
	at org.junit.platform.launcher.core.EngineExecutionOrchestrator.lambda$execute$0(EngineExecutionOrchestrator.java:66)
	at org.junit.platform.launcher.core.EngineExecutionOrchestrator.withInterceptedStreams(EngineExecutionOrchestrator.java:157)
	at org.junit.platform.launcher.core.EngineExecutionOrchestrator.execute(EngineExecutionOrchestrator.java:65)
	at org.junit.platform.launcher.core.DefaultLauncher.execute(DefaultLauncher.java:125)
	at org.junit.platform.launcher.core.DefaultLauncher.execute(DefaultLauncher.java:114)
	at org.junit.platform.launcher.core.DelegatingLauncher.execute(DelegatingLauncher.java:58)
	at org.junit.platform.launcher.core.InterceptingLauncher.lambda$execute$2(InterceptingLauncher.java:57)
	at org.junit.platform.launcher.core.ClasspathAlignmentCheckingLauncherInterceptor.intercept(ClasspathAlignmentCheckingLauncherInterceptor.java:25)
	at org.junit.platform.launcher.core.InterceptingLauncher.execute(InterceptingLauncher.java:56)
	at org.junit.platform.launcher.core.DelegatingLauncher.execute(DelegatingLauncher.java:58)
	at java.base/jdk.internal.reflect.DirectMethodHandleAccessor.invoke(DirectMethodHandleAccessor.java:104)
	at java.base/java.lang.reflect.Method.invoke(Method.java:565)
	at org.apache.maven.surefire.api.util.ReflectionUtils.invokeMethodWithArray(ReflectionUtils.java:125)
	at org.apache.maven.surefire.junitplatform.LauncherAdapter.executeWithCancellationToken(LauncherAdapter.java:68)
	at org.apache.maven.surefire.junitplatform.LauncherAdapter.execute(LauncherAdapter.java:54)
	at org.apache.maven.surefire.junitplatform.JUnitPlatformProvider.execute(JUnitPlatformProvider.java:203)
	at org.apache.maven.surefire.junitplatform.JUnitPlatformProvider.invokeAllTests(JUnitPlatformProvider.java:168)
	at org.apache.maven.surefire.junitplatform.JUnitPlatformProvider.invoke(JUnitPlatformProvider.java:136)
	at org.apache.maven.surefire.booter.ForkedBooter.runSuitesInProcess(ForkedBooter.java:385)
	at org.apache.maven.surefire.booter.ForkedBooter.execute(ForkedBooter.java:162)
	at org.apache.maven.surefire.booter.ForkedBooter.run(ForkedBooter.java:507)
	at org.apache.maven.surefire.booter.ForkedBooter.main(ForkedBooter.java:495)

2026-02-13 17:02:31,223 DEBUG [com.fra.eng.eng.AuthEvaluator] (main) Rule matched: velocity-rule (Velocity) - Action: DECLINE
2026-02-13 17:02:31,223 DEBUG [com.fra.eng.eng.RuleEvaluator] (main) Decision complete: id=f91a2429-419e-4d84-8153-2f3cdaee7f21, decision=DECLINE, mode=DEGRADED, time=2ms
]]></system-out>
  </testcase>
  <testcase name="testMONITORING_UsesProvidedDecision" classname="com.fraud.engine.engine.RuleEvaluatorTest" time="0.008">
    <system-out><![CDATA[2026-02-13 17:02:31,234 DEBUG [com.fra.eng.eng.MonitoringEvaluator] (main) MONITORING evaluation: 2 rules to evaluate
2026-02-13 17:02:31,234 DEBUG [com.fra.eng.eng.MonitoringEvaluator] (main) Evaluating rule: high-amount (High Amount)
2026-02-13 17:02:31,235 DEBUG [com.fra.eng.eng.MonitoringEvaluator] (main) Rule matched: high-amount (High Amount) - Action: REVIEW
2026-02-13 17:02:31,235 DEBUG [com.fra.eng.eng.MonitoringEvaluator] (main) Evaluating rule: high-risk-country (High Risk Country)
2026-02-13 17:02:31,236 DEBUG [com.fra.eng.eng.MonitoringEvaluator] (main) MONITORING evaluation complete: 1 matched, decision: APPROVE
2026-02-13 17:02:31,236 DEBUG [com.fra.eng.eng.RuleEvaluator] (main) Decision complete: id=bdf95c5b-4f3f-4bb9-a2d6-ba72c0970940, decision=APPROVE, mode=NORMAL, time=2ms
]]></system-out>
  </testcase>
  <testcase name="testMONITORING_EvaluationErrorPreservesDecisionAndReturnsDegraded" classname="com.fraud.engine.engine.RuleEvaluatorTest" time="0.186">
    <system-out><![CDATA[2026-02-13 17:02:31,424 ERROR [com.fra.eng.eng.RuleEvaluator] (main) Error during rule evaluation: java.lang.RuntimeException: boom
	at com.fraud.engine.engine.MonitoringEvaluator.evaluate(MonitoringEvaluator.java:30)
	at com.fraud.engine.engine.RuleEvaluator.dispatchEvaluation(RuleEvaluator.java:167)
	at com.fraud.engine.engine.RuleEvaluator.evaluate(RuleEvaluator.java:119)
	at com.fraud.engine.engine.RuleEvaluator.evaluate(RuleEvaluator.java:55)
	at com.fraud.engine.engine.RuleEvaluatorTest.testMONITORING_EvaluationErrorPreservesDecisionAndReturnsDegraded(RuleEvaluatorTest.java:273)
	at java.base/jdk.internal.reflect.DirectMethodHandleAccessor.invoke(DirectMethodHandleAccessor.java:104)
	at java.base/java.lang.reflect.Method.invoke(Method.java:565)
	at org.junit.platform.commons.util.ReflectionUtils.invokeMethod(ReflectionUtils.java:701)
	at org.junit.platform.commons.support.ReflectionSupport.invokeMethod(ReflectionSupport.java:502)
	at org.junit.jupiter.engine.support.MethodReflectionUtils.invoke(MethodReflectionUtils.java:45)
	at org.junit.jupiter.engine.execution.MethodInvocation.proceed(MethodInvocation.java:61)
	at org.junit.jupiter.engine.execution.InvocationInterceptorChain$ValidatingInvocation.proceed(InvocationInterceptorChain.java:124)
	at org.junit.jupiter.engine.extension.TimeoutExtension.intercept(TimeoutExtension.java:163)
	at org.junit.jupiter.engine.extension.TimeoutExtension.interceptTestableMethod(TimeoutExtension.java:148)
	at org.junit.jupiter.engine.extension.TimeoutExtension.interceptTestMethod(TimeoutExtension.java:86)
	at org.junit.jupiter.engine.execution.InterceptingExecutableInvoker$ReflectiveInterceptorCall.lambda$ofVoidMethod$0(InterceptingExecutableInvoker.java:123)
	at org.junit.jupiter.engine.execution.InterceptingExecutableInvoker.lambda$invoke$0(InterceptingExecutableInvoker.java:105)
	at org.junit.jupiter.engine.execution.InvocationInterceptorChain$InterceptedInvocation.proceed(InvocationInterceptorChain.java:99)
	at org.junit.jupiter.engine.execution.InvocationInterceptorChain.proceed(InvocationInterceptorChain.java:66)
	at org.junit.jupiter.engine.execution.InvocationInterceptorChain.chainAndInvoke(InvocationInterceptorChain.java:47)
	at org.junit.jupiter.engine.execution.InvocationInterceptorChain.invoke(InvocationInterceptorChain.java:39)
	at org.junit.jupiter.engine.execution.InterceptingExecutableInvoker.invoke(InterceptingExecutableInvoker.java:104)
	at org.junit.jupiter.engine.execution.InterceptingExecutableInvoker.invoke(InterceptingExecutableInvoker.java:98)
	at org.junit.jupiter.engine.execution.InterceptingExecutableInvoker.invokeVoid(InterceptingExecutableInvoker.java:71)
	at org.junit.jupiter.engine.descriptor.TestMethodTestDescriptor.lambda$invokeTestMethod$0(TestMethodTestDescriptor.java:219)
	at org.junit.platform.engine.support.hierarchical.ThrowableCollector.execute(ThrowableCollector.java:74)
	at org.junit.jupiter.engine.descriptor.TestMethodTestDescriptor.invokeTestMethod(TestMethodTestDescriptor.java:215)
	at org.junit.jupiter.engine.descriptor.TestMethodTestDescriptor.execute(TestMethodTestDescriptor.java:157)
	at org.junit.jupiter.engine.descriptor.TestMethodTestDescriptor.execute(TestMethodTestDescriptor.java:70)
	at org.junit.platform.engine.support.hierarchical.NodeTestTask.lambda$executeRecursively$2(NodeTestTask.java:176)
	at org.junit.platform.engine.support.hierarchical.ThrowableCollector.execute(ThrowableCollector.java:74)
	at org.junit.platform.engine.support.hierarchical.NodeTestTask.lambda$executeRecursively$1(NodeTestTask.java:166)
	at org.junit.platform.engine.support.hierarchical.Node.around(Node.java:138)
	at org.junit.platform.engine.support.hierarchical.NodeTestTask.lambda$executeRecursively$0(NodeTestTask.java:164)
	at org.junit.platform.engine.support.hierarchical.ThrowableCollector.execute(ThrowableCollector.java:74)
	at org.junit.platform.engine.support.hierarchical.NodeTestTask.executeRecursively(NodeTestTask.java:163)
	at org.junit.platform.engine.support.hierarchical.NodeTestTask.execute(NodeTestTask.java:116)
	at java.base/java.util.ArrayList.forEach(ArrayList.java:1604)
	at org.junit.platform.engine.support.hierarchical.SameThreadHierarchicalTestExecutorService.invokeAll(SameThreadHierarchicalTestExecutorService.java:42)
	at org.junit.platform.engine.support.hierarchical.NodeTestTask.lambda$executeRecursively$2(NodeTestTask.java:180)
	at org.junit.platform.engine.support.hierarchical.ThrowableCollector.execute(ThrowableCollector.java:74)
	at org.junit.platform.engine.support.hierarchical.NodeTestTask.lambda$executeRecursively$1(NodeTestTask.java:166)
	at org.junit.platform.engine.support.hierarchical.Node.around(Node.java:138)
	at org.junit.platform.engine.support.hierarchical.NodeTestTask.lambda$executeRecursively$0(NodeTestTask.java:164)
	at org.junit.platform.engine.support.hierarchical.ThrowableCollector.execute(ThrowableCollector.java:74)
	at org.junit.platform.engine.support.hierarchical.NodeTestTask.executeRecursively(NodeTestTask.java:163)
	at org.junit.platform.engine.support.hierarchical.NodeTestTask.execute(NodeTestTask.java:116)
	at java.base/java.util.ArrayList.forEach(ArrayList.java:1604)
	at org.junit.platform.engine.support.hierarchical.SameThreadHierarchicalTestExecutorService.invokeAll(SameThreadHierarchicalTestExecutorService.java:42)
	at org.junit.platform.engine.support.hierarchical.NodeTestTask.lambda$executeRecursively$2(NodeTestTask.java:180)
	at org.junit.platform.engine.support.hierarchical.ThrowableCollector.execute(ThrowableCollector.java:74)
	at org.junit.platform.engine.support.hierarchical.NodeTestTask.lambda$executeRecursively$1(NodeTestTask.java:166)
	at org.junit.platform.engine.support.hierarchical.Node.around(Node.java:138)
	at org.junit.platform.engine.support.hierarchical.NodeTestTask.lambda$executeRecursively$0(NodeTestTask.java:164)
	at org.junit.platform.engine.support.hierarchical.ThrowableCollector.execute(ThrowableCollector.java:74)
	at org.junit.platform.engine.support.hierarchical.NodeTestTask.executeRecursively(NodeTestTask.java:163)
	at org.junit.platform.engine.support.hierarchical.NodeTestTask.execute(NodeTestTask.java:116)
	at org.junit.platform.engine.support.hierarchical.SameThreadHierarchicalTestExecutorService.submit(SameThreadHierarchicalTestExecutorService.java:36)
	at org.junit.platform.engine.support.hierarchical.HierarchicalTestExecutor.execute(HierarchicalTestExecutor.java:52)
	at org.junit.platform.engine.support.hierarchical.HierarchicalTestEngine.execute(HierarchicalTestEngine.java:58)
	at org.junit.platform.launcher.core.EngineExecutionOrchestrator.executeEngine(EngineExecutionOrchestrator.java:246)
	at org.junit.platform.launcher.core.EngineExecutionOrchestrator.failOrExecuteEngine(EngineExecutionOrchestrator.java:218)
	at org.junit.platform.launcher.core.EngineExecutionOrchestrator.execute(EngineExecutionOrchestrator.java:179)
	at org.junit.platform.launcher.core.EngineExecutionOrchestrator.execute(EngineExecutionOrchestrator.java:108)
	at org.junit.platform.launcher.core.EngineExecutionOrchestrator.lambda$execute$0(EngineExecutionOrchestrator.java:66)
	at org.junit.platform.launcher.core.EngineExecutionOrchestrator.withInterceptedStreams(EngineExecutionOrchestrator.java:157)
	at org.junit.platform.launcher.core.EngineExecutionOrchestrator.execute(EngineExecutionOrchestrator.java:65)
	at org.junit.platform.launcher.core.DefaultLauncher.execute(DefaultLauncher.java:125)
	at org.junit.platform.launcher.core.DefaultLauncher.execute(DefaultLauncher.java:114)
	at org.junit.platform.launcher.core.DelegatingLauncher.execute(DelegatingLauncher.java:58)
	at org.junit.platform.launcher.core.InterceptingLauncher.lambda$execute$2(InterceptingLauncher.java:57)
	at org.junit.platform.launcher.core.ClasspathAlignmentCheckingLauncherInterceptor.intercept(ClasspathAlignmentCheckingLauncherInterceptor.java:25)
	at org.junit.platform.launcher.core.InterceptingLauncher.execute(InterceptingLauncher.java:56)
	at org.junit.platform.launcher.core.DelegatingLauncher.execute(DelegatingLauncher.java:58)
	at java.base/jdk.internal.reflect.DirectMethodHandleAccessor.invoke(DirectMethodHandleAccessor.java:104)
	at java.base/java.lang.reflect.Method.invoke(Method.java:565)
	at org.apache.maven.surefire.api.util.ReflectionUtils.invokeMethodWithArray(ReflectionUtils.java:125)
	at org.apache.maven.surefire.junitplatform.LauncherAdapter.executeWithCancellationToken(LauncherAdapter.java:68)
	at org.apache.maven.surefire.junitplatform.LauncherAdapter.execute(LauncherAdapter.java:54)
	at org.apache.maven.surefire.junitplatform.JUnitPlatformProvider.execute(JUnitPlatformProvider.java:203)
	at org.apache.maven.surefire.junitplatform.JUnitPlatformProvider.invokeAllTests(JUnitPlatformProvider.java:168)
	at org.apache.maven.surefire.junitplatform.JUnitPlatformProvider.invoke(JUnitPlatformProvider.java:136)
	at org.apache.maven.surefire.booter.ForkedBooter.runSuitesInProcess(ForkedBooter.java:385)
	at org.apache.maven.surefire.booter.ForkedBooter.execute(ForkedBooter.java:162)
	at org.apache.maven.surefire.booter.ForkedBooter.run(ForkedBooter.java:507)
	at org.apache.maven.surefire.booter.ForkedBooter.main(ForkedBooter.java:495)

2026-02-13 17:02:31,424 ERROR [com.fra.eng.eng.RuleEvaluator] (main) Monitoring evaluation error, returning DEGRADED decision envelope: java.lang.RuntimeException: boom
	at com.fraud.engine.engine.MonitoringEvaluator.evaluate(MonitoringEvaluator.java:30)
	at com.fraud.engine.engine.RuleEvaluator.dispatchEvaluation(RuleEvaluator.java:167)
	at com.fraud.engine.engine.RuleEvaluator.evaluate(RuleEvaluator.java:119)
	at com.fraud.engine.engine.RuleEvaluator.evaluate(RuleEvaluator.java:55)
	at com.fraud.engine.engine.RuleEvaluatorTest.testMONITORING_EvaluationErrorPreservesDecisionAndReturnsDegraded(RuleEvaluatorTest.java:273)
	at java.base/jdk.internal.reflect.DirectMethodHandleAccessor.invoke(DirectMethodHandleAccessor.java:104)
	at java.base/java.lang.reflect.Method.invoke(Method.java:565)
	at org.junit.platform.commons.util.ReflectionUtils.invokeMethod(ReflectionUtils.java:701)
	at org.junit.platform.commons.support.ReflectionSupport.invokeMethod(ReflectionSupport.java:502)
	at org.junit.jupiter.engine.support.MethodReflectionUtils.invoke(MethodReflectionUtils.java:45)
	at org.junit.jupiter.engine.execution.MethodInvocation.proceed(MethodInvocation.java:61)
	at org.junit.jupiter.engine.execution.InvocationInterceptorChain$ValidatingInvocation.proceed(InvocationInterceptorChain.java:124)
	at org.junit.jupiter.engine.extension.TimeoutExtension.intercept(TimeoutExtension.java:163)
	at org.junit.jupiter.engine.extension.TimeoutExtension.interceptTestableMethod(TimeoutExtension.java:148)
	at org.junit.jupiter.engine.extension.TimeoutExtension.interceptTestMethod(TimeoutExtension.java:86)
	at org.junit.jupiter.engine.execution.InterceptingExecutableInvoker$ReflectiveInterceptorCall.lambda$ofVoidMethod$0(InterceptingExecutableInvoker.java:123)
	at org.junit.jupiter.engine.execution.InterceptingExecutableInvoker.lambda$invoke$0(InterceptingExecutableInvoker.java:105)
	at org.junit.jupiter.engine.execution.InvocationInterceptorChain$InterceptedInvocation.proceed(InvocationInterceptorChain.java:99)
	at org.junit.jupiter.engine.execution.InvocationInterceptorChain.proceed(InvocationInterceptorChain.java:66)
	at org.junit.jupiter.engine.execution.InvocationInterceptorChain.chainAndInvoke(InvocationInterceptorChain.java:47)
	at org.junit.jupiter.engine.execution.InvocationInterceptorChain.invoke(InvocationInterceptorChain.java:39)
	at org.junit.jupiter.engine.execution.InterceptingExecutableInvoker.invoke(InterceptingExecutableInvoker.java:104)
	at org.junit.jupiter.engine.execution.InterceptingExecutableInvoker.invoke(InterceptingExecutableInvoker.java:98)
	at org.junit.jupiter.engine.execution.InterceptingExecutableInvoker.invokeVoid(InterceptingExecutableInvoker.java:71)
	at org.junit.jupiter.engine.descriptor.TestMethodTestDescriptor.lambda$invokeTestMethod$0(TestMethodTestDescriptor.java:219)
	at org.junit.platform.engine.support.hierarchical.ThrowableCollector.execute(ThrowableCollector.java:74)
	at org.junit.jupiter.engine.descriptor.TestMethodTestDescriptor.invokeTestMethod(TestMethodTestDescriptor.java:215)
	at org.junit.jupiter.engine.descriptor.TestMethodTestDescriptor.execute(TestMethodTestDescriptor.java:157)
	at org.junit.jupiter.engine.descriptor.TestMethodTestDescriptor.execute(TestMethodTestDescriptor.java:70)
	at org.junit.platform.engine.support.hierarchical.NodeTestTask.lambda$executeRecursively$2(NodeTestTask.java:176)
	at org.junit.platform.engine.support.hierarchical.ThrowableCollector.execute(ThrowableCollector.java:74)
	at org.junit.platform.engine.support.hierarchical.NodeTestTask.lambda$executeRecursively$1(NodeTestTask.java:166)
	at org.junit.platform.engine.support.hierarchical.Node.around(Node.java:138)
	at org.junit.platform.engine.support.hierarchical.NodeTestTask.lambda$executeRecursively$0(NodeTestTask.java:164)
	at org.junit.platform.engine.support.hierarchical.ThrowableCollector.execute(ThrowableCollector.java:74)
	at org.junit.platform.engine.support.hierarchical.NodeTestTask.executeRecursively(NodeTestTask.java:163)
	at org.junit.platform.engine.support.hierarchical.NodeTestTask.execute(NodeTestTask.java:116)
	at java.base/java.util.ArrayList.forEach(ArrayList.java:1604)
	at org.junit.platform.engine.support.hierarchical.SameThreadHierarchicalTestExecutorService.invokeAll(SameThreadHierarchicalTestExecutorService.java:42)
	at org.junit.platform.engine.support.hierarchical.NodeTestTask.lambda$executeRecursively$2(NodeTestTask.java:180)
	at org.junit.platform.engine.support.hierarchical.ThrowableCollector.execute(ThrowableCollector.java:74)
	at org.junit.platform.engine.support.hierarchical.NodeTestTask.lambda$executeRecursively$1(NodeTestTask.java:166)
	at org.junit.platform.engine.support.hierarchical.Node.around(Node.java:138)
	at org.junit.platform.engine.support.hierarchical.NodeTestTask.lambda$executeRecursively$0(NodeTestTask.java:164)
	at org.junit.platform.engine.support.hierarchical.ThrowableCollector.execute(ThrowableCollector.java:74)
	at org.junit.platform.engine.support.hierarchical.NodeTestTask.executeRecursively(NodeTestTask.java:163)
	at org.junit.platform.engine.support.hierarchical.NodeTestTask.execute(NodeTestTask.java:116)
	at java.base/java.util.ArrayList.forEach(ArrayList.java:1604)
	at org.junit.platform.engine.support.hierarchical.SameThreadHierarchicalTestExecutorService.invokeAll(SameThreadHierarchicalTestExecutorService.java:42)
	at org.junit.platform.engine.support.hierarchical.NodeTestTask.lambda$executeRecursively$2(NodeTestTask.java:180)
	at org.junit.platform.engine.support.hierarchical.ThrowableCollector.execute(ThrowableCollector.java:74)
	at org.junit.platform.engine.support.hierarchical.NodeTestTask.lambda$executeRecursively$1(NodeTestTask.java:166)
	at org.junit.platform.engine.support.hierarchical.Node.around(Node.java:138)
	at org.junit.platform.engine.support.hierarchical.NodeTestTask.lambda$executeRecursively$0(NodeTestTask.java:164)
	at org.junit.platform.engine.support.hierarchical.ThrowableCollector.execute(ThrowableCollector.java:74)
	at org.junit.platform.engine.support.hierarchical.NodeTestTask.executeRecursively(NodeTestTask.java:163)
	at org.junit.platform.engine.support.hierarchical.NodeTestTask.execute(NodeTestTask.java:116)
	at org.junit.platform.engine.support.hierarchical.SameThreadHierarchicalTestExecutorService.submit(SameThreadHierarchicalTestExecutorService.java:36)
	at org.junit.platform.engine.support.hierarchical.HierarchicalTestExecutor.execute(HierarchicalTestExecutor.java:52)
	at org.junit.platform.engine.support.hierarchical.HierarchicalTestEngine.execute(HierarchicalTestEngine.java:58)
	at org.junit.platform.launcher.core.EngineExecutionOrchestrator.executeEngine(EngineExecutionOrchestrator.java:246)
	at org.junit.platform.launcher.core.EngineExecutionOrchestrator.failOrExecuteEngine(EngineExecutionOrchestrator.java:218)
	at org.junit.platform.launcher.core.EngineExecutionOrchestrator.execute(EngineExecutionOrchestrator.java:179)
	at org.junit.platform.launcher.core.EngineExecutionOrchestrator.execute(EngineExecutionOrchestrator.java:108)
	at org.junit.platform.launcher.core.EngineExecutionOrchestrator.lambda$execute$0(EngineExecutionOrchestrator.java:66)
	at org.junit.platform.launcher.core.EngineExecutionOrchestrator.withInterceptedStreams(EngineExecutionOrchestrator.java:157)
	at org.junit.platform.launcher.core.EngineExecutionOrchestrator.execute(EngineExecutionOrchestrator.java:65)
	at org.junit.platform.launcher.core.DefaultLauncher.execute(DefaultLauncher.java:125)
	at org.junit.platform.launcher.core.DefaultLauncher.execute(DefaultLauncher.java:114)
	at org.junit.platform.launcher.core.DelegatingLauncher.execute(DelegatingLauncher.java:58)
	at org.junit.platform.launcher.core.InterceptingLauncher.lambda$execute$2(InterceptingLauncher.java:57)
	at org.junit.platform.launcher.core.ClasspathAlignmentCheckingLauncherInterceptor.intercept(ClasspathAlignmentCheckingLauncherInterceptor.java:25)
	at org.junit.platform.launcher.core.InterceptingLauncher.execute(InterceptingLauncher.java:56)
	at org.junit.platform.launcher.core.DelegatingLauncher.execute(DelegatingLauncher.java:58)
	at java.base/jdk.internal.reflect.DirectMethodHandleAccessor.invoke(DirectMethodHandleAccessor.java:104)
	at java.base/java.lang.reflect.Method.invoke(Method.java:565)
	at org.apache.maven.surefire.api.util.ReflectionUtils.invokeMethodWithArray(ReflectionUtils.java:125)
	at org.apache.maven.surefire.junitplatform.LauncherAdapter.executeWithCancellationToken(LauncherAdapter.java:68)
	at org.apache.maven.surefire.junitplatform.LauncherAdapter.execute(LauncherAdapter.java:54)
	at org.apache.maven.surefire.junitplatform.JUnitPlatformProvider.execute(JUnitPlatformProvider.java:203)
	at org.apache.maven.surefire.junitplatform.JUnitPlatformProvider.invokeAllTests(JUnitPlatformProvider.java:168)
	at org.apache.maven.surefire.junitplatform.JUnitPlatformProvider.invoke(JUnitPlatformProvider.java:136)
	at org.apache.maven.surefire.booter.ForkedBooter.runSuitesInProcess(ForkedBooter.java:385)
	at org.apache.maven.surefire.booter.ForkedBooter.execute(ForkedBooter.java:162)
	at org.apache.maven.surefire.booter.ForkedBooter.run(ForkedBooter.java:507)
	at org.apache.maven.surefire.booter.ForkedBooter.main(ForkedBooter.java:495)

2026-02-13 17:02:31,424 DEBUG [com.fra.eng.eng.RuleEvaluator] (main) Decision complete: id=beb35045-a5fa-44dd-a4e3-8fb7a73700da, decision=DECLINE, mode=DEGRADED, time=1ms
]]></system-out>
  </testcase>
  <testcase name="testEvaluationTypeEnumGetValue" classname="com.fraud.engine.engine.RuleEvaluatorTest" time="0.011"/>
  <testcase name="testEmptyRulesetApproves" classname="com.fraud.engine.engine.RuleEvaluatorTest" time="0.003">
    <system-out><![CDATA[2026-02-13 17:02:31,441 WARN  [com.fra.eng.eng.RuleEvaluator] (main) No rules to evaluate for ruleset: EMPTY/v1
2026-02-13 17:02:31,442 DEBUG [com.fra.eng.eng.RuleEvaluator] (main) Decision complete: id=e23e281a-ddc1-4655-9a50-2776c4322ad1, decision=APPROVE, mode=NORMAL, time=1ms
]]></system-out>
  </testcase>
  <testcase name="testAUTH_EvaluationErrorRemainsFailOpenApprove" classname="com.fraud.engine.engine.RuleEvaluatorTest" time="0.146">
    <system-out><![CDATA[2026-02-13 17:02:31,588 ERROR [com.fra.eng.eng.RuleEvaluator] (main) Error during rule evaluation: java.lang.RuntimeException: boom
	at com.fraud.engine.engine.AuthEvaluator.evaluate(AuthEvaluator.java:31)
	at com.fraud.engine.engine.RuleEvaluator.dispatchEvaluation(RuleEvaluator.java:165)
	at com.fraud.engine.engine.RuleEvaluator.evaluate(RuleEvaluator.java:119)
	at com.fraud.engine.engine.RuleEvaluator.evaluate(RuleEvaluator.java:55)
	at com.fraud.engine.engine.RuleEvaluatorTest.testAUTH_EvaluationErrorRemainsFailOpenApprove(RuleEvaluatorTest.java:289)
	at java.base/jdk.internal.reflect.DirectMethodHandleAccessor.invoke(DirectMethodHandleAccessor.java:104)
	at java.base/java.lang.reflect.Method.invoke(Method.java:565)
	at org.junit.platform.commons.util.ReflectionUtils.invokeMethod(ReflectionUtils.java:701)
	at org.junit.platform.commons.support.ReflectionSupport.invokeMethod(ReflectionSupport.java:502)
	at org.junit.jupiter.engine.support.MethodReflectionUtils.invoke(MethodReflectionUtils.java:45)
	at org.junit.jupiter.engine.execution.MethodInvocation.proceed(MethodInvocation.java:61)
	at org.junit.jupiter.engine.execution.InvocationInterceptorChain$ValidatingInvocation.proceed(InvocationInterceptorChain.java:124)
	at org.junit.jupiter.engine.extension.TimeoutExtension.intercept(TimeoutExtension.java:163)
	at org.junit.jupiter.engine.extension.TimeoutExtension.interceptTestableMethod(TimeoutExtension.java:148)
	at org.junit.jupiter.engine.extension.TimeoutExtension.interceptTestMethod(TimeoutExtension.java:86)
	at org.junit.jupiter.engine.execution.InterceptingExecutableInvoker$ReflectiveInterceptorCall.lambda$ofVoidMethod$0(InterceptingExecutableInvoker.java:123)
	at org.junit.jupiter.engine.execution.InterceptingExecutableInvoker.lambda$invoke$0(InterceptingExecutableInvoker.java:105)
	at org.junit.jupiter.engine.execution.InvocationInterceptorChain$InterceptedInvocation.proceed(InvocationInterceptorChain.java:99)
	at org.junit.jupiter.engine.execution.InvocationInterceptorChain.proceed(InvocationInterceptorChain.java:66)
	at org.junit.jupiter.engine.execution.InvocationInterceptorChain.chainAndInvoke(InvocationInterceptorChain.java:47)
	at org.junit.jupiter.engine.execution.InvocationInterceptorChain.invoke(InvocationInterceptorChain.java:39)
	at org.junit.jupiter.engine.execution.InterceptingExecutableInvoker.invoke(InterceptingExecutableInvoker.java:104)
	at org.junit.jupiter.engine.execution.InterceptingExecutableInvoker.invoke(InterceptingExecutableInvoker.java:98)
	at org.junit.jupiter.engine.execution.InterceptingExecutableInvoker.invokeVoid(InterceptingExecutableInvoker.java:71)
	at org.junit.jupiter.engine.descriptor.TestMethodTestDescriptor.lambda$invokeTestMethod$0(TestMethodTestDescriptor.java:219)
	at org.junit.platform.engine.support.hierarchical.ThrowableCollector.execute(ThrowableCollector.java:74)
	at org.junit.jupiter.engine.descriptor.TestMethodTestDescriptor.invokeTestMethod(TestMethodTestDescriptor.java:215)
	at org.junit.jupiter.engine.descriptor.TestMethodTestDescriptor.execute(TestMethodTestDescriptor.java:157)
	at org.junit.jupiter.engine.descriptor.TestMethodTestDescriptor.execute(TestMethodTestDescriptor.java:70)
	at org.junit.platform.engine.support.hierarchical.NodeTestTask.lambda$executeRecursively$2(NodeTestTask.java:176)
	at org.junit.platform.engine.support.hierarchical.ThrowableCollector.execute(ThrowableCollector.java:74)
	at org.junit.platform.engine.support.hierarchical.NodeTestTask.lambda$executeRecursively$1(NodeTestTask.java:166)
	at org.junit.platform.engine.support.hierarchical.Node.around(Node.java:138)
	at org.junit.platform.engine.support.hierarchical.NodeTestTask.lambda$executeRecursively$0(NodeTestTask.java:164)
	at org.junit.platform.engine.support.hierarchical.ThrowableCollector.execute(ThrowableCollector.java:74)
	at org.junit.platform.engine.support.hierarchical.NodeTestTask.executeRecursively(NodeTestTask.java:163)
	at org.junit.platform.engine.support.hierarchical.NodeTestTask.execute(NodeTestTask.java:116)
	at java.base/java.util.ArrayList.forEach(ArrayList.java:1604)
	at org.junit.platform.engine.support.hierarchical.SameThreadHierarchicalTestExecutorService.invokeAll(SameThreadHierarchicalTestExecutorService.java:42)
	at org.junit.platform.engine.support.hierarchical.NodeTestTask.lambda$executeRecursively$2(NodeTestTask.java:180)
	at org.junit.platform.engine.support.hierarchical.ThrowableCollector.execute(ThrowableCollector.java:74)
	at org.junit.platform.engine.support.hierarchical.NodeTestTask.lambda$executeRecursively$1(NodeTestTask.java:166)
	at org.junit.platform.engine.support.hierarchical.Node.around(Node.java:138)
	at org.junit.platform.engine.support.hierarchical.NodeTestTask.lambda$executeRecursively$0(NodeTestTask.java:164)
	at org.junit.platform.engine.support.hierarchical.ThrowableCollector.execute(ThrowableCollector.java:74)
	at org.junit.platform.engine.support.hierarchical.NodeTestTask.executeRecursively(NodeTestTask.java:163)
	at org.junit.platform.engine.support.hierarchical.NodeTestTask.execute(NodeTestTask.java:116)
	at java.base/java.util.ArrayList.forEach(ArrayList.java:1604)
	at org.junit.platform.engine.support.hierarchical.SameThreadHierarchicalTestExecutorService.invokeAll(SameThreadHierarchicalTestExecutorService.java:42)
	at org.junit.platform.engine.support.hierarchical.NodeTestTask.lambda$executeRecursively$2(NodeTestTask.java:180)
	at org.junit.platform.engine.support.hierarchical.ThrowableCollector.execute(ThrowableCollector.java:74)
	at org.junit.platform.engine.support.hierarchical.NodeTestTask.lambda$executeRecursively$1(NodeTestTask.java:166)
	at org.junit.platform.engine.support.hierarchical.Node.around(Node.java:138)
	at org.junit.platform.engine.support.hierarchical.NodeTestTask.lambda$executeRecursively$0(NodeTestTask.java:164)
	at org.junit.platform.engine.support.hierarchical.ThrowableCollector.execute(ThrowableCollector.java:74)
	at org.junit.platform.engine.support.hierarchical.NodeTestTask.executeRecursively(NodeTestTask.java:163)
	at org.junit.platform.engine.support.hierarchical.NodeTestTask.execute(NodeTestTask.java:116)
	at org.junit.platform.engine.support.hierarchical.SameThreadHierarchicalTestExecutorService.submit(SameThreadHierarchicalTestExecutorService.java:36)
	at org.junit.platform.engine.support.hierarchical.HierarchicalTestExecutor.execute(HierarchicalTestExecutor.java:52)
	at org.junit.platform.engine.support.hierarchical.HierarchicalTestEngine.execute(HierarchicalTestEngine.java:58)
	at org.junit.platform.launcher.core.EngineExecutionOrchestrator.executeEngine(EngineExecutionOrchestrator.java:246)
	at org.junit.platform.launcher.core.EngineExecutionOrchestrator.failOrExecuteEngine(EngineExecutionOrchestrator.java:218)
	at org.junit.platform.launcher.core.EngineExecutionOrchestrator.execute(EngineExecutionOrchestrator.java:179)
	at org.junit.platform.launcher.core.EngineExecutionOrchestrator.execute(EngineExecutionOrchestrator.java:108)
	at org.junit.platform.launcher.core.EngineExecutionOrchestrator.lambda$execute$0(EngineExecutionOrchestrator.java:66)
	at org.junit.platform.launcher.core.EngineExecutionOrchestrator.withInterceptedStreams(EngineExecutionOrchestrator.java:157)
	at org.junit.platform.launcher.core.EngineExecutionOrchestrator.execute(EngineExecutionOrchestrator.java:65)
	at org.junit.platform.launcher.core.DefaultLauncher.execute(DefaultLauncher.java:125)
	at org.junit.platform.launcher.core.DefaultLauncher.execute(DefaultLauncher.java:114)
	at org.junit.platform.launcher.core.DelegatingLauncher.execute(DelegatingLauncher.java:58)
	at org.junit.platform.launcher.core.InterceptingLauncher.lambda$execute$2(InterceptingLauncher.java:57)
	at org.junit.platform.launcher.core.ClasspathAlignmentCheckingLauncherInterceptor.intercept(ClasspathAlignmentCheckingLauncherInterceptor.java:25)
	at org.junit.platform.launcher.core.InterceptingLauncher.execute(InterceptingLauncher.java:56)
	at org.junit.platform.launcher.core.DelegatingLauncher.execute(DelegatingLauncher.java:58)
	at java.base/jdk.internal.reflect.DirectMethodHandleAccessor.invoke(DirectMethodHandleAccessor.java:104)
	at java.base/java.lang.reflect.Method.invoke(Method.java:565)
	at org.apache.maven.surefire.api.util.ReflectionUtils.invokeMethodWithArray(ReflectionUtils.java:125)
	at org.apache.maven.surefire.junitplatform.LauncherAdapter.executeWithCancellationToken(LauncherAdapter.java:68)
	at org.apache.maven.surefire.junitplatform.LauncherAdapter.execute(LauncherAdapter.java:54)
	at org.apache.maven.surefire.junitplatform.JUnitPlatformProvider.execute(JUnitPlatformProvider.java:203)
	at org.apache.maven.surefire.junitplatform.JUnitPlatformProvider.invokeAllTests(JUnitPlatformProvider.java:168)
	at org.apache.maven.surefire.junitplatform.JUnitPlatformProvider.invoke(JUnitPlatformProvider.java:136)
	at org.apache.maven.surefire.booter.ForkedBooter.runSuitesInProcess(ForkedBooter.java:385)
	at org.apache.maven.surefire.booter.ForkedBooter.execute(ForkedBooter.java:162)
	at org.apache.maven.surefire.booter.ForkedBooter.run(ForkedBooter.java:507)
	at org.apache.maven.surefire.booter.ForkedBooter.main(ForkedBooter.java:495)

2026-02-13 17:02:31,588 ERROR [com.fra.eng.eng.RuleEvaluator] (main) Evaluation error, defaulting to APPROVE (fail-open): java.lang.RuntimeException: boom
	at com.fraud.engine.engine.AuthEvaluator.evaluate(AuthEvaluator.java:31)
	at com.fraud.engine.engine.RuleEvaluator.dispatchEvaluation(RuleEvaluator.java:165)
	at com.fraud.engine.engine.RuleEvaluator.evaluate(RuleEvaluator.java:119)
	at com.fraud.engine.engine.RuleEvaluator.evaluate(RuleEvaluator.java:55)
	at com.fraud.engine.engine.RuleEvaluatorTest.testAUTH_EvaluationErrorRemainsFailOpenApprove(RuleEvaluatorTest.java:289)
	at java.base/jdk.internal.reflect.DirectMethodHandleAccessor.invoke(DirectMethodHandleAccessor.java:104)
	at java.base/java.lang.reflect.Method.invoke(Method.java:565)
	at org.junit.platform.commons.util.ReflectionUtils.invokeMethod(ReflectionUtils.java:701)
	at org.junit.platform.commons.support.ReflectionSupport.invokeMethod(ReflectionSupport.java:502)
	at org.junit.jupiter.engine.support.MethodReflectionUtils.invoke(MethodReflectionUtils.java:45)
	at org.junit.jupiter.engine.execution.MethodInvocation.proceed(MethodInvocation.java:61)
	at org.junit.jupiter.engine.execution.InvocationInterceptorChain$ValidatingInvocation.proceed(InvocationInterceptorChain.java:124)
	at org.junit.jupiter.engine.extension.TimeoutExtension.intercept(TimeoutExtension.java:163)
	at org.junit.jupiter.engine.extension.TimeoutExtension.interceptTestableMethod(TimeoutExtension.java:148)
	at org.junit.jupiter.engine.extension.TimeoutExtension.interceptTestMethod(TimeoutExtension.java:86)
	at org.junit.jupiter.engine.execution.InterceptingExecutableInvoker$ReflectiveInterceptorCall.lambda$ofVoidMethod$0(InterceptingExecutableInvoker.java:123)
	at org.junit.jupiter.engine.execution.InterceptingExecutableInvoker.lambda$invoke$0(InterceptingExecutableInvoker.java:105)
	at org.junit.jupiter.engine.execution.InvocationInterceptorChain$InterceptedInvocation.proceed(InvocationInterceptorChain.java:99)
	at org.junit.jupiter.engine.execution.InvocationInterceptorChain.proceed(InvocationInterceptorChain.java:66)
	at org.junit.jupiter.engine.execution.InvocationInterceptorChain.chainAndInvoke(InvocationInterceptorChain.java:47)
	at org.junit.jupiter.engine.execution.InvocationInterceptorChain.invoke(InvocationInterceptorChain.java:39)
	at org.junit.jupiter.engine.execution.InterceptingExecutableInvoker.invoke(InterceptingExecutableInvoker.java:104)
	at org.junit.jupiter.engine.execution.InterceptingExecutableInvoker.invoke(InterceptingExecutableInvoker.java:98)
	at org.junit.jupiter.engine.execution.InterceptingExecutableInvoker.invokeVoid(InterceptingExecutableInvoker.java:71)
	at org.junit.jupiter.engine.descriptor.TestMethodTestDescriptor.lambda$invokeTestMethod$0(TestMethodTestDescriptor.java:219)
	at org.junit.platform.engine.support.hierarchical.ThrowableCollector.execute(ThrowableCollector.java:74)
	at org.junit.jupiter.engine.descriptor.TestMethodTestDescriptor.invokeTestMethod(TestMethodTestDescriptor.java:215)
	at org.junit.jupiter.engine.descriptor.TestMethodTestDescriptor.execute(TestMethodTestDescriptor.java:157)
	at org.junit.jupiter.engine.descriptor.TestMethodTestDescriptor.execute(TestMethodTestDescriptor.java:70)
	at org.junit.platform.engine.support.hierarchical.NodeTestTask.lambda$executeRecursively$2(NodeTestTask.java:176)
	at org.junit.platform.engine.support.hierarchical.ThrowableCollector.execute(ThrowableCollector.java:74)
	at org.junit.platform.engine.support.hierarchical.NodeTestTask.lambda$executeRecursively$1(NodeTestTask.java:166)
	at org.junit.platform.engine.support.hierarchical.Node.around(Node.java:138)
	at org.junit.platform.engine.support.hierarchical.NodeTestTask.lambda$executeRecursively$0(NodeTestTask.java:164)
	at org.junit.platform.engine.support.hierarchical.ThrowableCollector.execute(ThrowableCollector.java:74)
	at org.junit.platform.engine.support.hierarchical.NodeTestTask.executeRecursively(NodeTestTask.java:163)
	at org.junit.platform.engine.support.hierarchical.NodeTestTask.execute(NodeTestTask.java:116)
	at java.base/java.util.ArrayList.forEach(ArrayList.java:1604)
	at org.junit.platform.engine.support.hierarchical.SameThreadHierarchicalTestExecutorService.invokeAll(SameThreadHierarchicalTestExecutorService.java:42)
	at org.junit.platform.engine.support.hierarchical.NodeTestTask.lambda$executeRecursively$2(NodeTestTask.java:180)
	at org.junit.platform.engine.support.hierarchical.ThrowableCollector.execute(ThrowableCollector.java:74)
	at org.junit.platform.engine.support.hierarchical.NodeTestTask.lambda$executeRecursively$1(NodeTestTask.java:166)
	at org.junit.platform.engine.support.hierarchical.Node.around(Node.java:138)
	at org.junit.platform.engine.support.hierarchical.NodeTestTask.lambda$executeRecursively$0(NodeTestTask.java:164)
	at org.junit.platform.engine.support.hierarchical.ThrowableCollector.execute(ThrowableCollector.java:74)
	at org.junit.platform.engine.support.hierarchical.NodeTestTask.executeRecursively(NodeTestTask.java:163)
	at org.junit.platform.engine.support.hierarchical.NodeTestTask.execute(NodeTestTask.java:116)
	at java.base/java.util.ArrayList.forEach(ArrayList.java:1604)
	at org.junit.platform.engine.support.hierarchical.SameThreadHierarchicalTestExecutorService.invokeAll(SameThreadHierarchicalTestExecutorService.java:42)
	at org.junit.platform.engine.support.hierarchical.NodeTestTask.lambda$executeRecursively$2(NodeTestTask.java:180)
	at org.junit.platform.engine.support.hierarchical.ThrowableCollector.execute(ThrowableCollector.java:74)
	at org.junit.platform.engine.support.hierarchical.NodeTestTask.lambda$executeRecursively$1(NodeTestTask.java:166)
	at org.junit.platform.engine.support.hierarchical.Node.around(Node.java:138)
	at org.junit.platform.engine.support.hierarchical.NodeTestTask.lambda$executeRecursively$0(NodeTestTask.java:164)
	at org.junit.platform.engine.support.hierarchical.ThrowableCollector.execute(ThrowableCollector.java:74)
	at org.junit.platform.engine.support.hierarchical.NodeTestTask.executeRecursively(NodeTestTask.java:163)
	at org.junit.platform.engine.support.hierarchical.NodeTestTask.execute(NodeTestTask.java:116)
	at org.junit.platform.engine.support.hierarchical.SameThreadHierarchicalTestExecutorService.submit(SameThreadHierarchicalTestExecutorService.java:36)
	at org.junit.platform.engine.support.hierarchical.HierarchicalTestExecutor.execute(HierarchicalTestExecutor.java:52)
	at org.junit.platform.engine.support.hierarchical.HierarchicalTestEngine.execute(HierarchicalTestEngine.java:58)
	at org.junit.platform.launcher.core.EngineExecutionOrchestrator.executeEngine(EngineExecutionOrchestrator.java:246)
	at org.junit.platform.launcher.core.EngineExecutionOrchestrator.failOrExecuteEngine(EngineExecutionOrchestrator.java:218)
	at org.junit.platform.launcher.core.EngineExecutionOrchestrator.execute(EngineExecutionOrchestrator.java:179)
	at org.junit.platform.launcher.core.EngineExecutionOrchestrator.execute(EngineExecutionOrchestrator.java:108)
	at org.junit.platform.launcher.core.EngineExecutionOrchestrator.lambda$execute$0(EngineExecutionOrchestrator.java:66)
	at org.junit.platform.launcher.core.EngineExecutionOrchestrator.withInterceptedStreams(EngineExecutionOrchestrator.java:157)
	at org.junit.platform.launcher.core.EngineExecutionOrchestrator.execute(EngineExecutionOrchestrator.java:65)
	at org.junit.platform.launcher.core.DefaultLauncher.execute(DefaultLauncher.java:125)
	at org.junit.platform.launcher.core.DefaultLauncher.execute(DefaultLauncher.java:114)
	at org.junit.platform.launcher.core.DelegatingLauncher.execute(DelegatingLauncher.java:58)
	at org.junit.platform.launcher.core.InterceptingLauncher.lambda$execute$2(InterceptingLauncher.java:57)
	at org.junit.platform.launcher.core.ClasspathAlignmentCheckingLauncherInterceptor.intercept(ClasspathAlignmentCheckingLauncherInterceptor.java:25)
	at org.junit.platform.launcher.core.InterceptingLauncher.execute(InterceptingLauncher.java:56)
	at org.junit.platform.launcher.core.DelegatingLauncher.execute(DelegatingLauncher.java:58)
	at java.base/jdk.internal.reflect.DirectMethodHandleAccessor.invoke(DirectMethodHandleAccessor.java:104)
	at java.base/java.lang.reflect.Method.invoke(Method.java:565)
	at org.apache.maven.surefire.api.util.ReflectionUtils.invokeMethodWithArray(ReflectionUtils.java:125)
	at org.apache.maven.surefire.junitplatform.LauncherAdapter.executeWithCancellationToken(LauncherAdapter.java:68)
	at org.apache.maven.surefire.junitplatform.LauncherAdapter.execute(LauncherAdapter.java:54)
	at org.apache.maven.surefire.junitplatform.JUnitPlatformProvider.execute(JUnitPlatformProvider.java:203)
	at org.apache.maven.surefire.junitplatform.JUnitPlatformProvider.invokeAllTests(JUnitPlatformProvider.java:168)
	at org.apache.maven.surefire.junitplatform.JUnitPlatformProvider.invoke(JUnitPlatformProvider.java:136)
	at org.apache.maven.surefire.booter.ForkedBooter.runSuitesInProcess(ForkedBooter.java:385)
	at org.apache.maven.surefire.booter.ForkedBooter.execute(ForkedBooter.java:162)
	at org.apache.maven.surefire.booter.ForkedBooter.run(ForkedBooter.java:507)
	at org.apache.maven.surefire.booter.ForkedBooter.main(ForkedBooter.java:495)

2026-02-13 17:02:31,589 DEBUG [com.fra.eng.eng.RuleEvaluator] (main) Decision complete: id=7946ae07-472c-42df-bf30-060c1273eb48, decision=APPROVE, mode=FAIL_OPEN, time=2ms
]]></system-out>
  </testcase>
  <testcase name="testMONITORING_NoMatchApproves" classname="com.fraud.engine.engine.RuleEvaluatorTest" time="0.004">
    <system-out><![CDATA[2026-02-13 17:02:31,593 DEBUG [com.fra.eng.eng.MonitoringEvaluator] (main) MONITORING evaluation: 2 rules to evaluate
2026-02-13 17:02:31,594 DEBUG [com.fra.eng.eng.MonitoringEvaluator] (main) Evaluating rule: high-amount (High Amount)
2026-02-13 17:02:31,594 DEBUG [com.fra.eng.eng.MonitoringEvaluator] (main) Evaluating rule: high-risk-country (High Risk Country)
2026-02-13 17:02:31,594 DEBUG [com.fra.eng.eng.MonitoringEvaluator] (main) MONITORING evaluation complete: 0 matched, decision: APPROVE
2026-02-13 17:02:31,594 DEBUG [com.fra.eng.eng.RuleEvaluator] (main) Decision complete: id=c1636a5c-36ff-41d1-82b9-7d978aabd243, decision=APPROVE, mode=NORMAL, time=1ms
]]></system-out>
  </testcase>
  <testcase name="testDecisionHasProcessingTime" classname="com.fraud.engine.engine.RuleEvaluatorTest" time="0.008">
    <system-out><![CDATA[2026-02-13 17:02:31,603 DEBUG [com.fra.eng.eng.AuthEvaluator] (main) AUTH evaluation: 3 rules to evaluate
2026-02-13 17:02:31,603 DEBUG [com.fra.eng.eng.AuthEvaluator] (main) Evaluating rule: high-amount (High Amount)
2026-02-13 17:02:31,603 DEBUG [com.fra.eng.eng.AuthEvaluator] (main) Evaluating rule: high-risk-country (High Risk Country)
2026-02-13 17:02:31,603 DEBUG [com.fra.eng.eng.AuthEvaluator] (main) Evaluating rule: default-approve (Default Approve)
2026-02-13 17:02:31,603 DEBUG [com.fra.eng.eng.AuthEvaluator] (main) Rule matched: default-approve (Default Approve) - Action: APPROVE
2026-02-13 17:02:31,603 DEBUG [com.fra.eng.eng.RuleEvaluator] (main) Decision complete: id=cfc890cf-be85-4c7e-ba2a-efbf6cbb0b38, decision=APPROVE, mode=NORMAL, time=0ms
]]></system-out>
  </testcase>
  <testcase name="testMONITORING_MissingDecision_MarksDegraded" classname="com.fraud.engine.engine.RuleEvaluatorTest" time="0.005">
    <system-out><![CDATA[2026-02-13 17:02:31,608 DEBUG [com.fra.eng.eng.MonitoringEvaluator] (main) MONITORING evaluation: 2 rules to evaluate
2026-02-13 17:02:31,608 DEBUG [com.fra.eng.eng.MonitoringEvaluator] (main) Evaluating rule: high-amount (High Amount)
2026-02-13 17:02:31,608 DEBUG [com.fra.eng.eng.MonitoringEvaluator] (main) Rule matched: high-amount (High Amount) - Action: REVIEW
2026-02-13 17:02:31,608 DEBUG [com.fra.eng.eng.MonitoringEvaluator] (main) Evaluating rule: high-risk-country (High Risk Country)
2026-02-13 17:02:31,609 WARN  [com.fra.eng.eng.MonitoringEvaluator] (main) MONITORING decision missing; defaulting to APPROVE
2026-02-13 17:02:31,609 DEBUG [com.fra.eng.eng.MonitoringEvaluator] (main) MONITORING evaluation complete: 1 matched, decision: APPROVE
2026-02-13 17:02:31,609 DEBUG [com.fra.eng.eng.RuleEvaluator] (main) Decision complete: id=d2fb8958-9fbe-422a-9004-6e6b69197c65, decision=APPROVE, mode=DEGRADED, time=1ms
]]></system-out>
  </testcase>
  <testcase name="testDecisionHasEvaluationType" classname="com.fraud.engine.engine.RuleEvaluatorTest" time="0.007">
    <system-out><![CDATA[2026-02-13 17:02:31,615 DEBUG [com.fra.eng.eng.AuthEvaluator] (main) AUTH evaluation: 3 rules to evaluate
2026-02-13 17:02:31,616 DEBUG [com.fra.eng.eng.AuthEvaluator] (main) Evaluating rule: high-amount (High Amount)
2026-02-13 17:02:31,616 DEBUG [com.fra.eng.eng.AuthEvaluator] (main) Evaluating rule: high-risk-country (High Risk Country)
2026-02-13 17:02:31,616 DEBUG [com.fra.eng.eng.AuthEvaluator] (main) Evaluating rule: default-approve (Default Approve)
2026-02-13 17:02:31,616 DEBUG [com.fra.eng.eng.AuthEvaluator] (main) Rule matched: default-approve (Default Approve) - Action: APPROVE
2026-02-13 17:02:31,616 DEBUG [com.fra.eng.eng.RuleEvaluator] (main) Decision complete: id=e0cfc71b-5739-4d67-b4d7-84a2eef9ca66, decision=APPROVE, mode=NORMAL, time=1ms
]]></system-out>
  </testcase>
  <testcase name="testDisabledRuleNotEvaluated" classname="com.fraud.engine.engine.RuleEvaluatorTest" time="0.003">
    <system-out><![CDATA[2026-02-13 17:02:31,621 WARN  [com.fra.eng.eng.RuleEvaluator] (main) No rules to evaluate for ruleset: CARD_AUTH/v1
2026-02-13 17:02:31,621 DEBUG [com.fra.eng.eng.RuleEvaluator] (main) Decision complete: id=0e18997b-590c-4bf6-a02f-76222723ebcc, decision=APPROVE, mode=NORMAL, time=0ms
]]></system-out>
  </testcase>
</testsuite>