<?xml version="1.0" encoding="UTF-8"?>
<testsuite xmlns:xsi="http://www.w3.org/2001/XMLSchema-instance" xsi:noNamespaceSchemaLocation="https://maven.apache.org/surefire/maven-surefire-plugin/xsd/surefire-test-report.xsd" version="3.0.2" name="com.fraud.engine.domain.RulesetTest" time="0.011" tests="8" errors="0" skipped="0" failures="0">
  <properties>
[...]
</properties>
  <testcase name="testRulesetInequality" classname="com.fraud.engine.domain.RulesetTest" time="0.001"/>
  <testcase name="testRulesetCreation" classname="com.fraud.engine.domain.RulesetTest" time="0.001"/>
  <testcase name="testFullKey" classname="com.fraud.engine.domain.RulesetTest" time="0.001"/>
  <testcase name="testRulesetToString" classname="com.fraud.engine.domain.RulesetTest" time="0.003"/>
  <testcase name="testGetRulesByPriority" classname="com.fraud.engine.domain.RulesetTest" time="0.002"/>
  <testcase name="testRulesetWithRules" classname="com.fraud.engine.domain.RulesetTest" time="0.0"/>
  <testcase name="testRulesetInequalityDifferentKey" classname="com.fraud.engine.domain.RulesetTest" time="0.0"/>
  <testcase name="testRulesetEquality" classname="com.fraud.engine.domain.RulesetTest" time="0.0"/>
</testsuite>