<?xml version="1.0" encoding="UTF-8"?>
<testsuite xmlns:xsi="http://www.w3.org/2001/XMLSchema-instance" xsi:noNamespaceSchemaLocation="https://maven.apache.org/surefire/maven-surefire-plugin/xsd/surefire-test-report.xsd" version="3.0.2" name="com.fraud.engine.engine.RuleEvaluatorTest" time="0.931" tests="23" errors="0" skipped="0" failures="0">
  <properties>
    <property name="java.specification.version" value="25"/>
    <property name="sun.cpu.isalist" value="amd64"/>
    <property name="sun.jnu.encoding" value="Cp1252"/>
    <property name="io.quarkus.security.http.test-if-basic-auth-implicitly-required" value="true"/>
    <property name="java.class.path" value="C:\Users\kanna\github\card-fraud-rule-engine-monitoring\target\test-classes;C:\Users\kanna\github\card-fraud-rule-engine-monitoring\target\classes;C:\Users\kanna\.m2\repository\io\quarkus\quarkus-arc\3.31.2\quarkus-arc-3.31.2.jar;C:\Users\kanna\.m2\repository\io\quarkus\arc\arc\3.31.2\arc-3.31.2.jar;C:\Users\kanna\.m2\repository\jakarta\transaction\jakarta.transaction-api\2.0.1\jakarta.transaction-api-2.0.1.jar;C:\Users\kanna\.m2\repository\io\smallrye\reactive\mutiny\3.1.0\mutiny-3.1.0.jar;C:\Users\kanna\.m2\repository\org\jctools\jctools-core\4.0.5\jctools-core-4.0.5.jar;C:\Users\kanna\.m2\repository\org\jboss\logging\jboss-logging\3.6.2.Final\jboss-logging-3.6.2.Final.jar;C:\Users\kanna\.m2\repository\io\quarkus\quarkus-core\3.31.2\quarkus-core-3.31.2.jar;C:\Users\kanna\.m2\repository\jakarta\inject\jakarta.inject-api\2.0.1\jakarta.inject-api-2.0.1.jar;C:\Users\kanna\.m2\repository\io\smallrye\common\smallrye-common-os\2.15.0\smallrye-common-os-2.15.0.jar;C:\Users\kanna\.m2\repository\io\quarkus\quarkus-ide-launcher\3.31.2\quarkus-ide-launcher-3.31.2.jar;C:\Users\kanna\.m2\repository\io\quarkus\quarkus-development-mode-spi\3.31.2\quarkus-development-mode-spi-3.31.2.jar;C:\Users\kanna\.m2\repository\io\smallrye\config\smallrye-config\3.15.1\smallrye-config-3.15.1.jar;C:\Users\kanna\.m2\repository\io\smallrye\config\smallrye-config-core\3.15.1\smallrye-config-core-3.15.1.jar;C:\Users\kanna\.m2\repository\org\jboss\logmanager\jboss-logmanager\3.2.0.Final\jboss-logmanager-3.2.0.Final.jar;C:\Users\kanna\.m2\repository\io\smallrye\common\smallrye-common-cpu\2.15.0\smallrye-common-cpu-2.15.0.jar;C:\Users\kanna\.m2\repository\io\smallrye\common\smallrye-common-expression\2.15.0\smallrye-common-expression-2.15.0.jar;C:\Users\kanna\.m2\repository\io\smallrye\common\smallrye-common-net\2.15.0\smallrye-common-net-2.15.0.jar;C:\Users\kanna\.m2\repository\io\smallrye\common\smallrye-common-ref\2.15.0\smallrye-common-ref-2.15.0.jar;C:\Users\kanna\.m2\repository\org\jboss\threads\jboss-threads\3.9.2\jboss-threads-3.9.2.jar;C:\Users\kanna\.m2\repository\io\smallrye\common\smallrye-common-function\2.15.0\smallrye-common-function-2.15.0.jar;C:\Users\kanna\.m2\repository\org\slf4j\slf4j-api\2.0.17\slf4j-api-2.0.17.jar;C:\Users\kanna\.m2\repository\org\jboss\slf4j\slf4j-jboss-logmanager\2.0.2.Final\slf4j-jboss-logmanager-2.0.2.Final.jar;C:\Users\kanna\.m2\repository\org\wildfly\common\wildfly-common\2.0.1\wildfly-common-2.0.1.jar;C:\Users\kanna\.m2\repository\io\quarkus\quarkus-registry\3.31.2\quarkus-registry-3.31.2.jar;C:\Users\kanna\.m2\repository\io\quarkus\quarkus-bootstrap-runner\3.31.2\quarkus-bootstrap-runner-3.31.2.jar;C:\Users\kanna\.m2\repository\io\quarkus\quarkus-fs-util\1.3.0\quarkus-fs-util-1.3.0.jar;C:\Users\kanna\.m2\repository\org\eclipse\microprofile\context-propagation\microprofile-context-propagation-api\1.3\microprofile-context-propagation-api-1.3.jar;C:\Users\kanna\.m2\repository\io\quarkus\quarkus-rest\3.31.2\quarkus-rest-3.31.2.jar;C:\Users\kanna\.m2\repository\io\quarkus\quarkus-rest-common\3.31.2\quarkus-rest-common-3.31.2.jar;C:\Users\kanna\.m2\repository\io\quarkus\resteasy\reactive\resteasy-reactive-common\3.31.2\resteasy-reactive-common-3.31.2.jar;C:\Users\kanna\.m2\repository\io\quarkus\resteasy\reactive\resteasy-reactive-common-types\3.31.2\resteasy-reactive-common-types-3.31.2.jar;C:\Users\kanna\.m2\repository\io\quarkus\resteasy\reactive\resteasy-reactive-vertx\3.31.2\resteasy-reactive-vertx-3.31.2.jar;C:\Users\kanna\.m2\repository\io\vertx\vertx-web\4.5.24\vertx-web-4.5.24.jar;C:\Users\kanna\.m2\repository\io\vertx\vertx-web-common\4.5.24\vertx-web-common-4.5.24.jar;C:\Users\kanna\.m2\repository\io\vertx\vertx-auth-common\4.5.24\vertx-auth-common-4.5.24.jar;C:\Users\kanna\.m2\repository\io\vertx\vertx-bridge-common\4.5.24\vertx-bridge-common-4.5.24.jar;C:\Users\kanna\.m2\repository\io\smallrye\reactive\smallrye-mutiny-vertx-core\3.21.4\smallrye-mutiny-vertx-core-3.21.4.jar;C:\Users\kanna\.m2\repository\io\smallrye\reactive\smallrye-mutiny-vertx-runtime\3.21.4\smallrye-mutiny-vertx-runtime-3.21.4.jar;C:\Users\kanna\.m2\repository\io\smallrye\reactive\vertx-mutiny-generator\3.21.4\vertx-mutiny-generator-3.21.4.jar;C:\Users\kanna\.m2\repository\io\vertx\vertx-codegen\4.5.24\vertx-codegen-4.5.24.jar;C:\Users\kanna\.m2\repository\io\quarkus\resteasy\reactive\resteasy-reactive\3.31.2\resteasy-reactive-3.31.2.jar;C:\Users\kanna\.m2\repository\io\quarkus\vertx\utils\quarkus-vertx-utils\3.31.2\quarkus-vertx-utils-3.31.2.jar;C:\Users\kanna\.m2\repository\jakarta\xml\bind\jakarta.xml.bind-api\4.0.4\jakarta.xml.bind-api-4.0.4.jar;C:\Users\kanna\.m2\repository\jakarta\activation\jakarta.activation-api\2.1.4\jakarta.activation-api-2.1.4.jar;C:\Users\kanna\.m2\repository\io\quarkus\quarkus-vertx-http\3.31.2\quarkus-vertx-http-3.31.2.jar;C:\Users\kanna\.m2\repository\io\quarkus\quarkus-security-runtime-spi\3.31.2\quarkus-security-runtime-spi-3.31.2.jar;C:\Users\kanna\.m2\repository\io\quarkus\quarkus-credentials\3.31.2\quarkus-credentials-3.31.2.jar;C:\Users\kanna\.m2\repository\io\smallrye\common\smallrye-common-vertx-context\2.15.0\smallrye-common-vertx-context-2.15.0.jar;C:\Users\kanna\.m2\repository\io\quarkus\security\quarkus-security\2.3.2\quarkus-security-2.3.2.jar;C:\Users\kanna\.m2\repository\io\smallrye\reactive\smallrye-mutiny-vertx-web\3.21.4\smallrye-mutiny-vertx-web-3.21.4.jar;C:\Users\kanna\.m2\repository\io\smallrye\reactive\smallrye-mutiny-vertx-web-common\3.21.4\smallrye-mutiny-vertx-web-common-3.21.4.jar;C:\Users\kanna\.m2\repository\io\smallrye\reactive\smallrye-mutiny-vertx-auth-common\3.21.4\smallrye-mutiny-vertx-auth-common-3.21.4.jar;C:\Users\kanna\.m2\repository\io\smallrye\reactive\smallrye-mutiny-vertx-bridge-common\3.21.4\smallrye-mutiny-vertx-bridge-common-3.21.4.jar;C:\Users\kanna\.m2\repository\io\smallrye\reactive\smallrye-mutiny-vertx-uri-template\3.21.4\smallrye-mutiny-vertx-uri-template-3.21.4.jar;C:\Users\kanna\.m2\repository\io\vertx\vertx-uri-template\4.5.24\vertx-uri-template-4.5.24.jar;C:\Users\kanna\.m2\repository\org\crac\crac\1.5.0\crac-1.5.0.jar;C:\Users\kanna\.m2\repository\com\aayushatharva\brotli4j\brotli4j\1.16.0\brotli4j-1.16.0.jar;C:\Users\kanna\.m2\repository\com\aayushatharva\brotli4j\service\1.16.0\service-1.16.0.jar;C:\Users\kanna\.m2\repository\com\aayushatharva\brotli4j\native-windows-x86_64\1.16.0\native-windows-x86_64-1.16.0.jar;C:\Users\kanna\.m2\repository\io\quarkus\quarkus-jsonp\3.31.2\quarkus-jsonp-3.31.2.jar;C:\Users\kanna\.m2\repository\org\eclipse\parsson\parsson\1.1.7\parsson-1.1.7.jar;C:\Users\kanna\.m2\repository\io\quarkus\quarkus-virtual-threads\3.31.2\quarkus-virtual-threads-3.31.2.jar;C:\Users\kanna\.m2\repository\io\vertx\vertx-core\4.5.24\vertx-core-4.5.24.jar;C:\Users\kanna\.m2\repository\io\netty\netty-handler-proxy\4.1.130.Final\netty-handler-proxy-4.1.130.Final.jar;C:\Users\kanna\.m2\repository\io\netty\netty-codec-socks\4.1.130.Final\netty-codec-socks-4.1.130.Final.jar;C:\Users\kanna\.m2\repository\io\netty\netty-resolver-dns\4.1.130.Final\netty-resolver-dns-4.1.130.Final.jar;C:\Users\kanna\.m2\repository\io\netty\netty-codec-dns\4.1.130.Final\netty-codec-dns-4.1.130.Final.jar;C:\Users\kanna\.m2\repository\io\quarkus\quarkus-rest-jackson\3.31.2\quarkus-rest-jackson-3.31.2.jar;C:\Users\kanna\.m2\repository\io\quarkus\quarkus-rest-jackson-common\3.31.2\quarkus-rest-jackson-common-3.31.2.jar;C:\Users\kanna\.m2\repository\io\quarkus\resteasy\reactive\resteasy-reactive-jackson\3.31.2\resteasy-reactive-jackson-3.31.2.jar;C:\Users\kanna\.m2\repository\io\quarkus\quarkus-redis-client\3.31.2\quarkus-redis-client-3.31.2.jar;C:\Users\kanna\.m2\repository\io\quarkus\quarkus-vertx\3.31.2\quarkus-vertx-3.31.2.jar;C:\Users\kanna\.m2\repository\io\quarkus\quarkus-netty\3.31.2\quarkus-netty-3.31.2.jar;C:\Users\kanna\.m2\repository\io\netty\netty-codec-haproxy\4.1.130.Final\netty-codec-haproxy-4.1.130.Final.jar;C:\Users\kanna\.m2\repository\io\smallrye\common\smallrye-common-annotation\2.15.0\smallrye-common-annotation-2.15.0.jar;C:\Users\kanna\.m2\repository\io\quarkus\quarkus-vertx-latebound-mdc-provider\3.31.2\quarkus-vertx-latebound-mdc-provider-3.31.2.jar;C:\Users\kanna\.m2\repository\io\smallrye\smallrye-fault-tolerance-vertx\6.10.0\smallrye-fault-tolerance-vertx-6.10.0.jar;C:\Users\kanna\.m2\repository\io\quarkus\quarkus-jackson\3.31.2\quarkus-jackson-3.31.2.jar;C:\Users\kanna\.m2\repository\com\fasterxml\jackson\datatype\jackson-datatype-jsr310\2.20.1\jackson-datatype-jsr310-2.20.1.jar;C:\Users\kanna\.m2\repository\com\fasterxml\jackson\datatype\jackson-datatype-jdk8\2.20.1\jackson-datatype-jdk8-2.20.1.jar;C:\Users\kanna\.m2\repository\com\fasterxml\jackson\module\jackson-module-parameter-names\2.20.1\jackson-module-parameter-names-2.20.1.jar;C:\Users\kanna\.m2\repository\io\quarkus\quarkus-tls-registry\3.31.2\quarkus-tls-registry-3.31.2.jar;C:\Users\kanna\.m2\repository\io\quarkus\quarkus-tls-registry-spi\3.31.2\quarkus-tls-registry-spi-3.31.2.jar;C:\Users\kanna\.m2\repository\io\smallrye\certs\smallrye-private-key-pem-parser\0.9.2\smallrye-private-key-pem-parser-0.9.2.jar;C:\Users\kanna\.m2\repository\io\quarkus\quarkus-proxy-registry\3.31.2\quarkus-proxy-registry-3.31.2.jar;C:\Users\kanna\.m2\repository\io\smallrye\reactive\smallrye-mutiny-vertx-redis-client\3.21.4\smallrye-mutiny-vertx-redis-client-3.21.4.jar;C:\Users\kanna\.m2\repository\io\vertx\vertx-redis-client\4.5.24\vertx-redis-client-4.5.24.jar;C:\Users\kanna\.m2\repository\io\quarkus\quarkus-devservices\3.31.2\quarkus-devservices-3.31.2.jar;C:\Users\kanna\.m2\repository\io\quarkus\quarkus-messaging-kafka\3.31.2\quarkus-messaging-kafka-3.31.2.jar;C:\Users\kanna\.m2\repository\io\quarkus\quarkus-kafka-client\3.31.2\quarkus-kafka-client-3.31.2.jar;C:\Users\kanna\.m2\repository\io\smallrye\reactive\smallrye-reactive-messaging-kafka\4.32.1\smallrye-reactive-messaging-kafka-4.32.1.jar;C:\Users\kanna\.m2\repository\io\smallrye\reactive\smallrye-reactive-messaging-kafka-api\4.32.1\smallrye-reactive-messaging-kafka-api-4.32.1.jar;C:\Users\kanna\.m2\repository\io\smallrye\reactive\smallrye-reactive-messaging-otel\4.32.1\smallrye-reactive-messaging-otel-4.32.1.jar;C:\Users\kanna\.m2\repository\io\opentelemetry\opentelemetry-api\1.57.0\opentelemetry-api-1.57.0.jar;C:\Users\kanna\.m2\repository\io\opentelemetry\opentelemetry-context\1.57.0\opentelemetry-context-1.57.0.jar;C:\Users\kanna\.m2\repository\io\opentelemetry\opentelemetry-common\1.57.0\opentelemetry-common-1.57.0.jar;C:\Users\kanna\.m2\repository\io\opentelemetry\semconv\opentelemetry-semconv\1.37.0\opentelemetry-semconv-1.37.0.jar;C:\Users\kanna\.m2\repository\io\opentelemetry\semconv\opentelemetry-semconv-incubating\1.37.0-alpha\opentelemetry-semconv-incubating-1.37.0-alpha.jar;C:\Users\kanna\.m2\repository\io\opentelemetry\instrumentation\opentelemetry-instrumentation-api\2.23.0\opentelemetry-instrumentation-api-2.23.0.jar;C:\Users\kanna\.m2\repository\io\opentelemetry\opentelemetry-api-incubator\1.57.0-alpha\opentelemetry-api-incubator-1.57.0-alpha.jar;C:\Users\kanna\.m2\repository\io\opentelemetry\instrumentation\opentelemetry-instrumentation-api-incubator\2.23.0-alpha\opentelemetry-instrumentation-api-incubator-2.23.0-alpha.jar;C:\Users\kanna\.m2\repository\io\smallrye\reactive\smallrye-reactive-converter-api\3.0.3\smallrye-reactive-converter-api-3.0.3.jar;C:\Users\kanna\.m2\repository\io\smallrye\reactive\mutiny-zero\1.1.1\mutiny-zero-1.1.1.jar;C:\Users\kanna\.m2\repository\io\smallrye\reactive\mutiny-zero-flow-adapters\1.1.1\mutiny-zero-flow-adapters-1.1.1.jar;C:\Users\kanna\.m2\repository\org\apache\kafka\kafka-clients\4.1.1\kafka-clients-4.1.1.jar;C:\Users\kanna\.m2\repository\com\github\luben\zstd-jni\1.5.6-10\zstd-jni-1.5.6-10.jar;C:\Users\kanna\.m2\repository\org\xerial\snappy\snappy-java\1.1.10.8\snappy-java-1.1.10.8.jar;C:\Users\kanna\.m2\repository\at\yawk\lz4\lz4-java\1.10.1\lz4-java-1.10.1.jar;C:\Users\kanna\.m2\repository\io\quarkus\quarkus-messaging\3.31.2\quarkus-messaging-3.31.2.jar;C:\Users\kanna\.m2\repository\io\quarkus\quarkus-mutiny-reactive-streams-operators\3.31.2\quarkus-mutiny-reactive-streams-operators-3.31.2.jar;C:\Users\kanna\.m2\repository\org\eclipse\microprofile\reactive-streams-operators\microprofile-reactive-streams-operators-api\3.0.1\microprofile-reactive-streams-operators-api-3.0.1.jar;C:\Users\kanna\.m2\repository\org\eclipse\microprofile\reactive-streams-operators\microprofile-reactive-streams-operators-core\3.0.1\microprofile-reactive-streams-operators-core-3.0.1.jar;C:\Users\kanna\.m2\repository\io\smallrye\reactive\mutiny-reactive-streams-operators\3.1.0\mutiny-reactive-streams-operators-3.1.0.jar;C:\Users\kanna\.m2\repository\io\quarkus\quarkus-messaging-kotlin\3.31.2\quarkus-messaging-kotlin-3.31.2.jar;C:\Users\kanna\.m2\repository\io\smallrye\reactive\smallrye-reactive-messaging-health\4.32.1\smallrye-reactive-messaging-health-4.32.1.jar;C:\Users\kanna\.m2\repository\io\smallrye\reactive\smallrye-reactive-messaging-provider\4.32.1\smallrye-reactive-messaging-provider-4.32.1.jar;C:\Users\kanna\.m2\repository\io\smallrye\reactive\smallrye-reactive-messaging-api\4.32.1\smallrye-reactive-messaging-api-4.32.1.jar;C:\Users\kanna\.m2\repository\jakarta\annotation\jakarta.annotation-api\3.0.0\jakarta.annotation-api-3.0.0.jar;C:\Users\kanna\.m2\repository\software\amazon\awssdk\s3\2.25.29\s3-2.25.29.jar;C:\Users\kanna\.m2\repository\software\amazon\awssdk\aws-xml-protocol\2.25.29\aws-xml-protocol-2.25.29.jar;C:\Users\kanna\.m2\repository\software\amazon\awssdk\protocol-core\2.25.29\protocol-core-2.25.29.jar;C:\Users\kanna\.m2\repository\software\amazon\awssdk\arns\2.25.29\arns-2.25.29.jar;C:\Users\kanna\.m2\repository\software\amazon\awssdk\profiles\2.25.29\profiles-2.25.29.jar;C:\Users\kanna\.m2\repository\software\amazon\awssdk\crt-core\2.25.29\crt-core-2.25.29.jar;C:\Users\kanna\.m2\repository\software\amazon\awssdk\http-auth\2.25.29\http-auth-2.25.29.jar;C:\Users\kanna\.m2\repository\software\amazon\awssdk\identity-spi\2.25.29\identity-spi-2.25.29.jar;C:\Users\kanna\.m2\repository\software\amazon\awssdk\http-auth-spi\2.25.29\http-auth-spi-2.25.29.jar;C:\Users\kanna\.m2\repository\org\reactivestreams\reactive-streams\1.0.4\reactive-streams-1.0.4.jar;C:\Users\kanna\.m2\repository\software\amazon\awssdk\http-auth-aws\2.25.29\http-auth-aws-2.25.29.jar;C:\Users\kanna\.m2\repository\software\amazon\awssdk\checksums\2.25.29\checksums-2.25.29.jar;C:\Users\kanna\.m2\repository\software\amazon\awssdk\checksums-spi\2.25.29\checksums-spi-2.25.29.jar;C:\Users\kanna\.m2\repository\software\amazon\awssdk\sdk-core\2.25.29\sdk-core-2.25.29.jar;C:\Users\kanna\.m2\repository\software\amazon\awssdk\auth\2.25.29\auth-2.25.29.jar;C:\Users\kanna\.m2\repository\software\amazon\eventstream\eventstream\1.0.1\eventstream-1.0.1.jar;C:\Users\kanna\.m2\repository\software\amazon\awssdk\http-client-spi\2.25.29\http-client-spi-2.25.29.jar;C:\Users\kanna\.m2\repository\software\amazon\awssdk\regions\2.25.29\regions-2.25.29.jar;C:\Users\kanna\.m2\repository\software\amazon\awssdk\annotations\2.25.29\annotations-2.25.29.jar;C:\Users\kanna\.m2\repository\software\amazon\awssdk\utils\2.25.29\utils-2.25.29.jar;C:\Users\kanna\.m2\repository\software\amazon\awssdk\aws-core\2.25.29\aws-core-2.25.29.jar;C:\Users\kanna\.m2\repository\software\amazon\awssdk\metrics-spi\2.25.29\metrics-spi-2.25.29.jar;C:\Users\kanna\.m2\repository\software\amazon\awssdk\json-utils\2.25.29\json-utils-2.25.29.jar;C:\Users\kanna\.m2\repository\software\amazon\awssdk\third-party-jackson-core\2.25.29\third-party-jackson-core-2.25.29.jar;C:\Users\kanna\.m2\repository\software\amazon\awssdk\endpoints-spi\2.25.29\endpoints-spi-2.25.29.jar;C:\Users\kanna\.m2\repository\software\amazon\awssdk\apache-client\2.25.29\apache-client-2.25.29.jar;C:\Users\kanna\.m2\repository\org\apache\httpcomponents\httpcore\4.4.16\httpcore-4.4.16.jar;C:\Users\kanna\.m2\repository\commons-codec\commons-codec\1.20.0\commons-codec-1.20.0.jar;C:\Users\kanna\.m2\repository\software\amazon\awssdk\netty-nio-client\2.25.29\netty-nio-client-2.25.29.jar;C:\Users\kanna\.m2\repository\io\netty\netty-codec-http\4.1.130.Final\netty-codec-http-4.1.130.Final.jar;C:\Users\kanna\.m2\repository\io\netty\netty-codec-http2\4.1.130.Final\netty-codec-http2-4.1.130.Final.jar;C:\Users\kanna\.m2\repository\io\netty\netty-codec\4.1.130.Final\netty-codec-4.1.130.Final.jar;C:\Users\kanna\.m2\repository\io\netty\netty-transport\4.1.130.Final\netty-transport-4.1.130.Final.jar;C:\Users\kanna\.m2\repository\io\netty\netty-common\4.1.130.Final\netty-common-4.1.130.Final.jar;C:\Users\kanna\.m2\repository\io\netty\netty-buffer\4.1.130.Final\netty-buffer-4.1.130.Final.jar;C:\Users\kanna\.m2\repository\io\netty\netty-handler\4.1.130.Final\netty-handler-4.1.130.Final.jar;C:\Users\kanna\.m2\repository\io\netty\netty-transport-native-unix-common\4.1.130.Final\netty-transport-native-unix-common-4.1.130.Final.jar;C:\Users\kanna\.m2\repository\io\netty\netty-transport-classes-epoll\4.1.130.Final\netty-transport-classes-epoll-4.1.130.Final.jar;C:\Users\kanna\.m2\repository\io\netty\netty-resolver\4.1.130.Final\netty-resolver-4.1.130.Final.jar;C:\Users\kanna\.m2\repository\software\amazon\awssdk\sts\2.25.29\sts-2.25.29.jar;C:\Users\kanna\.m2\repository\software\amazon\awssdk\aws-query-protocol\2.25.29\aws-query-protocol-2.25.29.jar;C:\Users\kanna\.m2\repository\io\quarkus\quarkus-config-yaml\3.31.2\quarkus-config-yaml-3.31.2.jar;C:\Users\kanna\.m2\repository\io\smallrye\config\smallrye-config-source-yaml\3.15.1\smallrye-config-source-yaml-3.15.1.jar;C:\Users\kanna\.m2\repository\io\smallrye\config\smallrye-config-common\3.15.1\smallrye-config-common-3.15.1.jar;C:\Users\kanna\.m2\repository\io\smallrye\common\smallrye-common-constraint\2.15.0\smallrye-common-constraint-2.15.0.jar;C:\Users\kanna\.m2\repository\org\eclipse\microprofile\config\microprofile-config-api\3.1\microprofile-config-api-3.1.jar;C:\Users\kanna\.m2\repository\io\quarkus\quarkus-smallrye-health\3.31.2\quarkus-smallrye-health-3.31.2.jar;C:\Users\kanna\.m2\repository\io\smallrye\smallrye-health\4.3.0\smallrye-health-4.3.0.jar;C:\Users\kanna\.m2\repository\org\eclipse\microprofile\health\microprofile-health-api\4.0.1\microprofile-health-api-4.0.1.jar;C:\Users\kanna\.m2\repository\io\smallrye\smallrye-health-api\4.3.0\smallrye-health-api-4.3.0.jar;C:\Users\kanna\.m2\repository\jakarta\json\jakarta.json-api\2.1.3\jakarta.json-api-2.1.3.jar;C:\Users\kanna\.m2\repository\io\smallrye\smallrye-health-provided-checks\4.3.0\smallrye-health-provided-checks-4.3.0.jar;C:\Users\kanna\.m2\repository\io\quarkus\quarkus-smallrye-openapi\3.31.2\quarkus-smallrye-openapi-3.31.2.jar;C:\Users\kanna\.m2\repository\io\smallrye\smallrye-open-api-core\4.2.4\smallrye-open-api-core-4.2.4.jar;C:\Users\kanna\.m2\repository\org\eclipse\microprofile\openapi\microprofile-openapi-api\4.1.1\microprofile-openapi-api-4.1.1.jar;C:\Users\kanna\.m2\repository\io\smallrye\smallrye-open-api-model\4.2.4\smallrye-open-api-model-4.2.4.jar;C:\Users\kanna\.m2\repository\io\smallrye\jandex\3.5.3\jandex-3.5.3.jar;C:\Users\kanna\.m2\repository\io\smallrye\common\smallrye-common-classloader\2.15.0\smallrye-common-classloader-2.15.0.jar;C:\Users\kanna\.m2\repository\io\quarkus\quarkus-swagger-ui\3.31.2\quarkus-swagger-ui-3.31.2.jar;C:\Users\kanna\.m2\repository\io\quarkus\quarkus-hibernate-validator\3.31.2\quarkus-hibernate-validator-3.31.2.jar;C:\Users\kanna\.m2\repository\org\hibernate\validator\hibernate-validator\9.1.0.Final\hibernate-validator-9.1.0.Final.jar;C:\Users\kanna\.m2\repository\jakarta\validation\jakarta.validation-api\3.1.1\jakarta.validation-api-3.1.1.jar;C:\Users\kanna\.m2\repository\com\fasterxml\classmate\1.7.1\classmate-1.7.1.jar;C:\Users\kanna\.m2\repository\org\glassfish\expressly\expressly\6.0.0\expressly-6.0.0.jar;C:\Users\kanna\.m2\repository\jakarta\el\jakarta.el-api\6.0.1\jakarta.el-api-6.0.1.jar;C:\Users\kanna\.m2\repository\io\smallrye\config\smallrye-config-validator\3.15.1\smallrye-config-validator-3.15.1.jar;C:\Users\kanna\.m2\repository\jakarta\ws\rs\jakarta.ws.rs-api\3.1.0\jakarta.ws.rs-api-3.1.0.jar;C:\Users\kanna\.m2\repository\io\quarkus\quarkus-smallrye-fault-tolerance\3.31.2\quarkus-smallrye-fault-tolerance-3.31.2.jar;C:\Users\kanna\.m2\repository\io\quarkus\quarkus-mutiny\3.31.2\quarkus-mutiny-3.31.2.jar;C:\Users\kanna\.m2\repository\io\smallrye\reactive\mutiny-smallrye-context-propagation\3.1.0\mutiny-smallrye-context-propagation-3.1.0.jar;C:\Users\kanna\.m2\repository\io\smallrye\smallrye-fault-tolerance\6.10.0\smallrye-fault-tolerance-6.10.0.jar;C:\Users\kanna\.m2\repository\org\eclipse\microprofile\fault-tolerance\microprofile-fault-tolerance-api\4.1.2\microprofile-fault-tolerance-api-4.1.2.jar;C:\Users\kanna\.m2\repository\io\smallrye\smallrye-fault-tolerance-api\6.10.0\smallrye-fault-tolerance-api-6.10.0.jar;C:\Users\kanna\.m2\repository\io\smallrye\smallrye-fault-tolerance-core\6.10.0\smallrye-fault-tolerance-core-6.10.0.jar;C:\Users\kanna\.m2\repository\io\smallrye\smallrye-fault-tolerance-autoconfig-core\6.10.0\smallrye-fault-tolerance-autoconfig-core-6.10.0.jar;C:\Users\kanna\.m2\repository\io\smallrye\smallrye-fault-tolerance-apiimpl\6.10.0\smallrye-fault-tolerance-apiimpl-6.10.0.jar;C:\Users\kanna\.m2\repository\jakarta\enterprise\jakarta.enterprise.cdi-api\4.1.0\jakarta.enterprise.cdi-api-4.1.0.jar;C:\Users\kanna\.m2\repository\jakarta\enterprise\jakarta.enterprise.lang-model\4.1.0\jakarta.enterprise.lang-model-4.1.0.jar;C:\Users\kanna\.m2\repository\jakarta\interceptor\jakarta.interceptor-api\2.2.0\jakarta.interceptor-api-2.2.0.jar;C:\Users\kanna\.m2\repository\org\jboss\logging\commons-logging-jboss-logging\1.0.0.Final\commons-logging-jboss-logging-1.0.0.Final.jar;C:\Users\kanna\.m2\repository\io\quarkus\quarkus-smallrye-context-propagation\3.31.2\quarkus-smallrye-context-propagation-3.31.2.jar;C:\Users\kanna\.m2\repository\io\smallrye\smallrye-context-propagation\2.3.0\smallrye-context-propagation-2.3.0.jar;C:\Users\kanna\.m2\repository\io\smallrye\smallrye-context-propagation-api\2.3.0\smallrye-context-propagation-api-2.3.0.jar;C:\Users\kanna\.m2\repository\io\smallrye\smallrye-context-propagation-storage\2.3.0\smallrye-context-propagation-storage-2.3.0.jar;C:\Users\kanna\.m2\repository\io\smallrye\smallrye-fault-tolerance-context-propagation\6.10.0\smallrye-fault-tolerance-context-propagation-6.10.0.jar;C:\Users\kanna\.m2\repository\io\smallrye\smallrye-fault-tolerance-mutiny\6.10.0\smallrye-fault-tolerance-mutiny-6.10.0.jar;C:\Users\kanna\.m2\repository\io\quarkus\quarkus-junit\3.31.2\quarkus-junit-3.31.2.jar;C:\Users\kanna\.m2\repository\io\quarkus\quarkus-bootstrap-core\3.31.2\quarkus-bootstrap-core-3.31.2.jar;C:\Users\kanna\.m2\repository\io\quarkus\quarkus-classloader-commons\3.31.2\quarkus-classloader-commons-3.31.2.jar;C:\Users\kanna\.m2\repository\io\quarkus\quarkus-bootstrap-app-model\3.31.2\quarkus-bootstrap-app-model-3.31.2.jar;C:\Users\kanna\.m2\repository\io\quarkus\quarkus-bootstrap-json\3.31.2\quarkus-bootstrap-json-3.31.2.jar;C:\Users\kanna\.m2\repository\io\smallrye\common\smallrye-common-io\2.15.0\smallrye-common-io-2.15.0.jar;C:\Users\kanna\.m2\repository\org\eclipse\sisu\org.eclipse.sisu.inject\0.9.0.M4\org.eclipse.sisu.inject-0.9.0.M4.jar;C:\Users\kanna\.m2\repository\org\ow2\asm\asm\9.9.1\asm-9.9.1.jar;C:\Users\kanna\.m2\repository\io\quarkus\quarkus-test-common\3.31.2\quarkus-test-common-3.31.2.jar;C:\Users\kanna\.m2\repository\io\quarkus\quarkus-core-deployment\3.31.2\quarkus-core-deployment-3.31.2.jar;C:\Users\kanna\.m2\repository\org\aesh\readline\2.6\readline-2.6.jar;C:\Users\kanna\.m2\repository\org\fusesource\jansi\jansi\2.4.0\jansi-2.4.0.jar;C:\Users\kanna\.m2\repository\org\aesh\aesh\2.8.2\aesh-2.8.2.jar;C:\Users\kanna\.m2\repository\org\apache\commons\commons-compress\1.28.0\commons-compress-1.28.0.jar;C:\Users\kanna\.m2\repository\io\quarkus\gizmo\gizmo\1.10.1\gizmo-1.10.1.jar;C:\Users\kanna\.m2\repository\org\ow2\asm\asm-util\9.9.1\asm-util-9.9.1.jar;C:\Users\kanna\.m2\repository\org\ow2\asm\asm-analysis\9.9.1\asm-analysis-9.9.1.jar;C:\Users\kanna\.m2\repository\io\quarkus\gizmo\gizmo2\2.0.0\gizmo2-2.0.0.jar;C:\Users\kanna\.m2\repository\io\smallrye\classfile\jdk-classfile-backport\26.cr1\jdk-classfile-backport-26.cr1.jar;C:\Users\kanna\.m2\repository\io\smallrye\common\smallrye-common-resource\2.15.0\smallrye-common-resource-2.15.0.jar;C:\Users\kanna\.m2\repository\io\smallrye\jandex-gizmo2\3.5.3\jandex-gizmo2-3.5.3.jar;C:\Users\kanna\.m2\repository\io\smallrye\common\smallrye-common-process\2.15.0\smallrye-common-process-2.15.0.jar;C:\Users\kanna\.m2\repository\org\ow2\asm\asm-commons\9.9.1\asm-commons-9.9.1.jar;C:\Users\kanna\.m2\repository\org\ow2\asm\asm-tree\9.9.1\asm-tree-9.9.1.jar;C:\Users\kanna\.m2\repository\io\quarkus\quarkus-hibernate-validator-spi\3.31.2\quarkus-hibernate-validator-spi-3.31.2.jar;C:\Users\kanna\.m2\repository\io\quarkus\quarkus-class-change-agent\3.31.2\quarkus-class-change-agent-3.31.2.jar;C:\Users\kanna\.m2\repository\io\quarkus\quarkus-builder\3.31.2\quarkus-builder-3.31.2.jar;C:\Users\kanna\.m2\repository\org\graalvm\sdk\nativeimage\23.1.2\nativeimage-23.1.2.jar;C:\Users\kanna\.m2\repository\org\graalvm\sdk\word\23.1.2\word-23.1.2.jar;C:\Users\kanna\.m2\repository\org\junit\platform\junit-platform-launcher\6.0.2\junit-platform-launcher-6.0.2.jar;C:\Users\kanna\.m2\repository\io\quarkus\quarkus-bootstrap-maven-resolver\3.31.2\quarkus-bootstrap-maven-resolver-3.31.2.jar;C:\Users\kanna\.m2\repository\io\smallrye\beanbag\smallrye-beanbag-maven\1.6.1\smallrye-beanbag-maven-1.6.1.jar;C:\Users\kanna\.m2\repository\io\smallrye\beanbag\smallrye-beanbag-sisu\1.6.1\smallrye-beanbag-sisu-1.6.1.jar;C:\Users\kanna\.m2\repository\io\smallrye\beanbag\smallrye-beanbag\1.6.1\smallrye-beanbag-1.6.1.jar;C:\Users\kanna\.m2\repository\javax\inject\javax.inject\1\javax.inject-1.jar;C:\Users\kanna\.m2\repository\org\apache\maven\maven-artifact\3.9.12\maven-artifact-3.9.12.jar;C:\Users\kanna\.m2\repository\org\apache\maven\maven-builder-support\3.9.12\maven-builder-support-3.9.12.jar;C:\Users\kanna\.m2\repository\org\apache\maven\maven-model\3.9.12\maven-model-3.9.12.jar;C:\Users\kanna\.m2\repository\org\apache\maven\maven-model-builder\3.9.12\maven-model-builder-3.9.12.jar;C:\Users\kanna\.m2\repository\org\apache\maven\maven-repository-metadata\3.9.12\maven-repository-metadata-3.9.12.jar;C:\Users\kanna\.m2\repository\org\apache\maven\maven-settings\3.9.12\maven-settings-3.9.12.jar;C:\Users\kanna\.m2\repository\org\apache\maven\resolver\maven-resolver-api\1.9.25\maven-resolver-api-1.9.25.jar;C:\Users\kanna\.m2\repository\org\apache\maven\resolver\maven-resolver-impl\1.9.25\maven-resolver-impl-1.9.25.jar;C:\Users\kanna\.m2\repository\org\apache\maven\resolver\maven-resolver-named-locks\1.9.25\maven-resolver-named-locks-1.9.25.jar;C:\Users\kanna\.m2\repository\org\apache\maven\resolver\maven-resolver-spi\1.9.25\maven-resolver-spi-1.9.25.jar;C:\Users\kanna\.m2\repository\org\apache\maven\resolver\maven-resolver-util\1.9.25\maven-resolver-util-1.9.25.jar;C:\Users\kanna\.m2\repository\org\apache\maven\resolver\maven-resolver-transport-http\1.9.25\maven-resolver-transport-http-1.9.25.jar;C:\Users\kanna\.m2\repository\com\google\code\gson\gson\2.13.2\gson-2.13.2.jar;C:\Users\kanna\.m2\repository\com\google\errorprone\error_prone_annotations\2.46.0\error_prone_annotations-2.46.0.jar;C:\Users\kanna\.m2\repository\org\apache\maven\wagon\wagon-provider-api\3.5.3\wagon-provider-api-3.5.3.jar;C:\Users\kanna\.m2\repository\org\apache\maven\wagon\wagon-http-shared\3.5.3\wagon-http-shared-3.5.3.jar;C:\Users\kanna\.m2\repository\org\codehaus\plexus\plexus-interpolation\1.26\plexus-interpolation-1.26.jar;C:\Users\kanna\.m2\repository\org\codehaus\plexus\plexus-utils\3.5.1\plexus-utils-3.5.1.jar;C:\Users\kanna\.m2\repository\org\codehaus\plexus\plexus-xml\4.0.2\plexus-xml-4.0.2.jar;C:\Users\kanna\.m2\repository\org\apache\maven\maven-xml-impl\4.0.0-alpha-7\maven-xml-impl-4.0.0-alpha-7.jar;C:\Users\kanna\.m2\repository\org\apache\maven\maven-api-xml\4.0.0-alpha-7\maven-api-xml-4.0.0-alpha-7.jar;C:\Users\kanna\.m2\repository\org\apache\maven\maven-api-meta\4.0.0-alpha-7\maven-api-meta-4.0.0-alpha-7.jar;C:\Users\kanna\.m2\repository\org\codehaus\plexus\plexus-cipher\2.0\plexus-cipher-2.0.jar;C:\Users\kanna\.m2\repository\org\codehaus\plexus\plexus-sec-dispatcher\2.0\plexus-sec-dispatcher-2.0.jar;C:\Users\kanna\.m2\repository\io\quarkus\quarkus-bootstrap-maven4-resolver\3.31.2\quarkus-bootstrap-maven4-resolver-3.31.2.jar;C:\Users\kanna\.m2\repository\org\apache\maven\maven-embedder\3.9.12\maven-embedder-3.9.12.jar;C:\Users\kanna\.m2\repository\org\apache\maven\maven-core\3.9.12\maven-core-3.9.12.jar;C:\Users\kanna\.m2\repository\org\codehaus\plexus\plexus-component-annotations\2.1.0\plexus-component-annotations-2.1.0.jar;C:\Users\kanna\.m2\repository\org\apache\maven\maven-plugin-api\3.9.12\maven-plugin-api-3.9.12.jar;C:\Users\kanna\.m2\repository\org\apache\maven\shared\maven-shared-utils\3.4.2\maven-shared-utils-3.4.2.jar;C:\Users\kanna\.m2\repository\com\google\inject\guice\5.1.0\guice-5.1.0-classes.jar;C:\Users\kanna\.m2\repository\aopalliance\aopalliance\1.0\aopalliance-1.0.jar;C:\Users\kanna\.m2\repository\com\google\guava\guava\33.5.0-jre\guava-33.5.0-jre.jar;C:\Users\kanna\.m2\repository\com\google\guava\failureaccess\1.0.1\failureaccess-1.0.1.jar;C:\Users\kanna\.m2\repository\javax\annotation\javax.annotation-api\1.3.2\javax.annotation-api-1.3.2.jar;C:\Users\kanna\.m2\repository\org\codehaus\plexus\plexus-classworlds\2.6.0\plexus-classworlds-2.6.0.jar;C:\Users\kanna\.m2\repository\commons-cli\commons-cli\1.11.0\commons-cli-1.11.0.jar;C:\Users\kanna\.m2\repository\org\eclipse\sisu\org.eclipse.sisu.plexus\0.9.0.M4\org.eclipse.sisu.plexus-0.9.0.M4.jar;C:\Users\kanna\.m2\repository\org\apache\maven\maven-settings-builder\3.9.12\maven-settings-builder-3.9.12.jar;C:\Users\kanna\.m2\repository\org\apache\maven\maven-resolver-provider\3.9.12\maven-resolver-provider-3.9.12.jar;C:\Users\kanna\.m2\repository\org\apache\maven\resolver\maven-resolver-connector-basic\1.9.25\maven-resolver-connector-basic-1.9.25.jar;C:\Users\kanna\.m2\repository\org\apache\maven\resolver\maven-resolver-transport-wagon\1.9.25\maven-resolver-transport-wagon-1.9.25.jar;C:\Users\kanna\.m2\repository\org\apache\maven\wagon\wagon-http\3.5.3\wagon-http-3.5.3.jar;C:\Users\kanna\.m2\repository\org\apache\maven\wagon\wagon-file\3.5.3\wagon-file-3.5.3.jar;C:\Users\kanna\.m2\repository\io\quarkus\quarkus-bootstrap-gradle-resolver\3.31.2\quarkus-bootstrap-gradle-resolver-3.31.2.jar;C:\Users\kanna\.m2\repository\commons-io\commons-io\2.21.0\commons-io-2.21.0.jar;C:\Users\kanna\.m2\repository\io\quarkus\quarkus-junit-config\3.31.2\quarkus-junit-config-3.31.2.jar;C:\Users\kanna\.m2\repository\org\junit\jupiter\junit-jupiter-api\6.0.2\junit-jupiter-api-6.0.2.jar;C:\Users\kanna\.m2\repository\org\opentest4j\opentest4j\1.3.0\opentest4j-1.3.0.jar;C:\Users\kanna\.m2\repository\org\junit\platform\junit-platform-commons\6.0.2\junit-platform-commons-6.0.2.jar;C:\Users\kanna\.m2\repository\org\apiguardian\apiguardian-api\1.1.2\apiguardian-api-1.1.2.jar;C:\Users\kanna\.m2\repository\org\jspecify\jspecify\1.0.0\jspecify-1.0.0.jar;C:\Users\kanna\.m2\repository\org\junit\jupiter\junit-jupiter\6.0.2\junit-jupiter-6.0.2.jar;C:\Users\kanna\.m2\repository\org\junit\jupiter\junit-jupiter-params\6.0.2\junit-jupiter-params-6.0.2.jar;C:\Users\kanna\.m2\repository\org\junit\jupiter\junit-jupiter-engine\6.0.2\junit-jupiter-engine-6.0.2.jar;C:\Users\kanna\.m2\repository\org\junit\platform\junit-platform-engine\6.0.2\junit-platform-engine-6.0.2.jar;C:\Users\kanna\.m2\repository\io\quarkus\quarkus-junit-mockito\3.31.2\quarkus-junit-mockito-3.31.2.jar;C:\Users\kanna\.m2\repository\org\mockito\mockito-junit-jupiter\5.21.0\mockito-junit-jupiter-5.21.0.jar;C:\Users\kanna\.m2\repository\io\quarkus\quarkus-junit-mockito-config\3.31.2\quarkus-junit-mockito-config-3.31.2.jar;C:\Users\kanna\.m2\repository\io\quarkus\quarkus-arc-deployment\3.31.2\quarkus-arc-deployment-3.31.2.jar;C:\Users\kanna\.m2\repository\io\quarkus\quarkus-smallrye-context-propagation-spi\3.31.2\quarkus-smallrye-context-propagation-spi-3.31.2.jar;C:\Users\kanna\.m2\repository\io\quarkus\quarkus-devui-deployment-spi\3.31.2\quarkus-devui-deployment-spi-3.31.2.jar;C:\Users\kanna\.m2\repository\io\quarkus\quarkus-arc-dev\3.31.2\quarkus-arc-dev-3.31.2.jar;C:\Users\kanna\.m2\repository\io\quarkus\arc\arc-processor\3.31.2\arc-processor-3.31.2.jar;C:\Users\kanna\.m2\repository\io\quarkus\quarkus-arc-test-supplement\3.31.2\quarkus-arc-test-supplement-3.31.2.jar;C:\Users\kanna\.m2\repository\io\quarkus\quarkus-arc-test-supplement-decorator\3.31.2\quarkus-arc-test-supplement-decorator-3.31.2.jar;C:\Users\kanna\.m2\repository\org\mockito\mockito-core\5.21.0\mockito-core-5.21.0.jar;C:\Users\kanna\.m2\repository\net\bytebuddy\byte-buddy-agent\1.17.8\byte-buddy-agent-1.17.8.jar;C:\Users\kanna\.m2\repository\org\objenesis\objenesis\3.3\objenesis-3.3.jar;C:\Users\kanna\.m2\repository\io\quarkus\quarkus-test-security\3.31.2\quarkus-test-security-3.31.2.jar;C:\Users\kanna\.m2\repository\io\quarkus\quarkus-security\3.31.2\quarkus-security-3.31.2.jar;C:\Users\kanna\.m2\repository\io\rest-assured\rest-assured\5.5.6\rest-assured-5.5.6.jar;C:\Users\kanna\.m2\repository\org\apache\groovy\groovy\4.0.22\groovy-4.0.22.jar;C:\Users\kanna\.m2\repository\org\apache\groovy\groovy-xml\4.0.22\groovy-xml-4.0.22.jar;C:\Users\kanna\.m2\repository\org\apache\httpcomponents\httpclient\4.5.14\httpclient-4.5.14.jar;C:\Users\kanna\.m2\repository\org\apache\httpcomponents\httpmime\4.5.14\httpmime-4.5.14.jar;C:\Users\kanna\.m2\repository\org\hamcrest\hamcrest\2.2\hamcrest-2.2.jar;C:\Users\kanna\.m2\repository\org\ccil\cowan\tagsoup\tagsoup\1.2.1\tagsoup-1.2.1.jar;C:\Users\kanna\.m2\repository\io\rest-assured\json-path\5.5.6\json-path-5.5.6.jar;C:\Users\kanna\.m2\repository\org\apache\groovy\groovy-json\4.0.22\groovy-json-4.0.22.jar;C:\Users\kanna\.m2\repository\io\rest-assured\rest-assured-common\5.5.6\rest-assured-common-5.5.6.jar;C:\Users\kanna\.m2\repository\io\rest-assured\xml-path\5.5.6\xml-path-5.5.6.jar;C:\Users\kanna\.m2\repository\org\assertj\assertj-core\3.25.3\assertj-core-3.25.3.jar;C:\Users\kanna\.m2\repository\net\bytebuddy\byte-buddy\1.17.8\byte-buddy-1.17.8.jar;C:\Users\kanna\.m2\repository\com\github\javafaker\javafaker\1.0.2\javafaker-1.0.2.jar;C:\Users\kanna\.m2\repository\org\apache\commons\commons-lang3\3.20.0\commons-lang3-3.20.0.jar;C:\Users\kanna\.m2\repository\com\github\mifmif\generex\1.0.2\generex-1.0.2.jar;C:\Users\kanna\.m2\repository\dk\brics\automaton\automaton\1.11-8\automaton-1.11-8.jar;C:\Users\kanna\.m2\repository\org\projectlombok\lombok\1.18.40\lombok-1.18.40.jar;C:\Users\kanna\.m2\repository\com\fasterxml\jackson\core\jackson-databind\2.20.1\jackson-databind-2.20.1.jar;C:\Users\kanna\.m2\repository\com\fasterxml\jackson\core\jackson-annotations\2.20\jackson-annotations-2.20.jar;C:\Users\kanna\.m2\repository\com\fasterxml\jackson\core\jackson-core\2.20.1\jackson-core-2.20.1.jar;C:\Users\kanna\.m2\repository\com\fasterxml\jackson\dataformat\jackson-dataformat-yaml\2.20.1\jackson-dataformat-yaml-2.20.1.jar;C:\Users\kanna\.m2\repository\com\fasterxml\jackson\module\jackson-module-blackbird\2.20.1\jackson-module-blackbird-2.20.1.jar;C:\Users\kanna\.m2\repository\com\jsoniter\jsoniter\0.9.23\jsoniter-0.9.23.jar;C:\Users\kanna\.m2\repository\org\yaml\snakeyaml\2.2\snakeyaml-2.2.jar;"/>
    <property name="java.vm.vendor" value="Oracle Corporation"/>
    <property name="quarkus-internal-test.serialized-app-model.path" value="C:\Users\kanna\github\card-fraud-rule-engine-monitoring\target\quarkus\bootstrap\test-app-model.dat"/>
    <property name="sun.arch.data.model" value="64"/>
    <property name="user.variant" value=""/>
    <property name="java.vendor.url" value="https://java.oracle.com/"/>
    <property name="user.timezone" value="Asia/Calcutta"/>
    <property name="org.jboss.logging.provider" value="jboss"/>
    <property name="logging.initial-configurator.min-level" value="500"/>
    <property name="java.vm.specification.version" value="25"/>
    <property name="os.name" value="Windows 11"/>
    <property name="sun.java.launcher" value="SUN_STANDARD"/>
    <property name="user.country" value="US"/>
    <property name="groovy.use.classvalue" value="false"/>
    <property name="sun.boot.library.path" value="C:\Program Files\Java\jdk-25.0.2\bin"/>
    <property name="sun.java.command" value="C:\Users\kanna\AppData\Local\Temp\surefire12911381302261704129\surefirebooter-20260213170149013_3.jar C:\Users\kanna\AppData\Local\Temp\surefire12911381302261704129 2026-02-13T17-01-48_769-jvmRun1 surefire-20260213170149013_1tmp surefire_0-20260213170149013_2tmp"/>
    <property name="jdk.debug" value="release"/>
    <property name="maven.home" value="C:\Users\kanna\apache-maven-3.9.12"/>
    <property name="surefire.test.class.path" value="C:\Users\kanna\github\card-fraud-rule-engine-monitoring\target\test-classes;C:\Users\kanna\github\card-fraud-rule-engine-monitoring\target\classes;C:\Users\kanna\.m2\repository\io\quarkus\quarkus-arc\3.31.2\quarkus-arc-3.31.2.jar;C:\Users\kanna\.m2\repository\io\quarkus\arc\arc\3.31.2\arc-3.31.2.jar;C:\Users\kanna\.m2\repository\jakarta\transaction\jakarta.transaction-api\2.0.1\jakarta.transaction-api-2.0.1.jar;C:\Users\kanna\.m2\repository\io\smallrye\reactive\mutiny\3.1.0\mutiny-3.1.0.jar;C:\Users\kanna\.m2\repository\org\jctools\jctools-core\4.0.5\jctools-core-4.0.5.jar;C:\Users\kanna\.m2\repository\org\jboss\logging\jboss-logging\3.6.2.Final\jboss-logging-3.6.2.Final.jar;C:\Users\kanna\.m2\repository\io\quarkus\quarkus-core\3.31.2\quarkus-core-3.31.2.jar;C:\Users\kanna\.m2\repository\jakarta\inject\jakarta.inject-api\2.0.1\jakarta.inject-api-2.0.1.jar;C:\Users\kanna\.m2\repository\io\smallrye\common\smallrye-common-os\2.15.0\smallrye-common-os-2.15.0.jar;C:\Users\kanna\.m2\repository\io\quarkus\quarkus-ide-launcher\3.31.2\quarkus-ide-launcher-3.31.2.jar;C:\Users\kanna\.m2\repository\io\quarkus\quarkus-development-mode-spi\3.31.2\quarkus-development-mode-spi-3.31.2.jar;C:\Users\kanna\.m2\repository\io\smallrye\config\smallrye-config\3.15.1\smallrye-config-3.15.1.jar;C:\Users\kanna\.m2\repository\io\smallrye\config\smallrye-config-core\3.15.1\smallrye-config-core-3.15.1.jar;C:\Users\kanna\.m2\repository\org\jboss\logmanager\jboss-logmanager\3.2.0.Final\jboss-logmanager-3.2.0.Final.jar;C:\Users\kanna\.m2\repository\io\smallrye\common\smallrye-common-cpu\2.15.0\smallrye-common-cpu-2.15.0.jar;C:\Users\kanna\.m2\repository\io\smallrye\common\smallrye-common-expression\2.15.0\smallrye-common-expression-2.15.0.jar;C:\Users\kanna\.m2\repository\io\smallrye\common\smallrye-common-net\2.15.0\smallrye-common-net-2.15.0.jar;C:\Users\kanna\.m2\repository\io\smallrye\common\smallrye-common-ref\2.15.0\smallrye-common-ref-2.15.0.jar;C:\Users\kanna\.m2\repository\org\jboss\threads\jboss-threads\3.9.2\jboss-threads-3.9.2.jar;C:\Users\kanna\.m2\repository\io\smallrye\common\smallrye-common-function\2.15.0\smallrye-common-function-2.15.0.jar;C:\Users\kanna\.m2\repository\org\slf4j\slf4j-api\2.0.17\slf4j-api-2.0.17.jar;C:\Users\kanna\.m2\repository\org\jboss\slf4j\slf4j-jboss-logmanager\2.0.2.Final\slf4j-jboss-logmanager-2.0.2.Final.jar;C:\Users\kanna\.m2\repository\org\wildfly\common\wildfly-common\2.0.1\wildfly-common-2.0.1.jar;C:\Users\kanna\.m2\repository\io\quarkus\quarkus-registry\3.31.2\quarkus-registry-3.31.2.jar;C:\Users\kanna\.m2\repository\io\quarkus\quarkus-bootstrap-runner\3.31.2\quarkus-bootstrap-runner-3.31.2.jar;C:\Users\kanna\.m2\repository\io\quarkus\quarkus-fs-util\1.3.0\quarkus-fs-util-1.3.0.jar;C:\Users\kanna\.m2\repository\org\eclipse\microprofile\context-propagation\microprofile-context-propagation-api\1.3\microprofile-context-propagation-api-1.3.jar;C:\Users\kanna\.m2\repository\io\quarkus\quarkus-rest\3.31.2\quarkus-rest-3.31.2.jar;C:\Users\kanna\.m2\repository\io\quarkus\quarkus-rest-common\3.31.2\quarkus-rest-common-3.31.2.jar;C:\Users\kanna\.m2\repository\io\quarkus\resteasy\reactive\resteasy-reactive-common\3.31.2\resteasy-reactive-common-3.31.2.jar;C:\Users\kanna\.m2\repository\io\quarkus\resteasy\reactive\resteasy-reactive-common-types\3.31.2\resteasy-reactive-common-types-3.31.2.jar;C:\Users\kanna\.m2\repository\io\quarkus\resteasy\reactive\resteasy-reactive-vertx\3.31.2\resteasy-reactive-vertx-3.31.2.jar;C:\Users\kanna\.m2\repository\io\vertx\vertx-web\4.5.24\vertx-web-4.5.24.jar;C:\Users\kanna\.m2\repository\io\vertx\vertx-web-common\4.5.24\vertx-web-common-4.5.24.jar;C:\Users\kanna\.m2\repository\io\vertx\vertx-auth-common\4.5.24\vertx-auth-common-4.5.24.jar;C:\Users\kanna\.m2\repository\io\vertx\vertx-bridge-common\4.5.24\vertx-bridge-common-4.5.24.jar;C:\Users\kanna\.m2\repository\io\smallrye\reactive\smallrye-mutiny-vertx-core\3.21.4\smallrye-mutiny-vertx-core-3.21.4.jar;C:\Users\kanna\.m2\repository\io\smallrye\reactive\smallrye-mutiny-vertx-runtime\3.21.4\smallrye-mutiny-vertx-runtime-3.21.4.jar;C:\Users\kanna\.m2\repository\io\smallrye\reactive\vertx-mutiny-generator\3.21.4\vertx-mutiny-generator-3.21.4.jar;C:\Users\kanna\.m2\repository\io\vertx\vertx-codegen\4.5.24\vertx-codegen-4.5.24.jar;C:\Users\kanna\.m2\repository\io\quarkus\resteasy\reactive\resteasy-reactive\3.31.2\resteasy-reactive-3.31.2.jar;C:\Users\kanna\.m2\repository\io\quarkus\vertx\utils\quarkus-vertx-utils\3.31.2\quarkus-vertx-utils-3.31.2.jar;C:\Users\kanna\.m2\repository\jakarta\xml\bind\jakarta.xml.bind-api\4.0.4\jakarta.xml.bind-api-4.0.4.jar;C:\Users\kanna\.m2\repository\jakarta\activation\jakarta.activation-api\2.1.4\jakarta.activation-api-2.1.4.jar;C:\Users\kanna\.m2\repository\io\quarkus\quarkus-vertx-http\3.31.2\quarkus-vertx-http-3.31.2.jar;C:\Users\kanna\.m2\repository\io\quarkus\quarkus-security-runtime-spi\3.31.2\quarkus-security-runtime-spi-3.31.2.jar;C:\Users\kanna\.m2\repository\io\quarkus\quarkus-credentials\3.31.2\quarkus-credentials-3.31.2.jar;C:\Users\kanna\.m2\repository\io\smallrye\common\smallrye-common-vertx-context\2.15.0\smallrye-common-vertx-context-2.15.0.jar;C:\Users\kanna\.m2\repository\io\quarkus\security\quarkus-security\2.3.2\quarkus-security-2.3.2.jar;C:\Users\kanna\.m2\repository\io\smallrye\reactive\smallrye-mutiny-vertx-web\3.21.4\smallrye-mutiny-vertx-web-3.21.4.jar;C:\Users\kanna\.m2\repository\io\smallrye\reactive\smallrye-mutiny-vertx-web-common\3.21.4\smallrye-mutiny-vertx-web-common-3.21.4.jar;C:\Users\kanna\.m2\repository\io\smallrye\reactive\smallrye-mutiny-vertx-auth-common\3.21.4\smallrye-mutiny-vertx-auth-common-3.21.4.jar;C:\Users\kanna\.m2\repository\io\smallrye\reactive\smallrye-mutiny-vertx-bridge-common\3.21.4\smallrye-mutiny-vertx-bridge-common-3.21.4.jar;C:\Users\kanna\.m2\repository\io\smallrye\reactive\smallrye-mutiny-vertx-uri-template\3.21.4\smallrye-mutiny-vertx-uri-template-3.21.4.jar;C:\Users\kanna\.m2\repository\io\vertx\vertx-uri-template\4.5.24\vertx-uri-template-4.5.24.jar;C:\Users\kanna\.m2\repository\org\crac\crac\1.5.0\crac-1.5.0.jar;C:\Users\kanna\.m2\repository\com\aayushatharva\brotli4j\brotli4j\1.16.0\brotli4j-1.16.0.jar;C:\Users\kanna\.m2\repository\com\aayushatharva\brotli4j\service\1.16.0\service-1.16.0.jar;C:\Users\kanna\.m2\repository\com\aayushatharva\brotli4j\native-windows-x86_64\1.16.0\native-windows-x86_64-1.16.0.jar;C:\Users\kanna\.m2\repository\io\quarkus\quarkus-jsonp\3.31.2\quarkus-jsonp-3.31.2.jar;C:\Users\kanna\.m2\repository\org\eclipse\parsson\parsson\1.1.7\parsson-1.1.7.jar;C:\Users\kanna\.m2\repository\io\quarkus\quarkus-virtual-threads\3.31.2\quarkus-virtual-threads-3.31.2.jar;C:\Users\kanna\.m2\repository\io\vertx\vertx-core\4.5.24\vertx-core-4.5.24.jar;C:\Users\kanna\.m2\repository\io\netty\netty-handler-proxy\4.1.130.Final\netty-handler-proxy-4.1.130.Final.jar;C:\Users\kanna\.m2\repository\io\netty\netty-codec-socks\4.1.130.Final\netty-codec-socks-4.1.130.Final.jar;C:\Users\kanna\.m2\repository\io\netty\netty-resolver-dns\4.1.130.Final\netty-resolver-dns-4.1.130.Final.jar;C:\Users\kanna\.m2\repository\io\netty\netty-codec-dns\4.1.130.Final\netty-codec-dns-4.1.130.Final.jar;C:\Users\kanna\.m2\repository\io\quarkus\quarkus-rest-jackson\3.31.2\quarkus-rest-jackson-3.31.2.jar;C:\Users\kanna\.m2\repository\io\quarkus\quarkus-rest-jackson-common\3.31.2\quarkus-rest-jackson-common-3.31.2.jar;C:\Users\kanna\.m2\repository\io\quarkus\resteasy\reactive\resteasy-reactive-jackson\3.31.2\resteasy-reactive-jackson-3.31.2.jar;C:\Users\kanna\.m2\repository\io\quarkus\quarkus-redis-client\3.31.2\quarkus-redis-client-3.31.2.jar;C:\Users\kanna\.m2\repository\io\quarkus\quarkus-vertx\3.31.2\quarkus-vertx-3.31.2.jar;C:\Users\kanna\.m2\repository\io\quarkus\quarkus-netty\3.31.2\quarkus-netty-3.31.2.jar;C:\Users\kanna\.m2\repository\io\netty\netty-codec-haproxy\4.1.130.Final\netty-codec-haproxy-4.1.130.Final.jar;C:\Users\kanna\.m2\repository\io\smallrye\common\smallrye-common-annotation\2.15.0\smallrye-common-annotation-2.15.0.jar;C:\Users\kanna\.m2\repository\io\quarkus\quarkus-vertx-latebound-mdc-provider\3.31.2\quarkus-vertx-latebound-mdc-provider-3.31.2.jar;C:\Users\kanna\.m2\repository\io\smallrye\smallrye-fault-tolerance-vertx\6.10.0\smallrye-fault-tolerance-vertx-6.10.0.jar;C:\Users\kanna\.m2\repository\io\quarkus\quarkus-jackson\3.31.2\quarkus-jackson-3.31.2.jar;C:\Users\kanna\.m2\repository\com\fasterxml\jackson\datatype\jackson-datatype-jsr310\2.20.1\jackson-datatype-jsr310-2.20.1.jar;C:\Users\kanna\.m2\repository\com\fasterxml\jackson\datatype\jackson-datatype-jdk8\2.20.1\jackson-datatype-jdk8-2.20.1.jar;C:\Users\kanna\.m2\repository\com\fasterxml\jackson\module\jackson-module-parameter-names\2.20.1\jackson-module-parameter-names-2.20.1.jar;C:\Users\kanna\.m2\repository\io\quarkus\quarkus-tls-registry\3.31.2\quarkus-tls-registry-3.31.2.jar;C:\Users\kanna\.m2\repository\io\quarkus\quarkus-tls-registry-spi\3.31.2\quarkus-tls-registry-spi-3.31.2.jar;C:\Users\kanna\.m2\repository\io\smallrye\certs\smallrye-private-key-pem-parser\0.9.2\smallrye-private-key-pem-parser-0.9.2.jar;C:\Users\kanna\.m2\repository\io\quarkus\quarkus-proxy-registry\3.31.2\quarkus-proxy-registry-3.31.2.jar;C:\Users\kanna\.m2\repository\io\smallrye\reactive\smallrye-mutiny-vertx-redis-client\3.21.4\smallrye-mutiny-vertx-redis-client-3.21.4.jar;C:\Users\kanna\.m2\repository\io\vertx\vertx-redis-client\4.5.24\vertx-redis-client-4.5.24.jar;C:\Users\kanna\.m2\repository\io\quarkus\quarkus-devservices\3.31.2\quarkus-devservices-3.31.2.jar;C:\Users\kanna\.m2\repository\io\quarkus\quarkus-messaging-kafka\3.31.2\quarkus-messaging-kafka-3.31.2.jar;C:\Users\kanna\.m2\repository\io\quarkus\quarkus-kafka-client\3.31.2\quarkus-kafka-client-3.31.2.jar;C:\Users\kanna\.m2\repository\io\smallrye\reactive\smallrye-reactive-messaging-kafka\4.32.1\smallrye-reactive-messaging-kafka-4.32.1.jar;C:\Users\kanna\.m2\repository\io\smallrye\reactive\smallrye-reactive-messaging-kafka-api\4.32.1\smallrye-reactive-messaging-kafka-api-4.32.1.jar;C:\Users\kanna\.m2\repository\io\smallrye\reactive\smallrye-reactive-messaging-otel\4.32.1\smallrye-reactive-messaging-otel-4.32.1.jar;C:\Users\kanna\.m2\repository\io\opentelemetry\opentelemetry-api\1.57.0\opentelemetry-api-1.57.0.jar;C:\Users\kanna\.m2\repository\io\opentelemetry\opentelemetry-context\1.57.0\opentelemetry-context-1.57.0.jar;C:\Users\kanna\.m2\repository\io\opentelemetry\opentelemetry-common\1.57.0\opentelemetry-common-1.57.0.jar;C:\Users\kanna\.m2\repository\io\opentelemetry\semconv\opentelemetry-semconv\1.37.0\opentelemetry-semconv-1.37.0.jar;C:\Users\kanna\.m2\repository\io\opentelemetry\semconv\opentelemetry-semconv-incubating\1.37.0-alpha\opentelemetry-semconv-incubating-1.37.0-alpha.jar;C:\Users\kanna\.m2\repository\io\opentelemetry\instrumentation\opentelemetry-instrumentation-api\2.23.0\opentelemetry-instrumentation-api-2.23.0.jar;C:\Users\kanna\.m2\repository\io\opentelemetry\opentelemetry-api-incubator\1.57.0-alpha\opentelemetry-api-incubator-1.57.0-alpha.jar;C:\Users\kanna\.m2\repository\io\opentelemetry\instrumentation\opentelemetry-instrumentation-api-incubator\2.23.0-alpha\opentelemetry-instrumentation-api-incubator-2.23.0-alpha.jar;C:\Users\kanna\.m2\repository\io\smallrye\reactive\smallrye-reactive-converter-api\3.0.3\smallrye-reactive-converter-api-3.0.3.jar;C:\Users\kanna\.m2\repository\io\smallrye\reactive\mutiny-zero\1.1.1\mutiny-zero-1.1.1.jar;C:\Users\kanna\.m2\repository\io\smallrye\reactive\mutiny-zero-flow-adapters\1.1.1\mutiny-zero-flow-adapters-1.1.1.jar;C:\Users\kanna\.m2\repository\org\apache\kafka\kafka-clients\4.1.1\kafka-clients-4.1.1.jar;C:\Users\kanna\.m2\repository\com\github\luben\zstd-jni\1.5.6-10\zstd-jni-1.5.6-10.jar;C:\Users\kanna\.m2\repository\org\xerial\snappy\snappy-java\1.1.10.8\snappy-java-1.1.10.8.jar;C:\Users\kanna\.m2\repository\at\yawk\lz4\lz4-java\1.10.1\lz4-java-1.10.1.jar;C:\Users\kanna\.m2\repository\io\quarkus\quarkus-messaging\3.31.2\quarkus-messaging-3.31.2.jar;C:\Users\kanna\.m2\repository\io\quarkus\quarkus-mutiny-reactive-streams-operators\3.31.2\quarkus-mutiny-reactive-streams-operators-3.31.2.jar;C:\Users\kanna\.m2\repository\org\eclipse\microprofile\reactive-streams-operators\microprofile-reactive-streams-operators-api\3.0.1\microprofile-reactive-streams-operators-api-3.0.1.jar;C:\Users\kanna\.m2\repository\org\eclipse\microprofile\reactive-streams-operators\microprofile-reactive-streams-operators-core\3.0.1\microprofile-reactive-streams-operators-core-3.0.1.jar;C:\Users\kanna\.m2\repository\io\smallrye\reactive\mutiny-reactive-streams-operators\3.1.0\mutiny-reactive-streams-operators-3.1.0.jar;C:\Users\kanna\.m2\repository\io\quarkus\quarkus-messaging-kotlin\3.31.2\quarkus-messaging-kotlin-3.31.2.jar;C:\Users\kanna\.m2\repository\io\smallrye\reactive\smallrye-reactive-messaging-health\4.32.1\smallrye-reactive-messaging-health-4.32.1.jar;C:\Users\kanna\.m2\repository\io\smallrye\reactive\smallrye-reactive-messaging-provider\4.32.1\smallrye-reactive-messaging-provider-4.32.1.jar;C:\Users\kanna\.m2\repository\io\smallrye\reactive\smallrye-reactive-messaging-api\4.32.1\smallrye-reactive-messaging-api-4.32.1.jar;C:\Users\kanna\.m2\repository\jakarta\annotation\jakarta.annotation-api\3.0.0\jakarta.annotation-api-3.0.0.jar;C:\Users\kanna\.m2\repository\software\amazon\awssdk\s3\2.25.29\s3-2.25.29.jar;C:\Users\kanna\.m2\repository\software\amazon\awssdk\aws-xml-protocol\2.25.29\aws-xml-protocol-2.25.29.jar;C:\Users\kanna\.m2\repository\software\amazon\awssdk\protocol-core\2.25.29\protocol-core-2.25.29.jar;C:\Users\kanna\.m2\repository\software\amazon\awssdk\arns\2.25.29\arns-2.25.29.jar;C:\Users\kanna\.m2\repository\software\amazon\awssdk\profiles\2.25.29\profiles-2.25.29.jar;C:\Users\kanna\.m2\repository\software\amazon\awssdk\crt-core\2.25.29\crt-core-2.25.29.jar;C:\Users\kanna\.m2\repository\software\amazon\awssdk\http-auth\2.25.29\http-auth-2.25.29.jar;C:\Users\kanna\.m2\repository\software\amazon\awssdk\identity-spi\2.25.29\identity-spi-2.25.29.jar;C:\Users\kanna\.m2\repository\software\amazon\awssdk\http-auth-spi\2.25.29\http-auth-spi-2.25.29.jar;C:\Users\kanna\.m2\repository\org\reactivestreams\reactive-streams\1.0.4\reactive-streams-1.0.4.jar;C:\Users\kanna\.m2\repository\software\amazon\awssdk\http-auth-aws\2.25.29\http-auth-aws-2.25.29.jar;C:\Users\kanna\.m2\repository\software\amazon\awssdk\checksums\2.25.29\checksums-2.25.29.jar;C:\Users\kanna\.m2\repository\software\amazon\awssdk\checksums-spi\2.25.29\checksums-spi-2.25.29.jar;C:\Users\kanna\.m2\repository\software\amazon\awssdk\sdk-core\2.25.29\sdk-core-2.25.29.jar;C:\Users\kanna\.m2\repository\software\amazon\awssdk\auth\2.25.29\auth-2.25.29.jar;C:\Users\kanna\.m2\repository\software\amazon\eventstream\eventstream\1.0.1\eventstream-1.0.1.jar;C:\Users\kanna\.m2\repository\software\amazon\awssdk\http-client-spi\2.25.29\http-client-spi-2.25.29.jar;C:\Users\kanna\.m2\repository\software\amazon\awssdk\regions\2.25.29\regions-2.25.29.jar;C:\Users\kanna\.m2\repository\software\amazon\awssdk\annotations\2.25.29\annotations-2.25.29.jar;C:\Users\kanna\.m2\repository\software\amazon\awssdk\utils\2.25.29\utils-2.25.29.jar;C:\Users\kanna\.m2\repository\software\amazon\awssdk\aws-core\2.25.29\aws-core-2.25.29.jar;C:\Users\kanna\.m2\repository\software\amazon\awssdk\metrics-spi\2.25.29\metrics-spi-2.25.29.jar;C:\Users\kanna\.m2\repository\software\amazon\awssdk\json-utils\2.25.29\json-utils-2.25.29.jar;C:\Users\kanna\.m2\repository\software\amazon\awssdk\third-party-jackson-core\2.25.29\third-party-jackson-core-2.25.29.jar;C:\Users\kanna\.m2\repository\software\amazon\awssdk\endpoints-spi\2.25.29\endpoints-spi-2.25.29.jar;C:\Users\kanna\.m2\repository\software\amazon\awssdk\apache-client\2.25.29\apache-client-2.25.29.jar;C:\Users\kanna\.m2\repository\org\apache\httpcomponents\httpcore\4.4.16\httpcore-4.4.16.jar;C:\Users\kanna\.m2\repository\commons-codec\commons-codec\1.20.0\commons-codec-1.20.0.jar;C:\Users\kanna\.m2\repository\software\amazon\awssdk\netty-nio-client\2.25.29\netty-nio-client-2.25.29.jar;C:\Users\kanna\.m2\repository\io\netty\netty-codec-http\4.1.130.Final\netty-codec-http-4.1.130.Final.jar;C:\Users\kanna\.m2\repository\io\netty\netty-codec-http2\4.1.130.Final\netty-codec-http2-4.1.130.Final.jar;C:\Users\kanna\.m2\repository\io\netty\netty-codec\4.1.130.Final\netty-codec-4.1.130.Final.jar;C:\Users\kanna\.m2\repository\io\netty\netty-transport\4.1.130.Final\netty-transport-4.1.130.Final.jar;C:\Users\kanna\.m2\repository\io\netty\netty-common\4.1.130.Final\netty-common-4.1.130.Final.jar;C:\Users\kanna\.m2\repository\io\netty\netty-buffer\4.1.130.Final\netty-buffer-4.1.130.Final.jar;C:\Users\kanna\.m2\repository\io\netty\netty-handler\4.1.130.Final\netty-handler-4.1.130.Final.jar;C:\Users\kanna\.m2\repository\io\netty\netty-transport-native-unix-common\4.1.130.Final\netty-transport-native-unix-common-4.1.130.Final.jar;C:\Users\kanna\.m2\repository\io\netty\netty-transport-classes-epoll\4.1.130.Final\netty-transport-classes-epoll-4.1.130.Final.jar;C:\Users\kanna\.m2\repository\io\netty\netty-resolver\4.1.130.Final\netty-resolver-4.1.130.Final.jar;C:\Users\kanna\.m2\repository\software\amazon\awssdk\sts\2.25.29\sts-2.25.29.jar;C:\Users\kanna\.m2\repository\software\amazon\awssdk\aws-query-protocol\2.25.29\aws-query-protocol-2.25.29.jar;C:\Users\kanna\.m2\repository\io\quarkus\quarkus-config-yaml\3.31.2\quarkus-config-yaml-3.31.2.jar;C:\Users\kanna\.m2\repository\io\smallrye\config\smallrye-config-source-yaml\3.15.1\smallrye-config-source-yaml-3.15.1.jar;C:\Users\kanna\.m2\repository\io\smallrye\config\smallrye-config-common\3.15.1\smallrye-config-common-3.15.1.jar;C:\Users\kanna\.m2\repository\io\smallrye\common\smallrye-common-constraint\2.15.0\smallrye-common-constraint-2.15.0.jar;C:\Users\kanna\.m2\repository\org\eclipse\microprofile\config\microprofile-config-api\3.1\microprofile-config-api-3.1.jar;C:\Users\kanna\.m2\repository\io\quarkus\quarkus-smallrye-health\3.31.2\quarkus-smallrye-health-3.31.2.jar;C:\Users\kanna\.m2\repository\io\smallrye\smallrye-health\4.3.0\smallrye-health-4.3.0.jar;C:\Users\kanna\.m2\repository\org\eclipse\microprofile\health\microprofile-health-api\4.0.1\microprofile-health-api-4.0.1.jar;C:\Users\kanna\.m2\repository\io\smallrye\smallrye-health-api\4.3.0\smallrye-health-api-4.3.0.jar;C:\Users\kanna\.m2\repository\jakarta\json\jakarta.json-api\2.1.3\jakarta.json-api-2.1.3.jar;C:\Users\kanna\.m2\repository\io\smallrye\smallrye-health-provided-checks\4.3.0\smallrye-health-provided-checks-4.3.0.jar;C:\Users\kanna\.m2\repository\io\quarkus\quarkus-smallrye-openapi\3.31.2\quarkus-smallrye-openapi-3.31.2.jar;C:\Users\kanna\.m2\repository\io\smallrye\smallrye-open-api-core\4.2.4\smallrye-open-api-core-4.2.4.jar;C:\Users\kanna\.m2\repository\org\eclipse\microprofile\openapi\microprofile-openapi-api\4.1.1\microprofile-openapi-api-4.1.1.jar;C:\Users\kanna\.m2\repository\io\smallrye\smallrye-open-api-model\4.2.4\smallrye-open-api-model-4.2.4.jar;C:\Users\kanna\.m2\repository\io\smallrye\jandex\3.5.3\jandex-3.5.3.jar;C:\Users\kanna\.m2\repository\io\smallrye\common\smallrye-common-classloader\2.15.0\smallrye-common-classloader-2.15.0.jar;C:\Users\kanna\.m2\repository\io\quarkus\quarkus-swagger-ui\3.31.2\quarkus-swagger-ui-3.31.2.jar;C:\Users\kanna\.m2\repository\io\quarkus\quarkus-hibernate-validator\3.31.2\quarkus-hibernate-validator-3.31.2.jar;C:\Users\kanna\.m2\repository\org\hibernate\validator\hibernate-validator\9.1.0.Final\hibernate-validator-9.1.0.Final.jar;C:\Users\kanna\.m2\repository\jakarta\validation\jakarta.validation-api\3.1.1\jakarta.validation-api-3.1.1.jar;C:\Users\kanna\.m2\repository\com\fasterxml\classmate\1.7.1\classmate-1.7.1.jar;C:\Users\kanna\.m2\repository\org\glassfish\expressly\expressly\6.0.0\expressly-6.0.0.jar;C:\Users\kanna\.m2\repository\jakarta\el\jakarta.el-api\6.0.1\jakarta.el-api-6.0.1.jar;C:\Users\kanna\.m2\repository\io\smallrye\config\smallrye-config-validator\3.15.1\smallrye-config-validator-3.15.1.jar;C:\Users\kanna\.m2\repository\jakarta\ws\rs\jakarta.ws.rs-api\3.1.0\jakarta.ws.rs-api-3.1.0.jar;C:\Users\kanna\.m2\repository\io\quarkus\quarkus-smallrye-fault-tolerance\3.31.2\quarkus-smallrye-fault-tolerance-3.31.2.jar;C:\Users\kanna\.m2\repository\io\quarkus\quarkus-mutiny\3.31.2\quarkus-mutiny-3.31.2.jar;C:\Users\kanna\.m2\repository\io\smallrye\reactive\mutiny-smallrye-context-propagation\3.1.0\mutiny-smallrye-context-propagation-3.1.0.jar;C:\Users\kanna\.m2\repository\io\smallrye\smallrye-fault-tolerance\6.10.0\smallrye-fault-tolerance-6.10.0.jar;C:\Users\kanna\.m2\repository\org\eclipse\microprofile\fault-tolerance\microprofile-fault-tolerance-api\4.1.2\microprofile-fault-tolerance-api-4.1.2.jar;C:\Users\kanna\.m2\repository\io\smallrye\smallrye-fault-tolerance-api\6.10.0\smallrye-fault-tolerance-api-6.10.0.jar;C:\Users\kanna\.m2\repository\io\smallrye\smallrye-fault-tolerance-core\6.10.0\smallrye-fault-tolerance-core-6.10.0.jar;C:\Users\kanna\.m2\repository\io\smallrye\smallrye-fault-tolerance-autoconfig-core\6.10.0\smallrye-fault-tolerance-autoconfig-core-6.10.0.jar;C:\Users\kanna\.m2\repository\io\smallrye\smallrye-fault-tolerance-apiimpl\6.10.0\smallrye-fault-tolerance-apiimpl-6.10.0.jar;C:\Users\kanna\.m2\repository\jakarta\enterprise\jakarta.enterprise.cdi-api\4.1.0\jakarta.enterprise.cdi-api-4.1.0.jar;C:\Users\kanna\.m2\repository\jakarta\enterprise\jakarta.enterprise.lang-model\4.1.0\jakarta.enterprise.lang-model-4.1.0.jar;C:\Users\kanna\.m2\repository\jakarta\interceptor\jakarta.interceptor-api\2.2.0\jakarta.interceptor-api-2.2.0.jar;C:\Users\kanna\.m2\repository\org\jboss\logging\commons-logging-jboss-logging\1.0.0.Final\commons-logging-jboss-logging-1.0.0.Final.jar;C:\Users\kanna\.m2\repository\io\quarkus\quarkus-smallrye-context-propagation\3.31.2\quarkus-smallrye-context-propagation-3.31.2.jar;C:\Users\kanna\.m2\repository\io\smallrye\smallrye-context-propagation\2.3.0\smallrye-context-propagation-2.3.0.jar;C:\Users\kanna\.m2\repository\io\smallrye\smallrye-context-propagation-api\2.3.0\smallrye-context-propagation-api-2.3.0.jar;C:\Users\kanna\.m2\repository\io\smallrye\smallrye-context-propagation-storage\2.3.0\smallrye-context-propagation-storage-2.3.0.jar;C:\Users\kanna\.m2\repository\io\smallrye\smallrye-fault-tolerance-context-propagation\6.10.0\smallrye-fault-tolerance-context-propagation-6.10.0.jar;C:\Users\kanna\.m2\repository\io\smallrye\smallrye-fault-tolerance-mutiny\6.10.0\smallrye-fault-tolerance-mutiny-6.10.0.jar;C:\Users\kanna\.m2\repository\io\quarkus\quarkus-junit\3.31.2\quarkus-junit-3.31.2.jar;C:\Users\kanna\.m2\repository\io\quarkus\quarkus-bootstrap-core\3.31.2\quarkus-bootstrap-core-3.31.2.jar;C:\Users\kanna\.m2\repository\io\quarkus\quarkus-classloader-commons\3.31.2\quarkus-classloader-commons-3.31.2.jar;C:\Users\kanna\.m2\repository\io\quarkus\quarkus-bootstrap-app-model\3.31.2\quarkus-bootstrap-app-model-3.31.2.jar;C:\Users\kanna\.m2\repository\io\quarkus\quarkus-bootstrap-json\3.31.2\quarkus-bootstrap-json-3.31.2.jar;C:\Users\kanna\.m2\repository\io\smallrye\common\smallrye-common-io\2.15.0\smallrye-common-io-2.15.0.jar;C:\Users\kanna\.m2\repository\org\eclipse\sisu\org.eclipse.sisu.inject\0.9.0.M4\org.eclipse.sisu.inject-0.9.0.M4.jar;C:\Users\kanna\.m2\repository\org\ow2\asm\asm\9.9.1\asm-9.9.1.jar;C:\Users\kanna\.m2\repository\io\quarkus\quarkus-test-common\3.31.2\quarkus-test-common-3.31.2.jar;C:\Users\kanna\.m2\repository\io\quarkus\quarkus-core-deployment\3.31.2\quarkus-core-deployment-3.31.2.jar;C:\Users\kanna\.m2\repository\org\aesh\readline\2.6\readline-2.6.jar;C:\Users\kanna\.m2\repository\org\fusesource\jansi\jansi\2.4.0\jansi-2.4.0.jar;C:\Users\kanna\.m2\repository\org\aesh\aesh\2.8.2\aesh-2.8.2.jar;C:\Users\kanna\.m2\repository\org\apache\commons\commons-compress\1.28.0\commons-compress-1.28.0.jar;C:\Users\kanna\.m2\repository\io\quarkus\gizmo\gizmo\1.10.1\gizmo-1.10.1.jar;C:\Users\kanna\.m2\repository\org\ow2\asm\asm-util\9.9.1\asm-util-9.9.1.jar;C:\Users\kanna\.m2\repository\org\ow2\asm\asm-analysis\9.9.1\asm-analysis-9.9.1.jar;C:\Users\kanna\.m2\repository\io\quarkus\gizmo\gizmo2\2.0.0\gizmo2-2.0.0.jar;C:\Users\kanna\.m2\repository\io\smallrye\classfile\jdk-classfile-backport\26.cr1\jdk-classfile-backport-26.cr1.jar;C:\Users\kanna\.m2\repository\io\smallrye\common\smallrye-common-resource\2.15.0\smallrye-common-resource-2.15.0.jar;C:\Users\kanna\.m2\repository\io\smallrye\jandex-gizmo2\3.5.3\jandex-gizmo2-3.5.3.jar;C:\Users\kanna\.m2\repository\io\smallrye\common\smallrye-common-process\2.15.0\smallrye-common-process-2.15.0.jar;C:\Users\kanna\.m2\repository\org\ow2\asm\asm-commons\9.9.1\asm-commons-9.9.1.jar;C:\Users\kanna\.m2\repository\org\ow2\asm\asm-tree\9.9.1\asm-tree-9.9.1.jar;C:\Users\kanna\.m2\repository\io\quarkus\quarkus-hibernate-validator-spi\3.31.2\quarkus-hibernate-validator-spi-3.31.2.jar;C:\Users\kanna\.m2\repository\io\quarkus\quarkus-class-change-agent\3.31.2\quarkus-class-change-agent-3.31.2.jar;C:\Users\kanna\.m2\repository\io\quarkus\quarkus-builder\3.31.2\quarkus-builder-3.31.2.jar;C:\Users\kanna\.m2\repository\org\graalvm\sdk\nativeimage\23.1.2\nativeimage-23.1.2.jar;C:\Users\kanna\.m2\repository\org\graalvm\sdk\word\23.1.2\word-23.1.2.jar;C:\Users\kanna\.m2\repository\org\junit\platform\junit-platform-launcher\6.0.2\junit-platform-launcher-6.0.2.jar;C:\Users\kanna\.m2\repository\io\quarkus\quarkus-bootstrap-maven-resolver\3.31.2\quarkus-bootstrap-maven-resolver-3.31.2.jar;C:\Users\kanna\.m2\repository\io\smallrye\beanbag\smallrye-beanbag-maven\1.6.1\smallrye-beanbag-maven-1.6.1.jar;C:\Users\kanna\.m2\repository\io\smallrye\beanbag\smallrye-beanbag-sisu\1.6.1\smallrye-beanbag-sisu-1.6.1.jar;C:\Users\kanna\.m2\repository\io\smallrye\beanbag\smallrye-beanbag\1.6.1\smallrye-beanbag-1.6.1.jar;C:\Users\kanna\.m2\repository\javax\inject\javax.inject\1\javax.inject-1.jar;C:\Users\kanna\.m2\repository\org\apache\maven\maven-artifact\3.9.12\maven-artifact-3.9.12.jar;C:\Users\kanna\.m2\repository\org\apache\maven\maven-builder-support\3.9.12\maven-builder-support-3.9.12.jar;C:\Users\kanna\.m2\repository\org\apache\maven\maven-model\3.9.12\maven-model-3.9.12.jar;C:\Users\kanna\.m2\repository\org\apache\maven\maven-model-builder\3.9.12\maven-model-builder-3.9.12.jar;C:\Users\kanna\.m2\repository\org\apache\maven\maven-repository-metadata\3.9.12\maven-repository-metadata-3.9.12.jar;C:\Users\kanna\.m2\repository\org\apache\maven\maven-settings\3.9.12\maven-settings-3.9.12.jar;C:\Users\kanna\.m2\repository\org\apache\maven\resolver\maven-resolver-api\1.9.25\maven-resolver-api-1.9.25.jar;C:\Users\kanna\.m2\repository\org\apache\maven\resolver\maven-resolver-impl\1.9.25\maven-resolver-impl-1.9.25.jar;C:\Users\kanna\.m2\repository\org\apache\maven\resolver\maven-resolver-named-locks\1.9.25\maven-resolver-named-locks-1.9.25.jar;C:\Users\kanna\.m2\repository\org\apache\maven\resolver\maven-resolver-spi\1.9.25\maven-resolver-spi-1.9.25.jar;C:\Users\kanna\.m2\repository\org\apache\maven\resolver\maven-resolver-util\1.9.25\maven-resolver-util-1.9.25.jar;C:\Users\kanna\.m2\repository\org\apache\maven\resolver\maven-resolver-transport-http\1.9.25\maven-resolver-transport-http-1.9.25.jar;C:\Users\kanna\.m2\repository\com\google\code\gson\gson\2.13.2\gson-2.13.2.jar;C:\Users\kanna\.m2\repository\com\google\errorprone\error_prone_annotations\2.46.0\error_prone_annotations-2.46.0.jar;C:\Users\kanna\.m2\repository\org\apache\maven\wagon\wagon-provider-api\3.5.3\wagon-provider-api-3.5.3.jar;C:\Users\kanna\.m2\repository\org\apache\maven\wagon\wagon-http-shared\3.5.3\wagon-http-shared-3.5.3.jar;C:\Users\kanna\.m2\repository\org\codehaus\plexus\plexus-interpolation\1.26\plexus-interpolation-1.26.jar;C:\Users\kanna\.m2\repository\org\codehaus\plexus\plexus-utils\3.5.1\plexus-utils-3.5.1.jar;C:\Users\kanna\.m2\repository\org\codehaus\plexus\plexus-xml\4.0.2\plexus-xml-4.0.2.jar;C:\Users\kanna\.m2\repository\org\apache\maven\maven-xml-impl\4.0.0-alpha-7\maven-xml-impl-4.0.0-alpha-7.jar;C:\Users\kanna\.m2\repository\org\apache\maven\maven-api-xml\4.0.0-alpha-7\maven-api-xml-4.0.0-alpha-7.jar;C:\Users\kanna\.m2\repository\org\apache\maven\maven-api-meta\4.0.0-alpha-7\maven-api-meta-4.0.0-alpha-7.jar;C:\Users\kanna\.m2\repository\org\codehaus\plexus\plexus-cipher\2.0\plexus-cipher-2.0.jar;C:\Users\kanna\.m2\repository\org\codehaus\plexus\plexus-sec-dispatcher\2.0\plexus-sec-dispatcher-2.0.jar;C:\Users\kanna\.m2\repository\io\quarkus\quarkus-bootstrap-maven4-resolver\3.31.2\quarkus-bootstrap-maven4-resolver-3.31.2.jar;C:\Users\kanna\.m2\repository\org\apache\maven\maven-embedder\3.9.12\maven-embedder-3.9.12.jar;C:\Users\kanna\.m2\repository\org\apache\maven\maven-core\3.9.12\maven-core-3.9.12.jar;C:\Users\kanna\.m2\repository\org\codehaus\plexus\plexus-component-annotations\2.1.0\plexus-component-annotations-2.1.0.jar;C:\Users\kanna\.m2\repository\org\apache\maven\maven-plugin-api\3.9.12\maven-plugin-api-3.9.12.jar;C:\Users\kanna\.m2\repository\org\apache\maven\shared\maven-shared-utils\3.4.2\maven-shared-utils-3.4.2.jar;C:\Users\kanna\.m2\repository\com\google\inject\guice\5.1.0\guice-5.1.0-classes.jar;C:\Users\kanna\.m2\repository\aopalliance\aopalliance\1.0\aopalliance-1.0.jar;C:\Users\kanna\.m2\repository\com\google\guava\guava\33.5.0-jre\guava-33.5.0-jre.jar;C:\Users\kanna\.m2\repository\com\google\guava\failureaccess\1.0.1\failureaccess-1.0.1.jar;C:\Users\kanna\.m2\repository\javax\annotation\javax.annotation-api\1.3.2\javax.annotation-api-1.3.2.jar;C:\Users\kanna\.m2\repository\org\codehaus\plexus\plexus-classworlds\2.6.0\plexus-classworlds-2.6.0.jar;C:\Users\kanna\.m2\repository\commons-cli\commons-cli\1.11.0\commons-cli-1.11.0.jar;C:\Users\kanna\.m2\repository\org\eclipse\sisu\org.eclipse.sisu.plexus\0.9.0.M4\org.eclipse.sisu.plexus-0.9.0.M4.jar;C:\Users\kanna\.m2\repository\org\apache\maven\maven-settings-builder\3.9.12\maven-settings-builder-3.9.12.jar;C:\Users\kanna\.m2\repository\org\apache\maven\maven-resolver-provider\3.9.12\maven-resolver-provider-3.9.12.jar;C:\Users\kanna\.m2\repository\org\apache\maven\resolver\maven-resolver-connector-basic\1.9.25\maven-resolver-connector-basic-1.9.25.jar;C:\Users\kanna\.m2\repository\org\apache\maven\resolver\maven-resolver-transport-wagon\1.9.25\maven-resolver-transport-wagon-1.9.25.jar;C:\Users\kanna\.m2\repository\org\apache\maven\wagon\wagon-http\3.5.3\wagon-http-3.5.3.jar;C:\Users\kanna\.m2\repository\org\apache\maven\wagon\wagon-file\3.5.3\wagon-file-3.5.3.jar;C:\Users\kanna\.m2\repository\io\quarkus\quarkus-bootstrap-gradle-resolver\3.31.2\quarkus-bootstrap-gradle-resolver-3.31.2.jar;C:\Users\kanna\.m2\repository\commons-io\commons-io\2.21.0\commons-io-2.21.0.jar;C:\Users\kanna\.m2\repository\io\quarkus\quarkus-junit-config\3.31.2\quarkus-junit-config-3.31.2.jar;C:\Users\kanna\.m2\repository\org\junit\jupiter\junit-jupiter-api\6.0.2\junit-jupiter-api-6.0.2.jar;C:\Users\kanna\.m2\repository\org\opentest4j\opentest4j\1.3.0\opentest4j-1.3.0.jar;C:\Users\kanna\.m2\repository\org\junit\platform\junit-platform-commons\6.0.2\junit-platform-commons-6.0.2.jar;C:\Users\kanna\.m2\repository\org\apiguardian\apiguardian-api\1.1.2\apiguardian-api-1.1.2.jar;C:\Users\kanna\.m2\repository\org\jspecify\jspecify\1.0.0\jspecify-1.0.0.jar;C:\Users\kanna\.m2\repository\org\junit\jupiter\junit-jupiter\6.0.2\junit-jupiter-6.0.2.jar;C:\Users\kanna\.m2\repository\org\junit\jupiter\junit-jupiter-params\6.0.2\junit-jupiter-params-6.0.2.jar;C:\Users\kanna\.m2\repository\org\junit\jupiter\junit-jupiter-engine\6.0.2\junit-jupiter-engine-6.0.2.jar;C:\Users\kanna\.m2\repository\org\junit\platform\junit-platform-engine\6.0.2\junit-platform-engine-6.0.2.jar;C:\Users\kanna\.m2\repository\io\quarkus\quarkus-junit-mockito\3.31.2\quarkus-junit-mockito-3.31.2.jar;C:\Users\kanna\.m2\repository\org\mockito\mockito-junit-jupiter\5.21.0\mockito-junit-jupiter-5.21.0.jar;C:\Users\kanna\.m2\repository\io\quarkus\quarkus-junit-mockito-config\3.31.2\quarkus-junit-mockito-config-3.31.2.jar;C:\Users\kanna\.m2\repository\io\quarkus\quarkus-arc-deployment\3.31.2\quarkus-arc-deployment-3.31.2.jar;C:\Users\kanna\.m2\repository\io\quarkus\quarkus-smallrye-context-propagation-spi\3.31.2\quarkus-smallrye-context-propagation-spi-3.31.2.jar;C:\Users\kanna\.m2\repository\io\quarkus\quarkus-devui-deployment-spi\3.31.2\quarkus-devui-deployment-spi-3.31.2.jar;C:\Users\kanna\.m2\repository\io\quarkus\quarkus-arc-dev\3.31.2\quarkus-arc-dev-3.31.2.jar;C:\Users\kanna\.m2\repository\io\quarkus\arc\arc-processor\3.31.2\arc-processor-3.31.2.jar;C:\Users\kanna\.m2\repository\io\quarkus\quarkus-arc-test-supplement\3.31.2\quarkus-arc-test-supplement-3.31.2.jar;C:\Users\kanna\.m2\repository\io\quarkus\quarkus-arc-test-supplement-decorator\3.31.2\quarkus-arc-test-supplement-decorator-3.31.2.jar;C:\Users\kanna\.m2\repository\org\mockito\mockito-core\5.21.0\mockito-core-5.21.0.jar;C:\Users\kanna\.m2\repository\net\bytebuddy\byte-buddy-agent\1.17.8\byte-buddy-agent-1.17.8.jar;C:\Users\kanna\.m2\repository\org\objenesis\objenesis\3.3\objenesis-3.3.jar;C:\Users\kanna\.m2\repository\io\quarkus\quarkus-test-security\3.31.2\quarkus-test-security-3.31.2.jar;C:\Users\kanna\.m2\repository\io\quarkus\quarkus-security\3.31.2\quarkus-security-3.31.2.jar;C:\Users\kanna\.m2\repository\io\rest-assured\rest-assured\5.5.6\rest-assured-5.5.6.jar;C:\Users\kanna\.m2\repository\org\apache\groovy\groovy\4.0.22\groovy-4.0.22.jar;C:\Users\kanna\.m2\repository\org\apache\groovy\groovy-xml\4.0.22\groovy-xml-4.0.22.jar;C:\Users\kanna\.m2\repository\org\apache\httpcomponents\httpclient\4.5.14\httpclient-4.5.14.jar;C:\Users\kanna\.m2\repository\org\apache\httpcomponents\httpmime\4.5.14\httpmime-4.5.14.jar;C:\Users\kanna\.m2\repository\org\hamcrest\hamcrest\2.2\hamcrest-2.2.jar;C:\Users\kanna\.m2\repository\org\ccil\cowan\tagsoup\tagsoup\1.2.1\tagsoup-1.2.1.jar;C:\Users\kanna\.m2\repository\io\rest-assured\json-path\5.5.6\json-path-5.5.6.jar;C:\Users\kanna\.m2\repository\org\apache\groovy\groovy-json\4.0.22\groovy-json-4.0.22.jar;C:\Users\kanna\.m2\repository\io\rest-assured\rest-assured-common\5.5.6\rest-assured-common-5.5.6.jar;C:\Users\kanna\.m2\repository\io\rest-assured\xml-path\5.5.6\xml-path-5.5.6.jar;C:\Users\kanna\.m2\repository\org\assertj\assertj-core\3.25.3\assertj-core-3.25.3.jar;C:\Users\kanna\.m2\repository\net\bytebuddy\byte-buddy\1.17.8\byte-buddy-1.17.8.jar;C:\Users\kanna\.m2\repository\com\github\javafaker\javafaker\1.0.2\javafaker-1.0.2.jar;C:\Users\kanna\.m2\repository\org\apache\commons\commons-lang3\3.20.0\commons-lang3-3.20.0.jar;C:\Users\kanna\.m2\repository\com\github\mifmif\generex\1.0.2\generex-1.0.2.jar;C:\Users\kanna\.m2\repository\dk\brics\automaton\automaton\1.11-8\automaton-1.11-8.jar;C:\Users\kanna\.m2\repository\org\projectlombok\lombok\1.18.40\lombok-1.18.40.jar;C:\Users\kanna\.m2\repository\com\fasterxml\jackson\core\jackson-databind\2.20.1\jackson-databind-2.20.1.jar;C:\Users\kanna\.m2\repository\com\fasterxml\jackson\core\jackson-annotations\2.20\jackson-annotations-2.20.jar;C:\Users\kanna\.m2\repository\com\fasterxml\jackson\core\jackson-core\2.20.1\jackson-core-2.20.1.jar;C:\Users\kanna\.m2\repository\com\fasterxml\jackson\dataformat\jackson-dataformat-yaml\2.20.1\jackson-dataformat-yaml-2.20.1.jar;C:\Users\kanna\.m2\repository\com\fasterxml\jackson\module\jackson-module-blackbird\2.20.1\jackson-module-blackbird-2.20.1.jar;C:\Users\kanna\.m2\repository\com\jsoniter\jsoniter\0.9.23\jsoniter-0.9.23.jar;C:\Users\kanna\.m2\repository\org\yaml\snakeyaml\2.2\snakeyaml-2.2.jar;"/>
    <property name="sun.cpu.endian" value="little"/>
    <property name="vertx.disableWebsockets" value="true"/>
    <property name="user.home" value="C:\Users\kanna"/>
    <property name="user.language" value="en"/>
    <property name="java.specification.vendor" value="Oracle Corporation"/>
    <property name="io.netty.allocator.maxOrder" value="3"/>
    <property name="java.version.date" value="2026-01-20"/>
    <property name="java.home" value="C:\Program Files\Java\jdk-25.0.2"/>
    <property name="file.separator" value="\"/>
    <property name="basedir" value="C:\Users\kanna\github\card-fraud-rule-engine-monitoring"/>
    <property name="java.vm.compressedOopsMode" value="Zero based"/>
    <property name="line.separator" value="&#10;"/>
    <property name="java.vm.specification.vendor" value="Oracle Corporation"/>
    <property name="java.specification.name" value="Java Platform API Specification"/>
    <property name="io.netty.allocator.disableCacheFinalizersForFastThreadLocalThreads" value="true"/>
    <property name="surefire.real.class.path" value="C:\Users\kanna\AppData\Local\Temp\surefire12911381302261704129\surefirebooter-20260213170149013_3.jar"/>
    <property name="user.script" value=""/>
    <property name="sun.management.compiler" value="HotSpot 64-Bit Tiered Compilers"/>
    <property name="java.runtime.version" value="25.0.2+10-LTS-69"/>
    <property name="user.name" value="kanna"/>
    <property name="stdout.encoding" value="Cp1252"/>
    <property name="path.separator" value=";"/>
    <property name="os.version" value="10.0"/>
    <property name="java.runtime.name" value="Java(TM) SE Runtime Environment"/>
    <property name="file.encoding" value="UTF-8"/>
    <property name="java.vm.name" value="Java HotSpot(TM) 64-Bit Server VM"/>
    <property name="localRepository" value="C:\Users\kanna\.m2\repository"/>
    <property name="java.vendor.url.bug" value="https://bugreport.java.com/bugreport/"/>
    <property name="java.io.tmpdir" value="C:\Users\kanna\AppData\Local\Temp\"/>
    <property name="java.version" value="25.0.2"/>
    <property name="java.util.concurrent.ForkJoinPool.common.threadFactory" value="io.quarkus.bootstrap.forkjoin.QuarkusForkJoinWorkerThreadFactory"/>
    <property name="user.dir" value="C:\Users\kanna\github\card-fraud-rule-engine-monitoring"/>
    <property name="os.arch" value="amd64"/>
    <property name="java.vm.specification.name" value="Java Virtual Machine Specification"/>
    <property name="vertx.disableDnsResolver" value="true"/>
    <property name="sun.os.patch.level" value=""/>
    <property name="native.encoding" value="Cp1252"/>
    <property name="java.util.logging.manager" value="org.jboss.logmanager.LogManager"/>
    <property name="java.library.path" value="C:\Program Files\Java\jdk-25.0.2\bin;C:\WINDOWS\Sun\Java\bin;C:\WINDOWS\system32;C:\WINDOWS;C:\Users\kanna\github\card-fraud-rule-engine-monitoring\.venv\Scripts;C:\Program Files\Git\mingw64\bin;C:\Program Files\Git\usr\bin;C:\Users\kanna\bin;C:\Program Files\Common Files\Oracle\Java\javapath;C:\WINDOWS\system32;C:\WINDOWS;C:\WINDOWS\System32\Wbem;C:\WINDOWS\System32\WindowsPowerShell\v1.0;C:\WINDOWS\System32\OpenSSH;C:\Program Files\PuTTY;C:\Program Files (x86)\dotnet;C:\Program Files\Amazon\AWSCLIV2;C:\Program Files\dotnet;C:\Users\kanna\anaconda3;C:\Users\kanna\AppData\Local\Programs\nodejs;C:\Program Files\Git\cmd;C:\Program Files\Docker\Docker\resources\bin;C:\Users\kanna\AppData\Local\Programs\Python\Python314\Scripts;C:\Users\kanna\AppData\Local\Programs\Python\Python314;C:\Users\kanna\AppData\Local\Programs\Python\Python313\Scripts;C:\Users\kanna\AppData\Local\Programs\Python\Python313;C:\Users\kanna\AppData\Local\Programs\Python\Python312\Scripts;C:\Users\kanna\AppData\Local\Programs\Python\Python312;C:\Users\kanna\AppData\Local\Microsoft\WindowsApps;C:\spark\bin;C:\Program Files\Java\jdk-21\bin;C:\Users\kanna\AppData\Local\Programs\Microsoft VS Code\bin;C:\Program Files\JetBrains\IntelliJ IDEA Community Edition 2025.1.1.1\bin;C:\Users\kanna\AppData\Local\Python\bin;C:\Users\kanna\AppData\Local\Programs\nodejs;C:\Users\kanna\AppData\Roaming\npm;C:\Users\kanna\.local\bin;C:\Users\kanna\bin;C:\Users\kanna\AppData\Local\Microsoft\WinGet\Packages\Doppler.doppler_Microsoft.Winget.Source_8wekyb3d8bbwe;C:\Users\kanna;C:\Users\kanna\apache-maven-3.9.12\bin;C:\Users\kanna\trivy;C:\Users\kanna\AppData\Local\Programs\Ollama;C:\Users\kanna\AppData\Local\Programs\Antigravity\bin;."/>
    <property name="jdk.console" value="java.base"/>
    <property name="java.vm.info" value="mixed mode, sharing"/>
    <property name="stderr.encoding" value="Cp1252"/>
    <property name="java.vendor" value="Oracle Corporation"/>
    <property name="vertx.disableTCCL" value="true"/>
    <property name="java.vm.version" value="25.0.2+10-LTS-69"/>
    <property name="stdin.encoding" value="Cp1252"/>
    <property name="vertx.logger-delegate-factory-class-name" value="io.quarkus.vertx.core.runtime.VertxLogDelegateFactory"/>
    <property name="sun.io.unicode.encoding" value="UnicodeLittle"/>
    <property name="io.netty.machineId" value="5d:84:a5:c7:b6:b6:91:7c"/>
    <property name="java.class.version" value="69.0"/>
  </properties>
  <testcase name="testDebugInfoRespectsMaxConditionEvaluations" classname="com.fraud.engine.engine.RuleEvaluatorTest" time="0.378">
    <system-out><![CDATA[2026-02-13 17:02:31,058 DEBUG [com.fra.eng.eng.AuthEvaluator] (main) AUTH evaluation: 1 rules to evaluate
2026-02-13 17:02:31,059 DEBUG [com.fra.eng.eng.AuthEvaluator] (main) Evaluating rule: debug-rule (Debug Rule)
2026-02-13 17:02:31,067 DEBUG [com.fra.eng.eng.AuthEvaluator] (main) Rule matched: debug-rule (Debug Rule) - Action: DECLINE
2026-02-13 17:02:31,068 DEBUG [com.fra.eng.eng.RuleEvaluator] (main) Decision complete: id=cda52e3d-600e-477d-89fb-a9137476a438, decision=DECLINE, mode=NORMAL, time=10ms
]]></system-out>
  </testcase>
  <testcase name="testUnknownEvaluationTypeDefaultsToAUTH" classname="com.fraud.engine.engine.RuleEvaluatorTest" time="0.007">
    <system-out><![CDATA[2026-02-13 17:02:31,078 WARN  [com.fra.eng.eng.RuleEvaluator] (main) Unknown evaluation type: UNKNOWN, defaulting to AUTH
2026-02-13 17:02:31,078 DEBUG [com.fra.eng.eng.AuthEvaluator] (main) AUTH evaluation: 1 rules to evaluate
2026-02-13 17:02:31,079 DEBUG [com.fra.eng.eng.AuthEvaluator] (main) Evaluating rule: test-rule (Test)
2026-02-13 17:02:31,079 DEBUG [com.fra.eng.eng.AuthEvaluator] (main) Rule matched: test-rule (Test) - Action: DECLINE
2026-02-13 17:02:31,079 DEBUG [com.fra.eng.eng.RuleEvaluator] (main) Decision complete: id=d5a5ce57-c4c2-461f-9a5e-90a35069cb9f, decision=DECLINE, mode=NORMAL, time=1ms
]]></system-out>
  </testcase>
  <testcase name="testAUTH_FirstMatchStopsEvaluation" classname="com.fraud.engine.engine.RuleEvaluatorTest" time="0.007">
    <system-out><![CDATA[2026-02-13 17:02:31,087 DEBUG [com.fra.eng.eng.AuthEvaluator] (main) AUTH evaluation: 3 rules to evaluate
2026-02-13 17:02:31,088 DEBUG [com.fra.eng.eng.AuthEvaluator] (main) Evaluating rule: high-amount (High Amount)
2026-02-13 17:02:31,088 DEBUG [com.fra.eng.eng.AuthEvaluator] (main) Rule matched: high-amount (High Amount) - Action: DECLINE
2026-02-13 17:02:31,088 DEBUG [com.fra.eng.eng.RuleEvaluator] (main) Decision complete: id=af872c8a-626e-4cf7-aa6a-ad3238b9e329, decision=DECLINE, mode=NORMAL, time=1ms
]]></system-out>
  </testcase>
  <testcase name="testReplayVelocityReadOnlyAppliesVelocityAction" classname="com.fraud.engine.engine.RuleEvaluatorTest" time="0.021">
    <system-out><![CDATA[2026-02-13 17:02:31,106 DEBUG [com.fra.eng.eng.AuthEvaluator] (main) AUTH evaluation: 1 rules to evaluate
2026-02-13 17:02:31,106 DEBUG [com.fra.eng.eng.AuthEvaluator] (main) Evaluating rule: velocity-rule (Velocity)
2026-02-13 17:02:31,109 DEBUG [com.fra.eng.eng.AuthEvaluator] (main) Applied rule action: DECLINE for rule velocity-rule
2026-02-13 17:02:31,109 DEBUG [com.fra.eng.eng.RuleEvaluator] (main) Decision complete: id=97bfa11a-14b0-4aa8-8a4b-0770313276bc, decision=DECLINE, mode=REPLAY, time=3ms
]]></system-out>
  </testcase>
  <testcase name="testMONITORING_InvalidDecision_MarksDegraded" classname="com.fraud.engine.engine.RuleEvaluatorTest" time="0.01">
    <system-out><![CDATA[2026-02-13 17:02:31,119 DEBUG [com.fra.eng.eng.MonitoringEvaluator] (main) MONITORING evaluation: 2 rules to evaluate
2026-02-13 17:02:31,121 DEBUG [com.fra.eng.eng.MonitoringEvaluator] (main) Evaluating rule: high-amount (High Amount)
2026-02-13 17:02:31,121 DEBUG [com.fra.eng.eng.MonitoringEvaluator] (main) Rule matched: high-amount (High Amount) - Action: REVIEW
2026-02-13 17:02:31,121 DEBUG [com.fra.eng.eng.MonitoringEvaluator] (main) Evaluating rule: high-risk-country (High Risk Country)
2026-02-13 17:02:31,122 WARN  [com.fra.eng.eng.MonitoringEvaluator] (main) MONITORING decision invalid (REVIEW); defaulting to APPROVE
2026-02-13 17:02:31,122 DEBUG [com.fra.eng.eng.MonitoringEvaluator] (main) MONITORING evaluation complete: 1 matched, decision: APPROVE
2026-02-13 17:02:31,122 DEBUG [com.fra.eng.eng.RuleEvaluator] (main) Decision complete: id=22c1b982-da86-402a-8a96-848f71daa478, decision=APPROVE, mode=DEGRADED, time=3ms
]]></system-out>
  </testcase>
  <testcase name="testDebugInfoCapturesConditionEvaluations" classname="com.fraud.engine.engine.RuleEvaluatorTest" time="0.013">
    <system-out><![CDATA[2026-02-13 17:02:31,129 DEBUG [com.fra.eng.eng.AuthEvaluator] (main) AUTH evaluation: 1 rules to evaluate
2026-02-13 17:02:31,129 DEBUG [com.fra.eng.eng.AuthEvaluator] (main) Evaluating rule: debug-rule (Debug Rule)
2026-02-13 17:02:31,129 DEBUG [com.fra.eng.eng.AuthEvaluator] (main) No rules matched, defaulting to APPROVE
2026-02-13 17:02:31,134 DEBUG [com.fra.eng.eng.RuleEvaluator] (main) Decision complete: id=6fca071f-bd3f-4c81-9b7c-803a18be424c, decision=APPROVE, mode=NORMAL, time=3ms
]]></system-out>
  </testcase>
  <testcase name="testVelocityCheckFailureMarksDegraded" classname="com.fraud.engine.engine.RuleEvaluatorTest" time="0.026">
    <system-out><![CDATA[2026-02-13 17:02:31,158 DEBUG [com.fra.eng.eng.AuthEvaluator] (main) AUTH evaluation: 1 rules to evaluate
2026-02-13 17:02:31,158 DEBUG [com.fra.eng.eng.AuthEvaluator] (main) Evaluating rule: velocity-rule (Velocity Rule)
2026-02-13 17:02:31,160 WARN  [com.fra.eng.eng.VelocityEvaluator] (main) Velocity check failed for rule velocity-rule, skipping: java.lang.RuntimeException: redis down
	at com.fraud.engine.velocity.VelocityService.checkVelocity(VelocityService.java:135)
	at com.fraud.engine.engine.VelocityEvaluator.checkVelocity(VelocityEvaluator.java:25)
	at com.fraud.engine.engine.AuthEvaluator.evaluate(AuthEvaluator.java:66)
	at com.fraud.engine.engine.RuleEvaluator.dispatchEvaluation(RuleEvaluator.java:165)
	at com.fraud.engine.engine.RuleEvaluator.evaluate(RuleEvaluator.java:119)
	at com.fraud.engine.engine.RuleEvaluator.evaluate(RuleEvaluator.java:55)
	at com.fraud.engine.engine.RuleEvaluatorTest.testVelocityCheckFailureMarksDegraded(RuleEvaluatorTest.java:467)
	at java.base/jdk.internal.reflect.DirectMethodHandleAccessor.invoke(DirectMethodHandleAccessor.java:104)
	at java.base/java.lang.reflect.Method.invoke(Method.java:565)
	at org.junit.platform.commons.util.ReflectionUtils.invokeMethod(ReflectionUtils.java:701)
	at org.junit.platform.commons.support.ReflectionSupport.invokeMethod(ReflectionSupport.java:502)
	at org.junit.jupiter.engine.support.MethodReflectionUtils.invoke(MethodReflectionUtils.java:45)
	at org.junit.jupiter.engine.execution.MethodInvocation.proceed(MethodInvocation.java:61)
	at org.junit.jupiter.engine.execution.InvocationInterceptorChain$ValidatingInvocation.proceed(InvocationInterceptorChain.java:124)
	at org.junit.jupiter.engine.extension.TimeoutExtension.intercept(TimeoutExtension.java:163)
	at org.junit.jupiter.engine.extension.TimeoutExtension.interceptTestableMethod(TimeoutExtension.java:148)
	at org.junit.jupiter.engine.extension.TimeoutExtension.interceptTestMethod(TimeoutExtension.java:86)
	at org.junit.jupiter.engine.execution.InterceptingExecutableInvoker$ReflectiveInterceptorCall.lambda$ofVoidMethod$0(InterceptingExecutableInvoker.java:123)
	at org.junit.jupiter.engine.execution.InterceptingExecutableInvoker.lambda$invoke$0(InterceptingExecutableInvoker.java:105)
	at org.junit.jupiter.engine.execution.InvocationInterceptorChain$InterceptedInvocation.proceed(InvocationInterceptorChain.java:99)
	at org.junit.jupiter.engine.execution.InvocationInterceptorChain.proceed(InvocationInterceptorChain.java:66)
	at org.junit.jupiter.engine.execution.InvocationInterceptorChain.chainAndInvoke(InvocationInterceptorChain.java:47)
	at org.junit.jupiter.engine.execution.InvocationInterceptorChain.invoke(InvocationInterceptorChain.java:39)
	at org.junit.jupiter.engine.execution.InterceptingExecutableInvoker.invoke(InterceptingExecutableInvoker.java:104)
	at org.junit.jupiter.engine.execution.InterceptingExecutableInvoker.invoke(InterceptingExecutableInvoker.java:98)
	at org.junit.jupiter.engine.execution.InterceptingExecutableInvoker.invokeVoid(InterceptingExecutableInvoker.java:71)
	at org.junit.jupiter.engine.descriptor.TestMethodTestDescriptor.lambda$invokeTestMethod$0(TestMethodTestDescriptor.java:219)
	at org.junit.platform.engine.support.hierarchical.ThrowableCollector.execute(ThrowableCollector.java:74)
	at org.junit.jupiter.engine.descriptor.TestMethodTestDescriptor.invokeTestMethod(TestMethodTestDescriptor.java:215)
	at org.junit.jupiter.engine.descriptor.TestMethodTestDescriptor.execute(TestMethodTestDescriptor.java:157)
	at org.junit.jupiter.engine.descriptor.TestMethodTestDescriptor.execute(TestMethodTestDescriptor.java:70)
	at org.junit.platform.engine.support.hierarchical.NodeTestTask.lambda$executeRecursively$2(NodeTestTask.java:176)
	at org.junit.platform.engine.support.hierarchical.ThrowableCollector.execute(ThrowableCollector.java:74)
	at org.junit.platform.engine.support.hierarchical.NodeTestTask.lambda$executeRecursively$1(NodeTestTask.java:166)
	at org.junit.platform.engine.support.hierarchical.Node.around(Node.java:138)
	at org.junit.platform.engine.support.hierarchical.NodeTestTask.lambda$executeRecursively$0(NodeTestTask.java:164)
	at org.junit.platform.engine.support.hierarchical.ThrowableCollector.execute(ThrowableCollector.java:74)
	at org.junit.platform.engine.support.hierarchical.NodeTestTask.executeRecursively(NodeTestTask.java:163)
	at org.junit.platform.engine.support.hierarchical.NodeTestTask.execute(NodeTestTask.java:116)
	at java.base/java.util.ArrayList.forEach(ArrayList.java:1604)
	at org.junit.platform.engine.support.hierarchical.SameThreadHierarchicalTestExecutorService.invokeAll(SameThreadHierarchicalTestExecutorService.java:42)
	at org.junit.platform.engine.support.hierarchical.NodeTestTask.lambda$executeRecursively$2(NodeTestTask.java:180)
	at org.junit.platform.engine.support.hierarchical.ThrowableCollector.execute(ThrowableCollector.java:74)
	at org.junit.platform.engine.support.hierarchical.NodeTestTask.lambda$executeRecursively$1(NodeTestTask.java:166)
	at org.junit.platform.engine.support.hierarchical.Node.around(Node.java:138)
	at org.junit.platform.engine.support.hierarchical.NodeTestTask.lambda$executeRecursively$0(NodeTestTask.java:164)
	at org.junit.platform.engine.support.hierarchical.ThrowableCollector.execute(ThrowableCollector.java:74)
	at org.junit.platform.engine.support.hierarchical.NodeTestTask.executeRecursively(NodeTestTask.java:163)
	at org.junit.platform.engine.support.hierarchical.NodeTestTask.execute(NodeTestTask.java:116)
	at java.base/java.util.ArrayList.forEach(ArrayList.java:1604)
	at org.junit.platform.engine.support.hierarchical.SameThreadHierarchicalTestExecutorService.invokeAll(SameThreadHierarchicalTestExecutorService.java:42)
	at org.junit.platform.engine.support.hierarchical.NodeTestTask.lambda$executeRecursively$2(NodeTestTask.java:180)
	at org.junit.platform.engine.support.hierarchical.ThrowableCollector.execute(ThrowableCollector.java:74)
	at org.junit.platform.engine.support.hierarchical.NodeTestTask.lambda$executeRecursively$1(NodeTestTask.java:166)
	at org.junit.platform.engine.support.hierarchical.Node.around(Node.java:138)
	at org.junit.platform.engine.support.hierarchical.NodeTestTask.lambda$executeRecursively$0(NodeTestTask.java:164)
	at org.junit.platform.engine.support.hierarchical.ThrowableCollector.execute(ThrowableCollector.java:74)
	at org.junit.platform.engine.support.hierarchical.NodeTestTask.executeRecursively(NodeTestTask.java:163)
	at org.junit.platform.engine.support.hierarchical.NodeTestTask.execute(NodeTestTask.java:116)
	at org.junit.platform.engine.support.hierarchical.SameThreadHierarchicalTestExecutorService.submit(SameThreadHierarchicalTestExecutorService.java:36)
	at org.junit.platform.engine.support.hierarchical.HierarchicalTestExecutor.execute(HierarchicalTestExecutor.java:52)
	at org.junit.platform.engine.support.hierarchical.HierarchicalTestEngine.execute(HierarchicalTestEngine.java:58)
	at org.junit.platform.launcher.core.EngineExecutionOrchestrator.executeEngine(EngineExecutionOrchestrator.java:246)
	at org.junit.platform.launcher.core.EngineExecutionOrchestrator.failOrExecuteEngine(EngineExecutionOrchestrator.java:218)
	at org.junit.platform.launcher.core.EngineExecutionOrchestrator.execute(EngineExecutionOrchestrator.java:179)
	at org.junit.platform.launcher.core.EngineExecutionOrchestrator.execute(EngineExecutionOrchestrator.java:108)
	at org.junit.platform.launcher.core.EngineExecutionOrchestrator.lambda$execute$0(EngineExecutionOrchestrator.java:66)
	at org.junit.platform.launcher.core.EngineExecutionOrchestrator.withInterceptedStreams(EngineExecutionOrchestrator.java:157)
	at org.junit.platform.launcher.core.EngineExecutionOrchestrator.execute(EngineExecutionOrchestrator.java:65)
	at org.junit.platform.launcher.core.DefaultLauncher.execute(DefaultLauncher.java:125)
	at org.junit.platform.launcher.core.DefaultLauncher.execute(DefaultLauncher.java:114)
	at org.junit.platform.launcher.core.DelegatingLauncher.execute(DelegatingLauncher.java:58)
	at org.junit.platform.launcher.core.InterceptingLauncher.lambda$execute$2(InterceptingLauncher.java:57)
	at org.junit.platform.launcher.core.ClasspathAlignmentCheckingLauncherInterceptor.intercept(ClasspathAlignmentCheckingLauncherInterceptor.java:25)
	at org.junit.platform.launcher.core.InterceptingLauncher.execute(InterceptingLauncher.java:56)
	at org.junit.platform.launcher.core.DelegatingLauncher.execute(DelegatingLauncher.java:58)
	at java.base/jdk.internal.reflect.DirectMethodHandleAccessor.invoke(DirectMethodHandleAccessor.java:104)
	at java.base/java.lang.reflect.Method.invoke(Method.java:565)
	at org.apache.maven.surefire.api.util.ReflectionUtils.invokeMethodWithArray(ReflectionUtils.java:125)
	at org.apache.maven.surefire.junitplatform.LauncherAdapter.executeWithCancellationToken(LauncherAdapter.java:68)
	at org.apache.maven.surefire.junitplatform.LauncherAdapter.execute(LauncherAdapter.java:54)
	at org.apache.maven.surefire.junitplatform.JUnitPlatformProvider.execute(JUnitPlatformProvider.java:203)
	at org.apache.maven.surefire.junitplatform.JUnitPlatformProvider.invokeAllTests(JUnitPlatformProvider.java:168)
	at org.apache.maven.surefire.junitplatform.JUnitPlatformProvider.invoke(JUnitPlatformProvider.java:136)
	at org.apache.maven.surefire.booter.ForkedBooter.runSuitesInProcess(ForkedBooter.java:385)
	at org.apache.maven.surefire.booter.ForkedBooter.execute(ForkedBooter.java:162)
	at org.apache.maven.surefire.booter.ForkedBooter.run(ForkedBooter.java:507)
	at org.apache.maven.surefire.booter.ForkedBooter.main(ForkedBooter.java:495)

2026-02-13 17:02:31,164 DEBUG [com.fra.eng.eng.AuthEvaluator] (main) Rule matched: velocity-rule (Velocity Rule) - Action: DECLINE
2026-02-13 17:02:31,165 DEBUG [com.fra.eng.eng.RuleEvaluator] (main) Decision complete: id=a7c965d5-3451-405a-b8bb-4c10bcd9b2f3, decision=DECLINE, mode=DEGRADED, time=7ms
]]></system-out>
  </testcase>
  <testcase name="testVelocitySnapshotFailureTriggersFailOpen" classname="com.fraud.engine.engine.RuleEvaluatorTest" time="0.006">
    <system-out><![CDATA[2026-02-13 17:02:31,171 DEBUG [com.fra.eng.eng.AuthEvaluator] (main) AUTH evaluation: 3 rules to evaluate
2026-02-13 17:02:31,172 DEBUG [com.fra.eng.eng.AuthEvaluator] (main) Evaluating rule: high-amount (High Amount)
2026-02-13 17:02:31,172 DEBUG [com.fra.eng.eng.AuthEvaluator] (main) Rule matched: high-amount (High Amount) - Action: DECLINE
2026-02-13 17:02:31,173 DEBUG [com.fra.eng.eng.RuleEvaluator] (main) Decision complete: id=a9881c68-7ba5-41af-94d9-4f914fcd3e32, decision=DECLINE, mode=NORMAL, time=2ms
]]></system-out>
  </testcase>
  <testcase name="testAUTH_HighRiskCountryDeclines" classname="com.fraud.engine.engine.RuleEvaluatorTest" time="0.009">
    <system-out><![CDATA[2026-02-13 17:02:31,177 DEBUG [com.fra.eng.eng.AuthEvaluator] (main) AUTH evaluation: 3 rules to evaluate
2026-02-13 17:02:31,181 DEBUG [com.fra.eng.eng.AuthEvaluator] (main) Evaluating rule: high-amount (High Amount)
2026-02-13 17:02:31,182 DEBUG [com.fra.eng.eng.AuthEvaluator] (main) Evaluating rule: high-risk-country (High Risk Country)
2026-02-13 17:02:31,182 DEBUG [com.fra.eng.eng.AuthEvaluator] (main) Rule matched: high-risk-country (High Risk Country) - Action: DECLINE
2026-02-13 17:02:31,182 DEBUG [com.fra.eng.eng.RuleEvaluator] (main) Decision complete: id=bda08bf9-38a2-4843-96ea-b6ca97343421, decision=DECLINE, mode=NORMAL, time=5ms
]]></system-out>
  </testcase>
  <testcase name="testAUTH_NoMatchDefaultsToApprove" classname="com.fraud.engine.engine.RuleEvaluatorTest" time="0.007">
    <system-out><![CDATA[2026-02-13 17:02:31,189 DEBUG [com.fra.eng.eng.AuthEvaluator] (main) AUTH evaluation: 3 rules to evaluate
2026-02-13 17:02:31,189 DEBUG [com.fra.eng.eng.AuthEvaluator] (main) Evaluating rule: high-amount (High Amount)
2026-02-13 17:02:31,190 DEBUG [com.fra.eng.eng.AuthEvaluator] (main) Evaluating rule: high-risk-country (High Risk Country)
2026-02-13 17:02:31,191 DEBUG [com.fra.eng.eng.AuthEvaluator] (main) Evaluating rule: default-approve (Default Approve)
2026-02-13 17:02:31,191 DEBUG [com.fra.eng.eng.AuthEvaluator] (main) Rule matched: default-approve (Default Approve) - Action: APPROVE
2026-02-13 17:02:31,191 DEBUG [com.fra.eng.eng.RuleEvaluator] (main) Decision complete: id=886c309b-df40-4dc4-9bb6-668c2646ad36, decision=APPROVE, mode=NORMAL, time=2ms
]]></system-out>
  </testcase>
  <testcase name="testDecisionIncludesRulesetInfo" classname="com.fraud.engine.engine.RuleEvaluatorTest" time="0.012">
    <system-out><![CDATA[2026-02-13 17:02:31,198 DEBUG [com.fra.eng.eng.AuthEvaluator] (main) AUTH evaluation: 3 rules to evaluate
2026-02-13 17:02:31,202 DEBUG [com.fra.eng.eng.AuthEvaluator] (main) Evaluating rule: high-amount (High Amount)
2026-02-13 17:02:31,203 DEBUG [com.fra.eng.eng.AuthEvaluator] (main) Evaluating rule: high-risk-country (High Risk Country)
2026-02-13 17:02:31,203 DEBUG [com.fra.eng.eng.AuthEvaluator] (main) Evaluating rule: default-approve (Default Approve)
2026-02-13 17:02:31,203 DEBUG [com.fra.eng.eng.AuthEvaluator] (main) Rule matched: default-approve (Default Approve) - Action: APPROVE
2026-02-13 17:02:31,203 DEBUG [com.fra.eng.eng.RuleEvaluator] (main) Decision complete: id=83272c45-8e72-4c38-b4f8-5e01687fbc84, decision=APPROVE, mode=NORMAL, time=6ms
]]></system-out>
  </testcase>
  <testcase name="testMONITORING_CollectsAllMatches" classname="com.fraud.engine.engine.RuleEvaluatorTest" time="0.007">
    <system-out><![CDATA[2026-02-13 17:02:31,212 DEBUG [com.fra.eng.eng.MonitoringEvaluator] (main) MONITORING evaluation: 2 rules to evaluate
2026-02-13 17:02:31,213 DEBUG [com.fra.eng.eng.MonitoringEvaluator] (main) Evaluating rule: high-amount (High Amount)
2026-02-13 17:02:31,213 DEBUG [com.fra.eng.eng.MonitoringEvaluator] (main) Rule matched: high-amount (High Amount) - Action: REVIEW
2026-02-13 17:02:31,213 DEBUG [com.fra.eng.eng.MonitoringEvaluator] (main) Evaluating rule: high-risk-country (High Risk Country)
2026-02-13 17:02:31,213 DEBUG [com.fra.eng.eng.MonitoringEvaluator] (main) Rule matched: high-risk-country (High Risk Country) - Action: REVIEW
2026-02-13 17:02:31,213 DEBUG [com.fra.eng.eng.MonitoringEvaluator] (main) MONITORING evaluation complete: 2 matched, decision: DECLINE
2026-02-13 17:02:31,213 DEBUG [com.fra.eng.eng.RuleEvaluator] (main) Decision complete: id=21f60a21-4820-4134-ab49-96155529c69a, decision=DECLINE, mode=NORMAL, time=1ms
]]></system-out>
  </testcase>
  <testcase name="testVelocityCheckFailureDoesNotBlockEvaluation" classname="com.fraud.engine.engine.RuleEvaluatorTest" time="0.011">
    <system-out><![CDATA[2026-02-13 17:02:31,221 DEBUG [com.fra.eng.eng.AuthEvaluator] (main) AUTH evaluation: 1 rules to evaluate
2026-02-13 17:02:31,221 DEBUG [com.fra.eng.eng.AuthEvaluator] (main) Evaluating rule: velocity-rule (Velocity)
2026-02-13 17:02:31,223 WARN  [com.fra.eng.eng.VelocityEvaluator] (main) Velocity check failed for rule velocity-rule, skipping: java.lang.RuntimeException: Redis connection failed
	at com.fraud.engine.velocity.VelocityService.checkVelocity(VelocityService.java:135)
	at com.fraud.engine.engine.VelocityEvaluator.checkVelocity(VelocityEvaluator.java:25)
	at com.fraud.engine.engine.AuthEvaluator.evaluate(AuthEvaluator.java:66)
	at com.fraud.engine.engine.RuleEvaluator.dispatchEvaluation(RuleEvaluator.java:165)
	at com.fraud.engine.engine.RuleEvaluator.evaluate(RuleEvaluator.java:119)
	at com.fraud.engine.engine.RuleEvaluator.evaluate(RuleEvaluator.java:55)
	at com.fraud.engine.engine.RuleEvaluatorTest.testVelocityCheckFailureDoesNotBlockEvaluation(RuleEvaluatorTest.java:384)
	at java.base/jdk.internal.reflect.DirectMethodHandleAccessor.invoke(DirectMethodHandleAccessor.java:104)
	at java.base/java.lang.reflect.Method.invoke(Method.java:565)
	at org.junit.platform.commons.util.ReflectionUtils.invokeMethod(ReflectionUtils.java:701)
	at org.junit.platform.commons.support.ReflectionSupport.invokeMethod(ReflectionSupport.java:502)
	at org.junit.jupiter.engine.support.MethodReflectionUtils.invoke(MethodReflectionUtils.java:45)
	at org.junit.jupiter.engine.execution.MethodInvocation.proceed(MethodInvocation.java:61)
	at org.junit.jupiter.engine.execution.InvocationInterceptorChain$ValidatingInvocation.proceed(InvocationInterceptorChain.java:124)
	at org.junit.jupiter.engine.extension.TimeoutExtension.intercept(TimeoutExtension.java:163)
	at org.junit.jupiter.engine.extension.TimeoutExtension.interceptTestableMethod(TimeoutExtension.java:148)
	at org.junit.jupiter.engine.extension.TimeoutExtension.interceptTestMethod(TimeoutExtension.java:86)
	at org.junit.jupiter.engine.execution.InterceptingExecutableInvoker$ReflectiveInterceptorCall.lambda$ofVoidMethod$0(InterceptingExecutableInvoker.java:123)
	at org.junit.jupiter.engine.execution.InterceptingExecutableInvoker.lambda$invoke$0(InterceptingExecutableInvoker.java:105)
	at org.junit.jupiter.engine.execution.InvocationInterceptorChain$InterceptedInvocation.proceed(InvocationInterceptorChain.java:99)
	at org.junit.jupiter.engine.execution.InvocationInterceptorChain.proceed(InvocationInterceptorChain.java:66)
	at org.junit.jupiter.engine.execution.InvocationInterceptorChain.chainAndInvoke(InvocationInterceptorChain.java:47)
	at org.junit.jupiter.engine.execution.InvocationInterceptorChain.invoke(InvocationInterceptorChain.java:39)
	at org.junit.jupiter.engine.execution.InterceptingExecutableInvoker.invoke(InterceptingExecutableInvoker.java:104)
	at org.junit.jupiter.engine.execution.InterceptingExecutableInvoker.invoke(InterceptingExecutableInvoker.java:98)
	at org.junit.jupiter.engine.execution.InterceptingExecutableInvoker.invokeVoid(InterceptingExecutableInvoker.java:71)
	at org.junit.jupiter.engine.descriptor.TestMethodTestDescriptor.lambda$invokeTestMethod$0(TestMethodTestDescriptor.java:219)
	at org.junit.platform.engine.support.hierarchical.ThrowableCollector.execute(ThrowableCollector.java:74)
	at org.junit.jupiter.engine.descriptor.TestMethodTestDescriptor.invokeTestMethod(TestMethodTestDescriptor.java:215)
	at org.junit.jupiter.engine.descriptor.TestMethodTestDescriptor.execute(TestMethodTestDescriptor.java:157)
	at org.junit.jupiter.engine.descriptor.TestMethodTestDescriptor.execute(TestMethodTestDescriptor.java:70)
	at org.junit.platform.engine.support.hierarchical.NodeTestTask.lambda$executeRecursively$2(NodeTestTask.java:176)
	at org.junit.platform.engine.support.hierarchical.ThrowableCollector.execute(ThrowableCollector.java:74)
	at org.junit.platform.engine.support.hierarchical.NodeTestTask.lambda$executeRecursively$1(NodeTestTask.java:166)
	at org.junit.platform.engine.support.hierarchical.Node.around(Node.java:138)
	at org.junit.platform.engine.support.hierarchical.NodeTestTask.lambda$executeRecursively$0(NodeTestTask.java:164)
	at org.junit.platform.engine.support.hierarchical.ThrowableCollector.execute(ThrowableCollector.java:74)
	at org.junit.platform.engine.support.hierarchical.NodeTestTask.executeRecursively(NodeTestTask.java:163)
	at org.junit.platform.engine.support.hierarchical.NodeTestTask.execute(NodeTestTask.java:116)
	at java.base/java.util.ArrayList.forEach(ArrayList.java:1604)
	at org.junit.platform.engine.support.hierarchical.SameThreadHierarchicalTestExecutorService.invokeAll(SameThreadHierarchicalTestExecutorService.java:42)
	at org.junit.platform.engine.support.hierarchical.NodeTestTask.lambda$executeRecursively$2(NodeTestTask.java:180)
	at org.junit.platform.engine.support.hierarchical.ThrowableCollector.execute(ThrowableCollector.java:74)
	at org.junit.platform.engine.support.hierarchical.NodeTestTask.lambda$executeRecursively$1(NodeTestTask.java:166)
	at org.junit.platform.engine.support.hierarchical.Node.around(Node.java:138)
	at org.junit.platform.engine.support.hierarchical.NodeTestTask.lambda$executeRecursively$0(NodeTestTask.java:164)
	at org.junit.platform.engine.support.hierarchical.ThrowableCollector.execute(ThrowableCollector.java:74)
	at org.junit.platform.engine.support.hierarchical.NodeTestTask.executeRecursively(NodeTestTask.java:163)
	at org.junit.platform.engine.support.hierarchical.NodeTestTask.execute(NodeTestTask.java:116)
	at java.base/java.util.ArrayList.forEach(ArrayList.java:1604)
	at org.junit.platform.engine.support.hierarchical.SameThreadHierarchicalTestExecutorService.invokeAll(SameThreadHierarchicalTestExecutorService.java:42)
	at org.junit.platform.engine.support.hierarchical.NodeTestTask.lambda$executeRecursively$2(NodeTestTask.java:180)
	at org.junit.platform.engine.support.hierarchical.ThrowableCollector.execute(ThrowableCollector.java:74)
	at org.junit.platform.engine.support.hierarchical.NodeTestTask.lambda$executeRecursively$1(NodeTestTask.java:166)
	at org.junit.platform.engine.support.hierarchical.Node.around(Node.java:138)
	at org.junit.platform.engine.support.hierarchical.NodeTestTask.lambda$executeRecursively$0(NodeTestTask.java:164)
	at org.junit.platform.engine.support.hierarchical.ThrowableCollector.execute(ThrowableCollector.java:74)
	at org.junit.platform.engine.support.hierarchical.NodeTestTask.executeRecursively(NodeTestTask.java:163)
	at org.junit.platform.engine.support.hierarchical.NodeTestTask.execute(NodeTestTask.java:116)
	at org.junit.platform.engine.support.hierarchical.SameThreadHierarchicalTestExecutorService.submit(SameThreadHierarchicalTestExecutorService.java:36)
	at org.junit.platform.engine.support.hierarchical.HierarchicalTestExecutor.execute(HierarchicalTestExecutor.java:52)
	at org.junit.platform.engine.support.hierarchical.HierarchicalTestEngine.execute(HierarchicalTestEngine.java:58)
	at org.junit.platform.launcher.core.EngineExecutionOrchestrator.executeEngine(EngineExecutionOrchestrator.java:246)
	at org.junit.platform.launcher.core.EngineExecutionOrchestrator.failOrExecuteEngine(EngineExecutionOrchestrator.java:218)
	at org.junit.platform.launcher.core.EngineExecutionOrchestrator.execute(EngineExecutionOrchestrator.java:179)
	at org.junit.platform.launcher.core.EngineExecutionOrchestrator.execute(EngineExecutionOrchestrator.java:108)
	at org.junit.platform.launcher.core.EngineExecutionOrchestrator.lambda$execute$0(EngineExecutionOrchestrator.java:66)
	at org.junit.platform.launcher.core.EngineExecutionOrchestrator.withInterceptedStreams(EngineExecutionOrchestrator.java:157)
	at org.junit.platform.launcher.core.EngineExecutionOrchestrator.execute(EngineExecutionOrchestrator.java:65)
	at org.junit.platform.launcher.core.DefaultLauncher.execute(DefaultLauncher.java:125)
	at org.junit.platform.launcher.core.DefaultLauncher.execute(DefaultLauncher.java:114)
	at org.junit.platform.launcher.core.DelegatingLauncher.execute(DelegatingLauncher.java:58)
	at org.junit.platform.launcher.core.InterceptingLauncher.lambda$execute$2(InterceptingLauncher.java:57)
	at org.junit.platform.launcher.core.ClasspathAlignmentCheckingLauncherInterceptor.intercept(ClasspathAlignmentCheckingLauncherInterceptor.java:25)
	at org.junit.platform.launcher.core.InterceptingLauncher.execute(InterceptingLauncher.java:56)
	at org.junit.platform.launcher.core.DelegatingLauncher.execute(DelegatingLauncher.java:58)
	at java.base/jdk.internal.reflect.DirectMethodHandleAccessor.invoke(DirectMethodHandleAccessor.java:104)
	at java.base/java.lang.reflect.Method.invoke(Method.java:565)
	at org.apache.maven.surefire.api.util.ReflectionUtils.invokeMethodWithArray(ReflectionUtils.java:125)
	at org.apache.maven.surefire.junitplatform.LauncherAdapter.executeWithCancellationToken(LauncherAdapter.java:68)
	at org.apache.maven.surefire.junitplatform.LauncherAdapter.execute(LauncherAdapter.java:54)
	at org.apache.maven.surefire.junitplatform.JUnitPlatformProvider.execute(JUnitPlatformProvider.java:203)
	at org.apache.maven.surefire.junitplatform.JUnitPlatformProvider.invokeAllTests(JUnitPlatformProvider.java:168)
	at org.apache.maven.surefire.junitplatform.JUnitPlatformProvider.invoke(JUnitPlatformProvider.java:136)
	at org.apache.maven.surefire.booter.ForkedBooter.runSuitesInProcess(ForkedBooter.java:385)
	at org.apache.maven.surefire.booter.ForkedBooter.execute(ForkedBooter.java:162)
	at org.apache.maven.surefire.booter.ForkedBooter.run(ForkedBooter.java:507)
	at org.apache.maven.surefire.booter.ForkedBooter.main(ForkedBooter.java:495)

2026-02-13 17:02:31,223 DEBUG [com.fra.eng.eng.AuthEvaluator] (main) Rule matched: velocity-rule (Velocity) - Action: DECLINE
2026-02-13 17:02:31,223 DEBUG [com.fra.eng.eng.RuleEvaluator] (main) Decision complete: id=f91a2429-419e-4d84-8153-2f3cdaee7f21, decision=DECLINE, mode=DEGRADED, time=2ms
]]></system-out>
  </testcase>
  <testcase name="testMONITORING_UsesProvidedDecision" classname="com.fraud.engine.engine.RuleEvaluatorTest" time="0.008">
    <system-out><![CDATA[2026-02-13 17:02:31,234 DEBUG [com.fra.eng.eng.MonitoringEvaluator] (main) MONITORING evaluation: 2 rules to evaluate
2026-02-13 17:02:31,234 DEBUG [com.fra.eng.eng.MonitoringEvaluator] (main) Evaluating rule: high-amount (High Amount)
2026-02-13 17:02:31,235 DEBUG [com.fra.eng.eng.MonitoringEvaluator] (main) Rule matched: high-amount (High Amount) - Action: REVIEW
2026-02-13 17:02:31,235 DEBUG [com.fra.eng.eng.MonitoringEvaluator] (main) Evaluating rule: high-risk-country (High Risk Country)
2026-02-13 17:02:31,236 DEBUG [com.fra.eng.eng.MonitoringEvaluator] (main) MONITORING evaluation complete: 1 matched, decision: APPROVE
2026-02-13 17:02:31,236 DEBUG [com.fra.eng.eng.RuleEvaluator] (main) Decision complete: id=bdf95c5b-4f3f-4bb9-a2d6-ba72c0970940, decision=APPROVE, mode=NORMAL, time=2ms
]]></system-out>
  </testcase>
  <testcase name="testMONITORING_EvaluationErrorPreservesDecisionAndReturnsDegraded" classname="com.fraud.engine.engine.RuleEvaluatorTest" time="0.186">
    <system-out><![CDATA[2026-02-13 17:02:31,424 ERROR [com.fra.eng.eng.RuleEvaluator] (main) Error during rule evaluation: java.lang.RuntimeException: boom
	at com.fraud.engine.engine.MonitoringEvaluator.evaluate(MonitoringEvaluator.java:30)
	at com.fraud.engine.engine.RuleEvaluator.dispatchEvaluation(RuleEvaluator.java:167)
	at com.fraud.engine.engine.RuleEvaluator.evaluate(RuleEvaluator.java:119)
	at com.fraud.engine.engine.RuleEvaluator.evaluate(RuleEvaluator.java:55)
	at com.fraud.engine.engine.RuleEvaluatorTest.testMONITORING_EvaluationErrorPreservesDecisionAndReturnsDegraded(RuleEvaluatorTest.java:273)
	at java.base/jdk.internal.reflect.DirectMethodHandleAccessor.invoke(DirectMethodHandleAccessor.java:104)
	at java.base/java.lang.reflect.Method.invoke(Method.java:565)
	at org.junit.platform.commons.util.ReflectionUtils.invokeMethod(ReflectionUtils.java:701)
	at org.junit.platform.commons.support.ReflectionSupport.invokeMethod(ReflectionSupport.java:502)
	at org.junit.jupiter.engine.support.MethodReflectionUtils.invoke(MethodReflectionUtils.java:45)
	at org.junit.jupiter.engine.execution.MethodInvocation.proceed(MethodInvocation.java:61)
	at org.junit.jupiter.engine.execution.InvocationInterceptorChain$ValidatingInvocation.proceed(InvocationInterceptorChain.java:124)
	at org.junit.jupiter.engine.extension.TimeoutExtension.intercept(TimeoutExtension.java:163)
	at org.junit.jupiter.engine.extension.TimeoutExtension.interceptTestableMethod(TimeoutExtension.java:148)
	at org.junit.jupiter.engine.extension.TimeoutExtension.interceptTestMethod(TimeoutExtension.java:86)
	at org.junit.jupiter.engine.execution.InterceptingExecutableInvoker$ReflectiveInterceptorCall.lambda$ofVoidMethod$0(InterceptingExecutableInvoker.java:123)
	at org.junit.jupiter.engine.execution.InterceptingExecutableInvoker.lambda$invoke$0(InterceptingExecutableInvoker.java:105)
	at org.junit.jupiter.engine.execution.InvocationInterceptorChain$InterceptedInvocation.proceed(InvocationInterceptorChain.java:99)
	at org.junit.jupiter.engine.execution.InvocationInterceptorChain.proceed(InvocationInterceptorChain.java:66)
	at org.junit.jupiter.engine.execution.InvocationInterceptorChain.chainAndInvoke(InvocationInterceptorChain.java:47)
	at org.junit.jupiter.engine.execution.InvocationInterceptorChain.invoke(InvocationInterceptorChain.java:39)
	at org.junit.jupiter.engine.execution.InterceptingExecutableInvoker.invoke(InterceptingExecutableInvoker.java:104)
	at org.junit.jupiter.engine.execution.InterceptingExecutableInvoker.invoke(InterceptingExecutableInvoker.java:98)
	at org.junit.jupiter.engine.execution.InterceptingExecutableInvoker.invokeVoid(InterceptingExecutableInvoker.java:71)
	at org.junit.jupiter.engine.descriptor.TestMethodTestDescriptor.lambda$invokeTestMethod$0(TestMethodTestDescriptor.java:219)
	at org.junit.platform.engine.support.hierarchical.ThrowableCollector.execute(ThrowableCollector.java:74)
	at org.junit.jupiter.engine.descriptor.TestMethodTestDescriptor.invokeTestMethod(TestMethodTestDescriptor.java:215)
	at org.junit.jupiter.engine.descriptor.TestMethodTestDescriptor.execute(TestMethodTestDescriptor.java:157)
	at org.junit.jupiter.engine.descriptor.TestMethodTestDescriptor.execute(TestMethodTestDescriptor.java:70)
	at org.junit.platform.engine.support.hierarchical.NodeTestTask.lambda$executeRecursively$2(NodeTestTask.java:176)
	at org.junit.platform.engine.support.hierarchical.ThrowableCollector.execute(ThrowableCollector.java:74)
	at org.junit.platform.engine.support.hierarchical.NodeTestTask.lambda$executeRecursively$1(NodeTestTask.java:166)
	at org.junit.platform.engine.support.hierarchical.Node.around(Node.java:138)
	at org.junit.platform.engine.support.hierarchical.NodeTestTask.lambda$executeRecursively$0(NodeTestTask.java:164)
	at org.junit.platform.engine.support.hierarchical.ThrowableCollector.execute(ThrowableCollector.java:74)
	at org.junit.platform.engine.support.hierarchical.NodeTestTask.executeRecursively(NodeTestTask.java:163)
	at org.junit.platform.engine.support.hierarchical.NodeTestTask.execute(NodeTestTask.java:116)
	at java.base/java.util.ArrayList.forEach(ArrayList.java:1604)
	at org.junit.platform.engine.support.hierarchical.SameThreadHierarchicalTestExecutorService.invokeAll(SameThreadHierarchicalTestExecutorService.java:42)
	at org.junit.platform.engine.support.hierarchical.NodeTestTask.lambda$executeRecursively$2(NodeTestTask.java:180)
	at org.junit.platform.engine.support.hierarchical.ThrowableCollector.execute(ThrowableCollector.java:74)
	at org.junit.platform.engine.support.hierarchical.NodeTestTask.lambda$executeRecursively$1(NodeTestTask.java:166)
	at org.junit.platform.engine.support.hierarchical.Node.around(Node.java:138)
	at org.junit.platform.engine.support.hierarchical.NodeTestTask.lambda$executeRecursively$0(NodeTestTask.java:164)
	at org.junit.platform.engine.support.hierarchical.ThrowableCollector.execute(ThrowableCollector.java:74)
	at org.junit.platform.engine.support.hierarchical.NodeTestTask.executeRecursively(NodeTestTask.java:163)
	at org.junit.platform.engine.support.hierarchical.NodeTestTask.execute(NodeTestTask.java:116)
	at java.base/java.util.ArrayList.forEach(ArrayList.java:1604)
	at org.junit.platform.engine.support.hierarchical.SameThreadHierarchicalTestExecutorService.invokeAll(SameThreadHierarchicalTestExecutorService.java:42)
	at org.junit.platform.engine.support.hierarchical.NodeTestTask.lambda$executeRecursively$2(NodeTestTask.java:180)
	at org.junit.platform.engine.support.hierarchical.ThrowableCollector.execute(ThrowableCollector.java:74)
	at org.junit.platform.engine.support.hierarchical.NodeTestTask.lambda$executeRecursively$1(NodeTestTask.java:166)
	at org.junit.platform.engine.support.hierarchical.Node.around(Node.java:138)
	at org.junit.platform.engine.support.hierarchical.NodeTestTask.lambda$executeRecursively$0(NodeTestTask.java:164)
	at org.junit.platform.engine.support.hierarchical.ThrowableCollector.execute(ThrowableCollector.java:74)
	at org.junit.platform.engine.support.hierarchical.NodeTestTask.executeRecursively(NodeTestTask.java:163)
	at org.junit.platform.engine.support.hierarchical.NodeTestTask.execute(NodeTestTask.java:116)
	at org.junit.platform.engine.support.hierarchical.SameThreadHierarchicalTestExecutorService.submit(SameThreadHierarchicalTestExecutorService.java:36)
	at org.junit.platform.engine.support.hierarchical.HierarchicalTestExecutor.execute(HierarchicalTestExecutor.java:52)
	at org.junit.platform.engine.support.hierarchical.HierarchicalTestEngine.execute(HierarchicalTestEngine.java:58)
	at org.junit.platform.launcher.core.EngineExecutionOrchestrator.executeEngine(EngineExecutionOrchestrator.java:246)
	at org.junit.platform.launcher.core.EngineExecutionOrchestrator.failOrExecuteEngine(EngineExecutionOrchestrator.java:218)
	at org.junit.platform.launcher.core.EngineExecutionOrchestrator.execute(EngineExecutionOrchestrator.java:179)
	at org.junit.platform.launcher.core.EngineExecutionOrchestrator.execute(EngineExecutionOrchestrator.java:108)
	at org.junit.platform.launcher.core.EngineExecutionOrchestrator.lambda$execute$0(EngineExecutionOrchestrator.java:66)
	at org.junit.platform.launcher.core.EngineExecutionOrchestrator.withInterceptedStreams(EngineExecutionOrchestrator.java:157)
	at org.junit.platform.launcher.core.EngineExecutionOrchestrator.execute(EngineExecutionOrchestrator.java:65)
	at org.junit.platform.launcher.core.DefaultLauncher.execute(DefaultLauncher.java:125)
	at org.junit.platform.launcher.core.DefaultLauncher.execute(DefaultLauncher.java:114)
	at org.junit.platform.launcher.core.DelegatingLauncher.execute(DelegatingLauncher.java:58)
	at org.junit.platform.launcher.core.InterceptingLauncher.lambda$execute$2(InterceptingLauncher.java:57)
	at org.junit.platform.launcher.core.ClasspathAlignmentCheckingLauncherInterceptor.intercept(ClasspathAlignmentCheckingLauncherInterceptor.java:25)
	at org.junit.platform.launcher.core.InterceptingLauncher.execute(InterceptingLauncher.java:56)
	at org.junit.platform.launcher.core.DelegatingLauncher.execute(DelegatingLauncher.java:58)
	at java.base/jdk.internal.reflect.DirectMethodHandleAccessor.invoke(DirectMethodHandleAccessor.java:104)
	at java.base/java.lang.reflect.Method.invoke(Method.java:565)
	at org.apache.maven.surefire.api.util.ReflectionUtils.invokeMethodWithArray(ReflectionUtils.java:125)
	at org.apache.maven.surefire.junitplatform.LauncherAdapter.executeWithCancellationToken(LauncherAdapter.java:68)
	at org.apache.maven.surefire.junitplatform.LauncherAdapter.execute(LauncherAdapter.java:54)
	at org.apache.maven.surefire.junitplatform.JUnitPlatformProvider.execute(JUnitPlatformProvider.java:203)
	at org.apache.maven.surefire.junitplatform.JUnitPlatformProvider.invokeAllTests(JUnitPlatformProvider.java:168)
	at org.apache.maven.surefire.junitplatform.JUnitPlatformProvider.invoke(JUnitPlatformProvider.java:136)
	at org.apache.maven.surefire.booter.ForkedBooter.runSuitesInProcess(ForkedBooter.java:385)
	at org.apache.maven.surefire.booter.ForkedBooter.execute(ForkedBooter.java:162)
	at org.apache.maven.surefire.booter.ForkedBooter.run(ForkedBooter.java:507)
	at org.apache.maven.surefire.booter.ForkedBooter.main(ForkedBooter.java:495)

2026-02-13 17:02:31,424 ERROR [com.fra.eng.eng.RuleEvaluator] (main) Monitoring evaluation error, returning DEGRADED decision envelope: java.lang.RuntimeException: boom
	at com.fraud.engine.engine.MonitoringEvaluator.evaluate(MonitoringEvaluator.java:30)
	at com.fraud.engine.engine.RuleEvaluator.dispatchEvaluation(RuleEvaluator.java:167)
	at com.fraud.engine.engine.RuleEvaluator.evaluate(RuleEvaluator.java:119)
	at com.fraud.engine.engine.RuleEvaluator.evaluate(RuleEvaluator.java:55)
	at com.fraud.engine.engine.RuleEvaluatorTest.testMONITORING_EvaluationErrorPreservesDecisionAndReturnsDegraded(RuleEvaluatorTest.java:273)
	at java.base/jdk.internal.reflect.DirectMethodHandleAccessor.invoke(DirectMethodHandleAccessor.java:104)
	at java.base/java.lang.reflect.Method.invoke(Method.java:565)
	at org.junit.platform.commons.util.ReflectionUtils.invokeMethod(ReflectionUtils.java:701)
	at org.junit.platform.commons.support.ReflectionSupport.invokeMethod(ReflectionSupport.java:502)
	at org.junit.jupiter.engine.support.MethodReflectionUtils.invoke(MethodReflectionUtils.java:45)
	at org.junit.jupiter.engine.execution.MethodInvocation.proceed(MethodInvocation.java:61)
	at org.junit.jupiter.engine.execution.InvocationInterceptorChain$ValidatingInvocation.proceed(InvocationInterceptorChain.java:124)
	at org.junit.jupiter.engine.extension.TimeoutExtension.intercept(TimeoutExtension.java:163)
	at org.junit.jupiter.engine.extension.TimeoutExtension.interceptTestableMethod(TimeoutExtension.java:148)
	at org.junit.jupiter.engine.extension.TimeoutExtension.interceptTestMethod(TimeoutExtension.java:86)
	at org.junit.jupiter.engine.execution.InterceptingExecutableInvoker$ReflectiveInterceptorCall.lambda$ofVoidMethod$0(InterceptingExecutableInvoker.java:123)
	at org.junit.jupiter.engine.execution.InterceptingExecutableInvoker.lambda$invoke$0(InterceptingExecutableInvoker.java:105)
	at org.junit.jupiter.engine.execution.InvocationInterceptorChain$InterceptedInvocation.proceed(InvocationInterceptorChain.java:99)
	at org.junit.jupiter.engine.execution.InvocationInterceptorChain.proceed(InvocationInterceptorChain.java:66)
	at org.junit.jupiter.engine.execution.InvocationInterceptorChain.chainAndInvoke(InvocationInterceptorChain.java:47)
	at org.junit.jupiter.engine.execution.InvocationInterceptorChain.invoke(InvocationInterceptorChain.java:39)
	at org.junit.jupiter.engine.execution.InterceptingExecutableInvoker.invoke(InterceptingExecutableInvoker.java:104)
	at org.junit.jupiter.engine.execution.InterceptingExecutableInvoker.invoke(InterceptingExecutableInvoker.java:98)
	at org.junit.jupiter.engine.execution.InterceptingExecutableInvoker.invokeVoid(InterceptingExecutableInvoker.java:71)
	at org.junit.jupiter.engine.descriptor.TestMethodTestDescriptor.lambda$invokeTestMethod$0(TestMethodTestDescriptor.java:219)
	at org.junit.platform.engine.support.hierarchical.ThrowableCollector.execute(ThrowableCollector.java:74)
	at org.junit.jupiter.engine.descriptor.TestMethodTestDescriptor.invokeTestMethod(TestMethodTestDescriptor.java:215)
	at org.junit.jupiter.engine.descriptor.TestMethodTestDescriptor.execute(TestMethodTestDescriptor.java:157)
	at org.junit.jupiter.engine.descriptor.TestMethodTestDescriptor.execute(TestMethodTestDescriptor.java:70)
	at org.junit.platform.engine.support.hierarchical.NodeTestTask.lambda$executeRecursively$2(NodeTestTask.java:176)
	at org.junit.platform.engine.support.hierarchical.ThrowableCollector.execute(ThrowableCollector.java:74)
	at org.junit.platform.engine.support.hierarchical.NodeTestTask.lambda$executeRecursively$1(NodeTestTask.java:166)
	at org.junit.platform.engine.support.hierarchical.Node.around(Node.java:138)
	at org.junit.platform.engine.support.hierarchical.NodeTestTask.lambda$executeRecursively$0(NodeTestTask.java:164)
	at org.junit.platform.engine.support.hierarchical.ThrowableCollector.execute(ThrowableCollector.java:74)
	at org.junit.platform.engine.support.hierarchical.NodeTestTask.executeRecursively(NodeTestTask.java:163)
	at org.junit.platform.engine.support.hierarchical.NodeTestTask.execute(NodeTestTask.java:116)
	at java.base/java.util.ArrayList.forEach(ArrayList.java:1604)
	at org.junit.platform.engine.support.hierarchical.SameThreadHierarchicalTestExecutorService.invokeAll(SameThreadHierarchicalTestExecutorService.java:42)
	at org.junit.platform.engine.support.hierarchical.NodeTestTask.lambda$executeRecursively$2(NodeTestTask.java:180)
	at org.junit.platform.engine.support.hierarchical.ThrowableCollector.execute(ThrowableCollector.java:74)
	at org.junit.platform.engine.support.hierarchical.NodeTestTask.lambda$executeRecursively$1(NodeTestTask.java:166)
	at org.junit.platform.engine.support.hierarchical.Node.around(Node.java:138)
	at org.junit.platform.engine.support.hierarchical.NodeTestTask.lambda$executeRecursively$0(NodeTestTask.java:164)
	at org.junit.platform.engine.support.hierarchical.ThrowableCollector.execute(ThrowableCollector.java:74)
	at org.junit.platform.engine.support.hierarchical.NodeTestTask.executeRecursively(NodeTestTask.java:163)
	at org.junit.platform.engine.support.hierarchical.NodeTestTask.execute(NodeTestTask.java:116)
	at java.base/java.util.ArrayList.forEach(ArrayList.java:1604)
	at org.junit.platform.engine.support.hierarchical.SameThreadHierarchicalTestExecutorService.invokeAll(SameThreadHierarchicalTestExecutorService.java:42)
	at org.junit.platform.engine.support.hierarchical.NodeTestTask.lambda$executeRecursively$2(NodeTestTask.java:180)
	at org.junit.platform.engine.support.hierarchical.ThrowableCollector.execute(ThrowableCollector.java:74)
	at org.junit.platform.engine.support.hierarchical.NodeTestTask.lambda$executeRecursively$1(NodeTestTask.java:166)
	at org.junit.platform.engine.support.hierarchical.Node.around(Node.java:138)
	at org.junit.platform.engine.support.hierarchical.NodeTestTask.lambda$executeRecursively$0(NodeTestTask.java:164)
	at org.junit.platform.engine.support.hierarchical.ThrowableCollector.execute(ThrowableCollector.java:74)
	at org.junit.platform.engine.support.hierarchical.NodeTestTask.executeRecursively(NodeTestTask.java:163)
	at org.junit.platform.engine.support.hierarchical.NodeTestTask.execute(NodeTestTask.java:116)
	at org.junit.platform.engine.support.hierarchical.SameThreadHierarchicalTestExecutorService.submit(SameThreadHierarchicalTestExecutorService.java:36)
	at org.junit.platform.engine.support.hierarchical.HierarchicalTestExecutor.execute(HierarchicalTestExecutor.java:52)
	at org.junit.platform.engine.support.hierarchical.HierarchicalTestEngine.execute(HierarchicalTestEngine.java:58)
	at org.junit.platform.launcher.core.EngineExecutionOrchestrator.executeEngine(EngineExecutionOrchestrator.java:246)
	at org.junit.platform.launcher.core.EngineExecutionOrchestrator.failOrExecuteEngine(EngineExecutionOrchestrator.java:218)
	at org.junit.platform.launcher.core.EngineExecutionOrchestrator.execute(EngineExecutionOrchestrator.java:179)
	at org.junit.platform.launcher.core.EngineExecutionOrchestrator.execute(EngineExecutionOrchestrator.java:108)
	at org.junit.platform.launcher.core.EngineExecutionOrchestrator.lambda$execute$0(EngineExecutionOrchestrator.java:66)
	at org.junit.platform.launcher.core.EngineExecutionOrchestrator.withInterceptedStreams(EngineExecutionOrchestrator.java:157)
	at org.junit.platform.launcher.core.EngineExecutionOrchestrator.execute(EngineExecutionOrchestrator.java:65)
	at org.junit.platform.launcher.core.DefaultLauncher.execute(DefaultLauncher.java:125)
	at org.junit.platform.launcher.core.DefaultLauncher.execute(DefaultLauncher.java:114)
	at org.junit.platform.launcher.core.DelegatingLauncher.execute(DelegatingLauncher.java:58)
	at org.junit.platform.launcher.core.InterceptingLauncher.lambda$execute$2(InterceptingLauncher.java:57)
	at org.junit.platform.launcher.core.ClasspathAlignmentCheckingLauncherInterceptor.intercept(ClasspathAlignmentCheckingLauncherInterceptor.java:25)
	at org.junit.platform.launcher.core.InterceptingLauncher.execute(InterceptingLauncher.java:56)
	at org.junit.platform.launcher.core.DelegatingLauncher.execute(DelegatingLauncher.java:58)
	at java.base/jdk.internal.reflect.DirectMethodHandleAccessor.invoke(DirectMethodHandleAccessor.java:104)
	at java.base/java.lang.reflect.Method.invoke(Method.java:565)
	at org.apache.maven.surefire.api.util.ReflectionUtils.invokeMethodWithArray(ReflectionUtils.java:125)
	at org.apache.maven.surefire.junitplatform.LauncherAdapter.executeWithCancellationToken(LauncherAdapter.java:68)
	at org.apache.maven.surefire.junitplatform.LauncherAdapter.execute(LauncherAdapter.java:54)
	at org.apache.maven.surefire.junitplatform.JUnitPlatformProvider.execute(JUnitPlatformProvider.java:203)
	at org.apache.maven.surefire.junitplatform.JUnitPlatformProvider.invokeAllTests(JUnitPlatformProvider.java:168)
	at org.apache.maven.surefire.junitplatform.JUnitPlatformProvider.invoke(JUnitPlatformProvider.java:136)
	at org.apache.maven.surefire.booter.ForkedBooter.runSuitesInProcess(ForkedBooter.java:385)
	at org.apache.maven.surefire.booter.ForkedBooter.execute(ForkedBooter.java:162)
	at org.apache.maven.surefire.booter.ForkedBooter.run(ForkedBooter.java:507)
	at org.apache.maven.surefire.booter.ForkedBooter.main(ForkedBooter.java:495)

2026-02-13 17:02:31,424 DEBUG [com.fra.eng.eng.RuleEvaluator] (main) Decision complete: id=beb35045-a5fa-44dd-a4e3-8fb7a73700da, decision=DECLINE, mode=DEGRADED, time=1ms
]]></system-out>
  </testcase>
  <testcase name="testEvaluationTypeEnumGetValue" classname="com.fraud.engine.engine.RuleEvaluatorTest" time="0.011"/>
  <testcase name="testEmptyRulesetApproves" classname="com.fraud.engine.engine.RuleEvaluatorTest" time="0.003">
    <system-out><![CDATA[2026-02-13 17:02:31,441 WARN  [com.fra.eng.eng.RuleEvaluator] (main) No rules to evaluate for ruleset: EMPTY/v1
2026-02-13 17:02:31,442 DEBUG [com.fra.eng.eng.RuleEvaluator] (main) Decision complete: id=e23e281a-ddc1-4655-9a50-2776c4322ad1, decision=APPROVE, mode=NORMAL, time=1ms
]]></system-out>
  </testcase>
  <testcase name="testAUTH_EvaluationErrorRemainsFailOpenApprove" classname="com.fraud.engine.engine.RuleEvaluatorTest" time="0.146">
    <system-out><![CDATA[2026-02-13 17:02:31,588 ERROR [com.fra.eng.eng.RuleEvaluator] (main) Error during rule evaluation: java.lang.RuntimeException: boom
	at com.fraud.engine.engine.AuthEvaluator.evaluate(AuthEvaluator.java:31)
	at com.fraud.engine.engine.RuleEvaluator.dispatchEvaluation(RuleEvaluator.java:165)
	at com.fraud.engine.engine.RuleEvaluator.evaluate(RuleEvaluator.java:119)
	at com.fraud.engine.engine.RuleEvaluator.evaluate(RuleEvaluator.java:55)
	at com.fraud.engine.engine.RuleEvaluatorTest.testAUTH_EvaluationErrorRemainsFailOpenApprove(RuleEvaluatorTest.java:289)
	at java.base/jdk.internal.reflect.DirectMethodHandleAccessor.invoke(DirectMethodHandleAccessor.java:104)
	at java.base/java.lang.reflect.Method.invoke(Method.java:565)
	at org.junit.platform.commons.util.ReflectionUtils.invokeMethod(ReflectionUtils.java:701)
	at org.junit.platform.commons.support.ReflectionSupport.invokeMethod(ReflectionSupport.java:502)
	at org.junit.jupiter.engine.support.MethodReflectionUtils.invoke(MethodReflectionUtils.java:45)
	at org.junit.jupiter.engine.execution.MethodInvocation.proceed(MethodInvocation.java:61)
	at org.junit.jupiter.engine.execution.InvocationInterceptorChain$ValidatingInvocation.proceed(InvocationInterceptorChain.java:124)
	at org.junit.jupiter.engine.extension.TimeoutExtension.intercept(TimeoutExtension.java:163)
	at org.junit.jupiter.engine.extension.TimeoutExtension.interceptTestableMethod(TimeoutExtension.java:148)
	at org.junit.jupiter.engine.extension.TimeoutExtension.interceptTestMethod(TimeoutExtension.java:86)
	at org.junit.jupiter.engine.execution.InterceptingExecutableInvoker$ReflectiveInterceptorCall.lambda$ofVoidMethod$0(InterceptingExecutableInvoker.java:123)
	at org.junit.jupiter.engine.execution.InterceptingExecutableInvoker.lambda$invoke$0(InterceptingExecutableInvoker.java:105)
	at org.junit.jupiter.engine.execution.InvocationInterceptorChain$InterceptedInvocation.proceed(InvocationInterceptorChain.java:99)
	at org.junit.jupiter.engine.execution.InvocationInterceptorChain.proceed(InvocationInterceptorChain.java:66)
	at org.junit.jupiter.engine.execution.InvocationInterceptorChain.chainAndInvoke(InvocationInterceptorChain.java:47)
	at org.junit.jupiter.engine.execution.InvocationInterceptorChain.invoke(InvocationInterceptorChain.java:39)
	at org.junit.jupiter.engine.execution.InterceptingExecutableInvoker.invoke(InterceptingExecutableInvoker.java:104)
	at org.junit.jupiter.engine.execution.InterceptingExecutableInvoker.invoke(InterceptingExecutableInvoker.java:98)
	at org.junit.jupiter.engine.execution.InterceptingExecutableInvoker.invokeVoid(InterceptingExecutableInvoker.java:71)
	at org.junit.jupiter.engine.descriptor.TestMethodTestDescriptor.lambda$invokeTestMethod$0(TestMethodTestDescriptor.java:219)
	at org.junit.platform.engine.support.hierarchical.ThrowableCollector.execute(ThrowableCollector.java:74)
	at org.junit.jupiter.engine.descriptor.TestMethodTestDescriptor.invokeTestMethod(TestMethodTestDescriptor.java:215)
	at org.junit.jupiter.engine.descriptor.TestMethodTestDescriptor.execute(TestMethodTestDescriptor.java:157)
	at org.junit.jupiter.engine.descriptor.TestMethodTestDescriptor.execute(TestMethodTestDescriptor.java:70)
	at org.junit.platform.engine.support.hierarchical.NodeTestTask.lambda$executeRecursively$2(NodeTestTask.java:176)
	at org.junit.platform.engine.support.hierarchical.ThrowableCollector.execute(ThrowableCollector.java:74)
	at org.junit.platform.engine.support.hierarchical.NodeTestTask.lambda$executeRecursively$1(NodeTestTask.java:166)
	at org.junit.platform.engine.support.hierarchical.Node.around(Node.java:138)
	at org.junit.platform.engine.support.hierarchical.NodeTestTask.lambda$executeRecursively$0(NodeTestTask.java:164)
	at org.junit.platform.engine.support.hierarchical.ThrowableCollector.execute(ThrowableCollector.java:74)
	at org.junit.platform.engine.support.hierarchical.NodeTestTask.executeRecursively(NodeTestTask.java:163)
	at org.junit.platform.engine.support.hierarchical.NodeTestTask.execute(NodeTestTask.java:116)
	at java.base/java.util.ArrayList.forEach(ArrayList.java:1604)
	at org.junit.platform.engine.support.hierarchical.SameThreadHierarchicalTestExecutorService.invokeAll(SameThreadHierarchicalTestExecutorService.java:42)
	at org.junit.platform.engine.support.hierarchical.NodeTestTask.lambda$executeRecursively$2(NodeTestTask.java:180)
	at org.junit.platform.engine.support.hierarchical.ThrowableCollector.execute(ThrowableCollector.java:74)
	at org.junit.platform.engine.support.hierarchical.NodeTestTask.lambda$executeRecursively$1(NodeTestTask.java:166)
	at org.junit.platform.engine.support.hierarchical.Node.around(Node.java:138)
	at org.junit.platform.engine.support.hierarchical.NodeTestTask.lambda$executeRecursively$0(NodeTestTask.java:164)
	at org.junit.platform.engine.support.hierarchical.ThrowableCollector.execute(ThrowableCollector.java:74)
	at org.junit.platform.engine.support.hierarchical.NodeTestTask.executeRecursively(NodeTestTask.java:163)
	at org.junit.platform.engine.support.hierarchical.NodeTestTask.execute(NodeTestTask.java:116)
	at java.base/java.util.ArrayList.forEach(ArrayList.java:1604)
	at org.junit.platform.engine.support.hierarchical.SameThreadHierarchicalTestExecutorService.invokeAll(SameThreadHierarchicalTestExecutorService.java:42)
	at org.junit.platform.engine.support.hierarchical.NodeTestTask.lambda$executeRecursively$2(NodeTestTask.java:180)
	at org.junit.platform.engine.support.hierarchical.ThrowableCollector.execute(ThrowableCollector.java:74)
	at org.junit.platform.engine.support.hierarchical.NodeTestTask.lambda$executeRecursively$1(NodeTestTask.java:166)
	at org.junit.platform.engine.support.hierarchical.Node.around(Node.java:138)
	at org.junit.platform.engine.support.hierarchical.NodeTestTask.lambda$executeRecursively$0(NodeTestTask.java:164)
	at org.junit.platform.engine.support.hierarchical.ThrowableCollector.execute(ThrowableCollector.java:74)
	at org.junit.platform.engine.support.hierarchical.NodeTestTask.executeRecursively(NodeTestTask.java:163)
	at org.junit.platform.engine.support.hierarchical.NodeTestTask.execute(NodeTestTask.java:116)
	at org.junit.platform.engine.support.hierarchical.SameThreadHierarchicalTestExecutorService.submit(SameThreadHierarchicalTestExecutorService.java:36)
	at org.junit.platform.engine.support.hierarchical.HierarchicalTestExecutor.execute(HierarchicalTestExecutor.java:52)
	at org.junit.platform.engine.support.hierarchical.HierarchicalTestEngine.execute(HierarchicalTestEngine.java:58)
	at org.junit.platform.launcher.core.EngineExecutionOrchestrator.executeEngine(EngineExecutionOrchestrator.java:246)
	at org.junit.platform.launcher.core.EngineExecutionOrchestrator.failOrExecuteEngine(EngineExecutionOrchestrator.java:218)
	at org.junit.platform.launcher.core.EngineExecutionOrchestrator.execute(EngineExecutionOrchestrator.java:179)
	at org.junit.platform.launcher.core.EngineExecutionOrchestrator.execute(EngineExecutionOrchestrator.java:108)
	at org.junit.platform.launcher.core.EngineExecutionOrchestrator.lambda$execute$0(EngineExecutionOrchestrator.java:66)
	at org.junit.platform.launcher.core.EngineExecutionOrchestrator.withInterceptedStreams(EngineExecutionOrchestrator.java:157)
	at org.junit.platform.launcher.core.EngineExecutionOrchestrator.execute(EngineExecutionOrchestrator.java:65)
	at org.junit.platform.launcher.core.DefaultLauncher.execute(DefaultLauncher.java:125)
	at org.junit.platform.launcher.core.DefaultLauncher.execute(DefaultLauncher.java:114)
	at org.junit.platform.launcher.core.DelegatingLauncher.execute(DelegatingLauncher.java:58)
	at org.junit.platform.launcher.core.InterceptingLauncher.lambda$execute$2(InterceptingLauncher.java:57)
	at org.junit.platform.launcher.core.ClasspathAlignmentCheckingLauncherInterceptor.intercept(ClasspathAlignmentCheckingLauncherInterceptor.java:25)
	at org.junit.platform.launcher.core.InterceptingLauncher.execute(InterceptingLauncher.java:56)
	at org.junit.platform.launcher.core.DelegatingLauncher.execute(DelegatingLauncher.java:58)
	at java.base/jdk.internal.reflect.DirectMethodHandleAccessor.invoke(DirectMethodHandleAccessor.java:104)
	at java.base/java.lang.reflect.Method.invoke(Method.java:565)
	at org.apache.maven.surefire.api.util.ReflectionUtils.invokeMethodWithArray(ReflectionUtils.java:125)
	at org.apache.maven.surefire.junitplatform.LauncherAdapter.executeWithCancellationToken(LauncherAdapter.java:68)
	at org.apache.maven.surefire.junitplatform.LauncherAdapter.execute(LauncherAdapter.java:54)
	at org.apache.maven.surefire.junitplatform.JUnitPlatformProvider.execute(JUnitPlatformProvider.java:203)
	at org.apache.maven.surefire.junitplatform.JUnitPlatformProvider.invokeAllTests(JUnitPlatformProvider.java:168)
	at org.apache.maven.surefire.junitplatform.JUnitPlatformProvider.invoke(JUnitPlatformProvider.java:136)
	at org.apache.maven.surefire.booter.ForkedBooter.runSuitesInProcess(ForkedBooter.java:385)
	at org.apache.maven.surefire.booter.ForkedBooter.execute(ForkedBooter.java:162)
	at org.apache.maven.surefire.booter.ForkedBooter.run(ForkedBooter.java:507)
	at org.apache.maven.surefire.booter.ForkedBooter.main(ForkedBooter.java:495)

2026-02-13 17:02:31,588 ERROR [com.fra.eng.eng.RuleEvaluator] (main) Evaluation error, defaulting to APPROVE (fail-open): java.lang.RuntimeException: boom
	at com.fraud.engine.engine.AuthEvaluator.evaluate(AuthEvaluator.java:31)
	at com.fraud.engine.engine.RuleEvaluator.dispatchEvaluation(RuleEvaluator.java:165)
	at com.fraud.engine.engine.RuleEvaluator.evaluate(RuleEvaluator.java:119)
	at com.fraud.engine.engine.RuleEvaluator.evaluate(RuleEvaluator.java:55)
	at com.fraud.engine.engine.RuleEvaluatorTest.testAUTH_EvaluationErrorRemainsFailOpenApprove(RuleEvaluatorTest.java:289)
	at java.base/jdk.internal.reflect.DirectMethodHandleAccessor.invoke(DirectMethodHandleAccessor.java:104)
	at java.base/java.lang.reflect.Method.invoke(Method.java:565)
	at org.junit.platform.commons.util.ReflectionUtils.invokeMethod(ReflectionUtils.java:701)
	at org.junit.platform.commons.support.ReflectionSupport.invokeMethod(ReflectionSupport.java:502)
	at org.junit.jupiter.engine.support.MethodReflectionUtils.invoke(MethodReflectionUtils.java:45)
	at org.junit.jupiter.engine.execution.MethodInvocation.proceed(MethodInvocation.java:61)
	at org.junit.jupiter.engine.execution.InvocationInterceptorChain$ValidatingInvocation.proceed(InvocationInterceptorChain.java:124)
	at org.junit.jupiter.engine.extension.TimeoutExtension.intercept(TimeoutExtension.java:163)
	at org.junit.jupiter.engine.extension.TimeoutExtension.interceptTestableMethod(TimeoutExtension.java:148)
	at org.junit.jupiter.engine.extension.TimeoutExtension.interceptTestMethod(TimeoutExtension.java:86)
	at org.junit.jupiter.engine.execution.InterceptingExecutableInvoker$ReflectiveInterceptorCall.lambda$ofVoidMethod$0(InterceptingExecutableInvoker.java:123)
	at org.junit.jupiter.engine.execution.InterceptingExecutableInvoker.lambda$invoke$0(InterceptingExecutableInvoker.java:105)
	at org.junit.jupiter.engine.execution.InvocationInterceptorChain$InterceptedInvocation.proceed(InvocationInterceptorChain.java:99)
	at org.junit.jupiter.engine.execution.InvocationInterceptorChain.proceed(InvocationInterceptorChain.java:66)
	at org.junit.jupiter.engine.execution.InvocationInterceptorChain.chainAndInvoke(InvocationInterceptorChain.java:47)
	at org.junit.jupiter.engine.execution.InvocationInterceptorChain.invoke(InvocationInterceptorChain.java:39)
	at org.junit.jupiter.engine.execution.InterceptingExecutableInvoker.invoke(InterceptingExecutableInvoker.java:104)
	at org.junit.jupiter.engine.execution.InterceptingExecutableInvoker.invoke(InterceptingExecutableInvoker.java:98)
	at org.junit.jupiter.engine.execution.InterceptingExecutableInvoker.invokeVoid(InterceptingExecutableInvoker.java:71)
	at org.junit.jupiter.engine.descriptor.TestMethodTestDescriptor.lambda$invokeTestMethod$0(TestMethodTestDescriptor.java:219)
	at org.junit.platform.engine.support.hierarchical.ThrowableCollector.execute(ThrowableCollector.java:74)
	at org.junit.jupiter.engine.descriptor.TestMethodTestDescriptor.invokeTestMethod(TestMethodTestDescriptor.java:215)
	at org.junit.jupiter.engine.descriptor.TestMethodTestDescriptor.execute(TestMethodTestDescriptor.java:157)
	at org.junit.jupiter.engine.descriptor.TestMethodTestDescriptor.execute(TestMethodTestDescriptor.java:70)
	at org.junit.platform.engine.support.hierarchical.NodeTestTask.lambda$executeRecursively$2(NodeTestTask.java:176)
	at org.junit.platform.engine.support.hierarchical.ThrowableCollector.execute(ThrowableCollector.java:74)
	at org.junit.platform.engine.support.hierarchical.NodeTestTask.lambda$executeRecursively$1(NodeTestTask.java:166)
	at org.junit.platform.engine.support.hierarchical.Node.around(Node.java:138)
	at org.junit.platform.engine.support.hierarchical.NodeTestTask.lambda$executeRecursively$0(NodeTestTask.java:164)
	at org.junit.platform.engine.support.hierarchical.ThrowableCollector.execute(ThrowableCollector.java:74)
	at org.junit.platform.engine.support.hierarchical.NodeTestTask.executeRecursively(NodeTestTask.java:163)
	at org.junit.platform.engine.support.hierarchical.NodeTestTask.execute(NodeTestTask.java:116)
	at java.base/java.util.ArrayList.forEach(ArrayList.java:1604)
	at org.junit.platform.engine.support.hierarchical.SameThreadHierarchicalTestExecutorService.invokeAll(SameThreadHierarchicalTestExecutorService.java:42)
	at org.junit.platform.engine.support.hierarchical.NodeTestTask.lambda$executeRecursively$2(NodeTestTask.java:180)
	at org.junit.platform.engine.support.hierarchical.ThrowableCollector.execute(ThrowableCollector.java:74)
	at org.junit.platform.engine.support.hierarchical.NodeTestTask.lambda$executeRecursively$1(NodeTestTask.java:166)
	at org.junit.platform.engine.support.hierarchical.Node.around(Node.java:138)
	at org.junit.platform.engine.support.hierarchical.NodeTestTask.lambda$executeRecursively$0(NodeTestTask.java:164)
	at org.junit.platform.engine.support.hierarchical.ThrowableCollector.execute(ThrowableCollector.java:74)
	at org.junit.platform.engine.support.hierarchical.NodeTestTask.executeRecursively(NodeTestTask.java:163)
	at org.junit.platform.engine.support.hierarchical.NodeTestTask.execute(NodeTestTask.java:116)
	at java.base/java.util.ArrayList.forEach(ArrayList.java:1604)
	at org.junit.platform.engine.support.hierarchical.SameThreadHierarchicalTestExecutorService.invokeAll(SameThreadHierarchicalTestExecutorService.java:42)
	at org.junit.platform.engine.support.hierarchical.NodeTestTask.lambda$executeRecursively$2(NodeTestTask.java:180)
	at org.junit.platform.engine.support.hierarchical.ThrowableCollector.execute(ThrowableCollector.java:74)
	at org.junit.platform.engine.support.hierarchical.NodeTestTask.lambda$executeRecursively$1(NodeTestTask.java:166)
	at org.junit.platform.engine.support.hierarchical.Node.around(Node.java:138)
	at org.junit.platform.engine.support.hierarchical.NodeTestTask.lambda$executeRecursively$0(NodeTestTask.java:164)
	at org.junit.platform.engine.support.hierarchical.ThrowableCollector.execute(ThrowableCollector.java:74)
	at org.junit.platform.engine.support.hierarchical.NodeTestTask.executeRecursively(NodeTestTask.java:163)
	at org.junit.platform.engine.support.hierarchical.NodeTestTask.execute(NodeTestTask.java:116)
	at org.junit.platform.engine.support.hierarchical.SameThreadHierarchicalTestExecutorService.submit(SameThreadHierarchicalTestExecutorService.java:36)
	at org.junit.platform.engine.support.hierarchical.HierarchicalTestExecutor.execute(HierarchicalTestExecutor.java:52)
	at org.junit.platform.engine.support.hierarchical.HierarchicalTestEngine.execute(HierarchicalTestEngine.java:58)
	at org.junit.platform.launcher.core.EngineExecutionOrchestrator.executeEngine(EngineExecutionOrchestrator.java:246)
	at org.junit.platform.launcher.core.EngineExecutionOrchestrator.failOrExecuteEngine(EngineExecutionOrchestrator.java:218)
	at org.junit.platform.launcher.core.EngineExecutionOrchestrator.execute(EngineExecutionOrchestrator.java:179)
	at org.junit.platform.launcher.core.EngineExecutionOrchestrator.execute(EngineExecutionOrchestrator.java:108)
	at org.junit.platform.launcher.core.EngineExecutionOrchestrator.lambda$execute$0(EngineExecutionOrchestrator.java:66)
	at org.junit.platform.launcher.core.EngineExecutionOrchestrator.withInterceptedStreams(EngineExecutionOrchestrator.java:157)
	at org.junit.platform.launcher.core.EngineExecutionOrchestrator.execute(EngineExecutionOrchestrator.java:65)
	at org.junit.platform.launcher.core.DefaultLauncher.execute(DefaultLauncher.java:125)
	at org.junit.platform.launcher.core.DefaultLauncher.execute(DefaultLauncher.java:114)
	at org.junit.platform.launcher.core.DelegatingLauncher.execute(DelegatingLauncher.java:58)
	at org.junit.platform.launcher.core.InterceptingLauncher.lambda$execute$2(InterceptingLauncher.java:57)
	at org.junit.platform.launcher.core.ClasspathAlignmentCheckingLauncherInterceptor.intercept(ClasspathAlignmentCheckingLauncherInterceptor.java:25)
	at org.junit.platform.launcher.core.InterceptingLauncher.execute(InterceptingLauncher.java:56)
	at org.junit.platform.launcher.core.DelegatingLauncher.execute(DelegatingLauncher.java:58)
	at java.base/jdk.internal.reflect.DirectMethodHandleAccessor.invoke(DirectMethodHandleAccessor.java:104)
	at java.base/java.lang.reflect.Method.invoke(Method.java:565)
	at org.apache.maven.surefire.api.util.ReflectionUtils.invokeMethodWithArray(ReflectionUtils.java:125)
	at org.apache.maven.surefire.junitplatform.LauncherAdapter.executeWithCancellationToken(LauncherAdapter.java:68)
	at org.apache.maven.surefire.junitplatform.LauncherAdapter.execute(LauncherAdapter.java:54)
	at org.apache.maven.surefire.junitplatform.JUnitPlatformProvider.execute(JUnitPlatformProvider.java:203)
	at org.apache.maven.surefire.junitplatform.JUnitPlatformProvider.invokeAllTests(JUnitPlatformProvider.java:168)
	at org.apache.maven.surefire.junitplatform.JUnitPlatformProvider.invoke(JUnitPlatformProvider.java:136)
	at org.apache.maven.surefire.booter.ForkedBooter.runSuitesInProcess(ForkedBooter.java:385)
	at org.apache.maven.surefire.booter.ForkedBooter.execute(ForkedBooter.java:162)
	at org.apache.maven.surefire.booter.ForkedBooter.run(ForkedBooter.java:507)
	at org.apache.maven.surefire.booter.ForkedBooter.main(ForkedBooter.java:495)

2026-02-13 17:02:31,589 DEBUG [com.fra.eng.eng.RuleEvaluator] (main) Decision complete: id=7946ae07-472c-42df-bf30-060c1273eb48, decision=APPROVE, mode=FAIL_OPEN, time=2ms
]]></system-out>
  </testcase>
  <testcase name="testMONITORING_NoMatchApproves" classname="com.fraud.engine.engine.RuleEvaluatorTest" time="0.004">
    <system-out><![CDATA[2026-02-13 17:02:31,593 DEBUG [com.fra.eng.eng.MonitoringEvaluator] (main) MONITORING evaluation: 2 rules to evaluate
2026-02-13 17:02:31,594 DEBUG [com.fra.eng.eng.MonitoringEvaluator] (main) Evaluating rule: high-amount (High Amount)
2026-02-13 17:02:31,594 DEBUG [com.fra.eng.eng.MonitoringEvaluator] (main) Evaluating rule: high-risk-country (High Risk Country)
2026-02-13 17:02:31,594 DEBUG [com.fra.eng.eng.MonitoringEvaluator] (main) MONITORING evaluation complete: 0 matched, decision: APPROVE
2026-02-13 17:02:31,594 DEBUG [com.fra.eng.eng.RuleEvaluator] (main) Decision complete: id=c1636a5c-36ff-41d1-82b9-7d978aabd243, decision=APPROVE, mode=NORMAL, time=1ms
]]></system-out>
  </testcase>
  <testcase name="testDecisionHasProcessingTime" classname="com.fraud.engine.engine.RuleEvaluatorTest" time="0.008">
    <system-out><![CDATA[2026-02-13 17:02:31,603 DEBUG [com.fra.eng.eng.AuthEvaluator] (main) AUTH evaluation: 3 rules to evaluate
2026-02-13 17:02:31,603 DEBUG [com.fra.eng.eng.AuthEvaluator] (main) Evaluating rule: high-amount (High Amount)
2026-02-13 17:02:31,603 DEBUG [com.fra.eng.eng.AuthEvaluator] (main) Evaluating rule: high-risk-country (High Risk Country)
2026-02-13 17:02:31,603 DEBUG [com.fra.eng.eng.AuthEvaluator] (main) Evaluating rule: default-approve (Default Approve)
2026-02-13 17:02:31,603 DEBUG [com.fra.eng.eng.AuthEvaluator] (main) Rule matched: default-approve (Default Approve) - Action: APPROVE
2026-02-13 17:02:31,603 DEBUG [com.fra.eng.eng.RuleEvaluator] (main) Decision complete: id=cfc890cf-be85-4c7e-ba2a-efbf6cbb0b38, decision=APPROVE, mode=NORMAL, time=0ms
]]></system-out>
  </testcase>
  <testcase name="testMONITORING_MissingDecision_MarksDegraded" classname="com.fraud.engine.engine.RuleEvaluatorTest" time="0.005">
    <system-out><![CDATA[2026-02-13 17:02:31,608 DEBUG [com.fra.eng.eng.MonitoringEvaluator] (main) MONITORING evaluation: 2 rules to evaluate
2026-02-13 17:02:31,608 DEBUG [com.fra.eng.eng.MonitoringEvaluator] (main) Evaluating rule: high-amount (High Amount)
2026-02-13 17:02:31,608 DEBUG [com.fra.eng.eng.MonitoringEvaluator] (main) Rule matched: high-amount (High Amount) - Action: REVIEW
2026-02-13 17:02:31,608 DEBUG [com.fra.eng.eng.MonitoringEvaluator] (main) Evaluating rule: high-risk-country (High Risk Country)
2026-02-13 17:02:31,609 WARN  [com.fra.eng.eng.MonitoringEvaluator] (main) MONITORING decision missing; defaulting to APPROVE
2026-02-13 17:02:31,609 DEBUG [com.fra.eng.eng.MonitoringEvaluator] (main) MONITORING evaluation complete: 1 matched, decision: APPROVE
2026-02-13 17:02:31,609 DEBUG [com.fra.eng.eng.RuleEvaluator] (main) Decision complete: id=d2fb8958-9fbe-422a-9004-6e6b69197c65, decision=APPROVE, mode=DEGRADED, time=1ms
]]></system-out>
  </testcase>
  <testcase name="testDecisionHasEvaluationType" classname="com.fraud.engine.engine.RuleEvaluatorTest" time="0.007">
    <system-out><![CDATA[2026-02-13 17:02:31,615 DEBUG [com.fra.eng.eng.AuthEvaluator] (main) AUTH evaluation: 3 rules to evaluate
2026-02-13 17:02:31,616 DEBUG [com.fra.eng.eng.AuthEvaluator] (main) Evaluating rule: high-amount (High Amount)
2026-02-13 17:02:31,616 DEBUG [com.fra.eng.eng.AuthEvaluator] (main) Evaluating rule: high-risk-country (High Risk Country)
2026-02-13 17:02:31,616 DEBUG [com.fra.eng.eng.AuthEvaluator] (main) Evaluating rule: default-approve (Default Approve)
2026-02-13 17:02:31,616 DEBUG [com.fra.eng.eng.AuthEvaluator] (main) Rule matched: default-approve (Default Approve) - Action: APPROVE
2026-02-13 17:02:31,616 DEBUG [com.fra.eng.eng.RuleEvaluator] (main) Decision complete: id=e0cfc71b-5739-4d67-b4d7-84a2eef9ca66, decision=APPROVE, mode=NORMAL, time=1ms
]]></system-out>
  </testcase>
  <testcase name="testDisabledRuleNotEvaluated" classname="com.fraud.engine.engine.RuleEvaluatorTest" time="0.003">
    <system-out><![CDATA[2026-02-13 17:02:31,621 WARN  [com.fra.eng.eng.RuleEvaluator] (main) No rules to evaluate for ruleset: CARD_AUTH/v1
2026-02-13 17:02:31,621 DEBUG [com.fra.eng.eng.RuleEvaluator] (main) Decision complete: id=0e18997b-590c-4bf6-a02f-76222723ebcc, decision=APPROVE, mode=NORMAL, time=0ms
]]></system-out>
  </testcase>
</testsuite>