<?xml version="1.0" encoding="UTF-8"?>
<testsuite xmlns:xsi="http://www.w3.org/2001/XMLSchema-instance" xsi:noNamespaceSchemaLocation="https://maven.apache.org/surefire/maven-surefire-plugin/xsd/surefire-test-report.xsd" version="3.0.2" name="com.fraud.engine.engine.FraudPatternTest" time="0.116" tests="0" errors="0" skipped="0" failures="0">
  <properties>
[...]
</properties>
  <testcase name="testGradualIncrease" classname="Bust-Out Pattern" time="0.01">
    <system-out><![CDATA[2026-02-13 17:02:30,104 WARN  [com.fra.eng.eng.RuleEvaluator] (main) Unknown evaluation type: null, defaulting to AUTH
2026-02-13 17:02:30,104 DEBUG [com.fra.eng.eng.AuthEvaluator] (main) AUTH evaluation: 4 rules to evaluate
2026-02-13 17:02:30,104 DEBUG [com.fra.eng.eng.AuthEvaluator] (main) Evaluating rule: card-testing (Card Testing Detection)
2026-02-13 17:02:30,104 DEBUG [com.fra.eng.eng.AuthEvaluator] (main) Evaluating rule: gambling-high-amount (Gambling + High Amount)
2026-02-13 17:02:30,105 DEBUG [com.fra.eng.eng.AuthEvaluator] (main) Evaluating rule: wire-transfer-high-risk (Wire Transfer - First Time Merchant)
2026-02-13 17:02:30,105 DEBUG [com.fra.eng.eng.AuthEvaluator] (main) Evaluating rule: bust-out-sudden-spike (Bust-Out Pattern - Sudden Spike)
2026-02-13 17:02:30,105 DEBUG [com.fra.eng.eng.AuthEvaluator] (main) No rules matched, defaulting to APPROVE
2026-02-13 17:02:30,105 DEBUG [com.fra.eng.eng.RuleEvaluator] (main) Decision complete: id=1698eb6d-e7b8-4d23-8bae-543abe0a37d9, decision=APPROVE, mode=NORMAL, time=1ms
2026-02-13 17:02:30,107 WARN  [com.fra.eng.eng.RuleEvaluator] (main) Unknown evaluation type: null, defaulting to AUTH
2026-02-13 17:02:30,107 DEBUG [com.fra.eng.eng.AuthEvaluator] (main) AUTH evaluation: 4 rules to evaluate
2026-02-13 17:02:30,107 DEBUG [com.fra.eng.eng.AuthEvaluator] (main) Evaluating rule: card-testing (Card Testing Detection)
2026-02-13 17:02:30,107 DEBUG [com.fra.eng.eng.AuthEvaluator] (main) Evaluating rule: gambling-high-amount (Gambling + High Amount)
2026-02-13 17:02:30,107 DEBUG [com.fra.eng.eng.AuthEvaluator] (main) Evaluating rule: wire-transfer-high-risk (Wire Transfer - First Time Merchant)
2026-02-13 17:02:30,107 DEBUG [com.fra.eng.eng.AuthEvaluator] (main) Evaluating rule: bust-out-sudden-spike (Bust-Out Pattern - Sudden Spike)
2026-02-13 17:02:30,107 DEBUG [com.fra.eng.eng.AuthEvaluator] (main) No rules matched, defaulting to APPROVE
2026-02-13 17:02:30,107 DEBUG [com.fra.eng.eng.RuleEvaluator] (main) Decision complete: id=ac8f1fc4-6b8a-4d82-a5ef-37e1eb3d2c65, decision=APPROVE, mode=NORMAL, time=1ms
2026-02-13 17:02:30,108 WARN  [com.fra.eng.eng.RuleEvaluator] (main) Unknown evaluation type: null, defaulting to AUTH
2026-02-13 17:02:30,108 DEBUG [com.fra.eng.eng.AuthEvaluator] (main) AUTH evaluation: 4 rules to evaluate
2026-02-13 17:02:30,108 DEBUG [com.fra.eng.eng.AuthEvaluator] (main) Evaluating rule: card-testing (Card Testing Detection)
2026-02-13 17:02:30,108 DEBUG [com.fra.eng.eng.AuthEvaluator] (main) Evaluating rule: gambling-high-amount (Gambling + High Amount)
2026-02-13 17:02:30,108 DEBUG [com.fra.eng.eng.AuthEvaluator] (main) Evaluating rule: wire-transfer-high-risk (Wire Transfer - First Time Merchant)
2026-02-13 17:02:30,108 DEBUG [com.fra.eng.eng.AuthEvaluator] (main) Evaluating rule: bust-out-sudden-spike (Bust-Out Pattern - Sudden Spike)
2026-02-13 17:02:30,109 DEBUG [com.fra.eng.eng.AuthEvaluator] (main) No rules matched, defaulting to APPROVE
2026-02-13 17:02:30,109 DEBUG [com.fra.eng.eng.RuleEvaluator] (main) Decision complete: id=e1258557-7e4b-4d28-a5d3-7038b9e87c1f, decision=APPROVE, mode=NORMAL, time=1ms
2026-02-13 17:02:30,109 WARN  [com.fra.eng.eng.RuleEvaluator] (main) Unknown evaluation type: null, defaulting to AUTH
2026-02-13 17:02:30,109 DEBUG [com.fra.eng.eng.AuthEvaluator] (main) AUTH evaluation: 4 rules to evaluate
2026-02-13 17:02:30,109 DEBUG [com.fra.eng.eng.AuthEvaluator] (main) Evaluating rule: card-testing (Card Testing Detection)
2026-02-13 17:02:30,109 DEBUG [com.fra.eng.eng.AuthEvaluator] (main) Evaluating rule: gambling-high-amount (Gambling + High Amount)
2026-02-13 17:02:30,110 DEBUG [com.fra.eng.eng.AuthEvaluator] (main) Evaluating rule: wire-transfer-high-risk (Wire Transfer - First Time Merchant)
2026-02-13 17:02:30,110 DEBUG [com.fra.eng.eng.AuthEvaluator] (main) Evaluating rule: bust-out-sudden-spike (Bust-Out Pattern - Sudden Spike)
2026-02-13 17:02:30,110 DEBUG [com.fra.eng.eng.AuthEvaluator] (main) No rules matched, defaulting to APPROVE
2026-02-13 17:02:30,110 DEBUG [com.fra.eng.eng.RuleEvaluator] (main) Decision complete: id=f08b8e77-9da3-415e-98a9-27492f5128ae, decision=APPROVE, mode=NORMAL, time=1ms
2026-02-13 17:02:30,110 WARN  [com.fra.eng.eng.RuleEvaluator] (main) Unknown evaluation type: null, defaulting to AUTH
2026-02-13 17:02:30,110 DEBUG [com.fra.eng.eng.AuthEvaluator] (main) AUTH evaluation: 4 rules to evaluate
2026-02-13 17:02:30,111 DEBUG [com.fra.eng.eng.AuthEvaluator] (main) Evaluating rule: card-testing (Card Testing Detection)
2026-02-13 17:02:30,111 DEBUG [com.fra.eng.eng.AuthEvaluator] (main) Evaluating rule: gambling-high-amount (Gambling + High Amount)
2026-02-13 17:02:30,111 DEBUG [com.fra.eng.eng.AuthEvaluator] (main) Evaluating rule: wire-transfer-high-risk (Wire Transfer - First Time Merchant)
2026-02-13 17:02:30,111 DEBUG [com.fra.eng.eng.AuthEvaluator] (main) Evaluating rule: bust-out-sudden-spike (Bust-Out Pattern - Sudden Spike)
2026-02-13 17:02:30,111 DEBUG [com.fra.eng.eng.AuthEvaluator] (main) No rules matched, defaulting to APPROVE
2026-02-13 17:02:30,111 DEBUG [com.fra.eng.eng.RuleEvaluator] (main) Decision complete: id=05f11881-2fb6-462c-b672-2636aba9e546, decision=APPROVE, mode=NORMAL, time=1ms
]]></system-out>
  </testcase>
  <testcase name="testSuddenSpike" classname="Bust-Out Pattern" time="0.004">
    <system-out><![CDATA[2026-02-13 17:02:30,113 WARN  [com.fra.eng.eng.RuleEvaluator] (main) Unknown evaluation type: null, defaulting to AUTH
2026-02-13 17:02:30,114 DEBUG [com.fra.eng.eng.AuthEvaluator] (main) AUTH evaluation: 4 rules to evaluate
2026-02-13 17:02:30,114 DEBUG [com.fra.eng.eng.AuthEvaluator] (main) Evaluating rule: card-testing (Card Testing Detection)
2026-02-13 17:02:30,114 DEBUG [com.fra.eng.eng.AuthEvaluator] (main) Evaluating rule: gambling-high-amount (Gambling + High Amount)
2026-02-13 17:02:30,114 DEBUG [com.fra.eng.eng.AuthEvaluator] (main) Evaluating rule: wire-transfer-high-risk (Wire Transfer - First Time Merchant)
2026-02-13 17:02:30,114 DEBUG [com.fra.eng.eng.AuthEvaluator] (main) Evaluating rule: bust-out-sudden-spike (Bust-Out Pattern - Sudden Spike)
2026-02-13 17:02:30,114 DEBUG [com.fra.eng.eng.AuthEvaluator] (main) No rules matched, defaulting to APPROVE
2026-02-13 17:02:30,114 DEBUG [com.fra.eng.eng.RuleEvaluator] (main) Decision complete: id=14c6d5e7-8f35-4f88-bba2-58f60241cd68, decision=APPROVE, mode=NORMAL, time=1ms
2026-02-13 17:02:30,115 WARN  [com.fra.eng.eng.RuleEvaluator] (main) Unknown evaluation type: null, defaulting to AUTH
2026-02-13 17:02:30,115 DEBUG [com.fra.eng.eng.AuthEvaluator] (main) AUTH evaluation: 4 rules to evaluate
2026-02-13 17:02:30,115 DEBUG [com.fra.eng.eng.AuthEvaluator] (main) Evaluating rule: card-testing (Card Testing Detection)
2026-02-13 17:02:30,115 DEBUG [com.fra.eng.eng.AuthEvaluator] (main) Evaluating rule: gambling-high-amount (Gambling + High Amount)
2026-02-13 17:02:30,115 DEBUG [com.fra.eng.eng.AuthEvaluator] (main) Evaluating rule: wire-transfer-high-risk (Wire Transfer - First Time Merchant)
2026-02-13 17:02:30,115 DEBUG [com.fra.eng.eng.AuthEvaluator] (main) Evaluating rule: bust-out-sudden-spike (Bust-Out Pattern - Sudden Spike)
2026-02-13 17:02:30,116 DEBUG [com.fra.eng.eng.AuthEvaluator] (main) Rule matched: bust-out-sudden-spike (Bust-Out Pattern - Sudden Spike) - Action: DECLINE
2026-02-13 17:02:30,116 DEBUG [com.fra.eng.eng.RuleEvaluator] (main) Decision complete: id=eab93383-5a3f-4c67-bb33-5560f055e9e2, decision=DECLINE, mode=NORMAL, time=1ms
]]></system-out>
  </testcase>
  <testcase name="testCardTestingAcrossMerchants" classname="Card Testing / Carding Pattern" time="0.006">
    <system-out><![CDATA[2026-02-13 17:02:30,120 WARN  [com.fra.eng.eng.RuleEvaluator] (main) Unknown evaluation type: null, defaulting to AUTH
2026-02-13 17:02:30,120 DEBUG [com.fra.eng.eng.AuthEvaluator] (main) AUTH evaluation: 4 rules to evaluate
2026-02-13 17:02:30,120 DEBUG [com.fra.eng.eng.AuthEvaluator] (main) Evaluating rule: card-testing (Card Testing Detection)
2026-02-13 17:02:30,120 DEBUG [com.fra.eng.eng.AuthEvaluator] (main) Rule matched: card-testing (Card Testing Detection) - Action: DECLINE
2026-02-13 17:02:30,120 DEBUG [com.fra.eng.eng.RuleEvaluator] (main) Decision complete: id=97dca1b3-8a10-47b9-a86a-a4b696a91b65, decision=DECLINE, mode=NORMAL, time=0ms
2026-02-13 17:02:30,121 WARN  [com.fra.eng.eng.RuleEvaluator] (main) Unknown evaluation type: null, defaulting to AUTH
2026-02-13 17:02:30,122 DEBUG [com.fra.eng.eng.AuthEvaluator] (main) AUTH evaluation: 4 rules to evaluate
2026-02-13 17:02:30,122 DEBUG [com.fra.eng.eng.AuthEvaluator] (main) Evaluating rule: card-testing (Card Testing Detection)
2026-02-13 17:02:30,122 DEBUG [com.fra.eng.eng.AuthEvaluator] (main) Rule matched: card-testing (Card Testing Detection) - Action: DECLINE
2026-02-13 17:02:30,122 DEBUG [com.fra.eng.eng.RuleEvaluator] (main) Decision complete: id=a519b032-ac8c-4f26-9c9d-5907cbcbed91, decision=DECLINE, mode=NORMAL, time=1ms
2026-02-13 17:02:30,122 WARN  [com.fra.eng.eng.RuleEvaluator] (main) Unknown evaluation type: null, defaulting to AUTH
2026-02-13 17:02:30,122 DEBUG [com.fra.eng.eng.AuthEvaluator] (main) AUTH evaluation: 4 rules to evaluate
2026-02-13 17:02:30,122 DEBUG [com.fra.eng.eng.AuthEvaluator] (main) Evaluating rule: card-testing (Card Testing Detection)
2026-02-13 17:02:30,122 DEBUG [com.fra.eng.eng.AuthEvaluator] (main) Rule matched: card-testing (Card Testing Detection) - Action: DECLINE
2026-02-13 17:02:30,122 DEBUG [com.fra.eng.eng.RuleEvaluator] (main) Decision complete: id=86c3ac72-e76e-4042-bd7f-91fae4007363, decision=DECLINE, mode=NORMAL, time=0ms
2026-02-13 17:02:30,124 WARN  [com.fra.eng.eng.RuleEvaluator] (main) Unknown evaluation type: null, defaulting to AUTH
2026-02-13 17:02:30,124 DEBUG [com.fra.eng.eng.AuthEvaluator] (main) AUTH evaluation: 4 rules to evaluate
2026-02-13 17:02:30,124 DEBUG [com.fra.eng.eng.AuthEvaluator] (main) Evaluating rule: card-testing (Card Testing Detection)
2026-02-13 17:02:30,124 DEBUG [com.fra.eng.eng.AuthEvaluator] (main) Rule matched: card-testing (Card Testing Detection) - Action: DECLINE
2026-02-13 17:02:30,124 DEBUG [com.fra.eng.eng.RuleEvaluator] (main) Decision complete: id=fd35d617-316b-4ccf-8543-dbc95a454cbf, decision=DECLINE, mode=NORMAL, time=2ms
2026-02-13 17:02:30,124 WARN  [com.fra.eng.eng.RuleEvaluator] (main) Unknown evaluation type: null, defaulting to AUTH
2026-02-13 17:02:30,124 DEBUG [com.fra.eng.eng.AuthEvaluator] (main) AUTH evaluation: 4 rules to evaluate
2026-02-13 17:02:30,124 DEBUG [com.fra.eng.eng.AuthEvaluator] (main) Evaluating rule: card-testing (Card Testing Detection)
2026-02-13 17:02:30,124 DEBUG [com.fra.eng.eng.AuthEvaluator] (main) Rule matched: card-testing (Card Testing Detection) - Action: DECLINE
2026-02-13 17:02:30,125 DEBUG [com.fra.eng.eng.RuleEvaluator] (main) Decision complete: id=2a6da673-b811-40e6-b0e6-159a933fd3b3, decision=DECLINE, mode=NORMAL, time=0ms
]]></system-out>
  </testcase>
  <testcase name="testCardTestingRapidSmallTransactions" classname="Card Testing / Carding Pattern" time="0.005">
    <system-out><![CDATA[2026-02-13 17:02:30,126 WARN  [com.fra.eng.eng.RuleEvaluator] (main) Unknown evaluation type: null, defaulting to AUTH
2026-02-13 17:02:30,127 DEBUG [com.fra.eng.eng.AuthEvaluator] (main) AUTH evaluation: 4 rules to evaluate
2026-02-13 17:02:30,127 DEBUG [com.fra.eng.eng.AuthEvaluator] (main) Evaluating rule: card-testing (Card Testing Detection)
2026-02-13 17:02:30,127 DEBUG [com.fra.eng.eng.AuthEvaluator] (main) Rule matched: card-testing (Card Testing Detection) - Action: DECLINE
2026-02-13 17:02:30,127 DEBUG [com.fra.eng.eng.RuleEvaluator] (main) Decision complete: id=1484d708-a27f-4d5e-8071-27bba2cd428d, decision=DECLINE, mode=NORMAL, time=1ms
2026-02-13 17:02:30,128 WARN  [com.fra.eng.eng.RuleEvaluator] (main) Unknown evaluation type: null, defaulting to AUTH
2026-02-13 17:02:30,128 DEBUG [com.fra.eng.eng.AuthEvaluator] (main) AUTH evaluation: 4 rules to evaluate
2026-02-13 17:02:30,128 DEBUG [com.fra.eng.eng.AuthEvaluator] (main) Evaluating rule: card-testing (Card Testing Detection)
2026-02-13 17:02:30,128 DEBUG [com.fra.eng.eng.AuthEvaluator] (main) Rule matched: card-testing (Card Testing Detection) - Action: DECLINE
2026-02-13 17:02:30,128 DEBUG [com.fra.eng.eng.RuleEvaluator] (main) Decision complete: id=ed10c7cd-baa4-4206-9454-c9830c3ca928, decision=DECLINE, mode=NORMAL, time=1ms
2026-02-13 17:02:30,129 WARN  [com.fra.eng.eng.RuleEvaluator] (main) Unknown evaluation type: null, defaulting to AUTH
2026-02-13 17:02:30,129 DEBUG [com.fra.eng.eng.AuthEvaluator] (main) AUTH evaluation: 4 rules to evaluate
2026-02-13 17:02:30,129 DEBUG [com.fra.eng.eng.AuthEvaluator] (main) Evaluating rule: card-testing (Card Testing Detection)
2026-02-13 17:02:30,129 DEBUG [com.fra.eng.eng.AuthEvaluator] (main) Rule matched: card-testing (Card Testing Detection) - Action: DECLINE
2026-02-13 17:02:30,129 DEBUG [com.fra.eng.eng.RuleEvaluator] (main) Decision complete: id=59f238d6-742d-41fd-a91b-d1f68b8ee447, decision=DECLINE, mode=NORMAL, time=1ms
2026-02-13 17:02:30,129 WARN  [com.fra.eng.eng.RuleEvaluator] (main) Unknown evaluation type: null, defaulting to AUTH
2026-02-13 17:02:30,129 DEBUG [com.fra.eng.eng.AuthEvaluator] (main) AUTH evaluation: 4 rules to evaluate
2026-02-13 17:02:30,130 DEBUG [com.fra.eng.eng.AuthEvaluator] (main) Evaluating rule: card-testing (Card Testing Detection)
2026-02-13 17:02:30,130 DEBUG [com.fra.eng.eng.AuthEvaluator] (main) Rule matched: card-testing (Card Testing Detection) - Action: DECLINE
2026-02-13 17:02:30,130 DEBUG [com.fra.eng.eng.RuleEvaluator] (main) Decision complete: id=8f96e776-1cd4-4e59-a390-2f1808e3810e, decision=DECLINE, mode=NORMAL, time=1ms
2026-02-13 17:02:30,130 WARN  [com.fra.eng.eng.RuleEvaluator] (main) Unknown evaluation type: null, defaulting to AUTH
2026-02-13 17:02:30,130 DEBUG [com.fra.eng.eng.AuthEvaluator] (main) AUTH evaluation: 4 rules to evaluate
2026-02-13 17:02:30,130 DEBUG [com.fra.eng.eng.AuthEvaluator] (main) Evaluating rule: card-testing (Card Testing Detection)
2026-02-13 17:02:30,131 DEBUG [com.fra.eng.eng.AuthEvaluator] (main) Rule matched: card-testing (Card Testing Detection) - Action: DECLINE
2026-02-13 17:02:30,131 DEBUG [com.fra.eng.eng.RuleEvaluator] (main) Decision complete: id=6411ee9a-9eb6-432d-bd52-1ad1af56255d, decision=DECLINE, mode=NORMAL, time=1ms
]]></system-out>
  </testcase>
  <testcase name="testIncrementingAmounts" classname="Card Testing / Carding Pattern" time="0.007">
    <system-out><![CDATA[2026-02-13 17:02:30,133 WARN  [com.fra.eng.eng.RuleEvaluator] (main) Unknown evaluation type: null, defaulting to AUTH
2026-02-13 17:02:30,133 DEBUG [com.fra.eng.eng.AuthEvaluator] (main) AUTH evaluation: 4 rules to evaluate
2026-02-13 17:02:30,133 DEBUG [com.fra.eng.eng.AuthEvaluator] (main) Evaluating rule: card-testing (Card Testing Detection)
2026-02-13 17:02:30,133 DEBUG [com.fra.eng.eng.AuthEvaluator] (main) Rule matched: card-testing (Card Testing Detection) - Action: DECLINE
2026-02-13 17:02:30,133 DEBUG [com.fra.eng.eng.RuleEvaluator] (main) Decision complete: id=f28fae50-3999-4460-ae84-b7d09c8c75bd, decision=DECLINE, mode=NORMAL, time=0ms
2026-02-13 17:02:30,134 WARN  [com.fra.eng.eng.RuleEvaluator] (main) Unknown evaluation type: null, defaulting to AUTH
2026-02-13 17:02:30,134 DEBUG [com.fra.eng.eng.AuthEvaluator] (main) AUTH evaluation: 4 rules to evaluate
2026-02-13 17:02:30,134 DEBUG [com.fra.eng.eng.AuthEvaluator] (main) Evaluating rule: card-testing (Card Testing Detection)
2026-02-13 17:02:30,134 DEBUG [com.fra.eng.eng.AuthEvaluator] (main) Evaluating rule: gambling-high-amount (Gambling + High Amount)
2026-02-13 17:02:30,134 DEBUG [com.fra.eng.eng.AuthEvaluator] (main) Evaluating rule: wire-transfer-high-risk (Wire Transfer - First Time Merchant)
2026-02-13 17:02:30,134 DEBUG [com.fra.eng.eng.AuthEvaluator] (main) Evaluating rule: bust-out-sudden-spike (Bust-Out Pattern - Sudden Spike)
2026-02-13 17:02:30,134 DEBUG [com.fra.eng.eng.AuthEvaluator] (main) No rules matched, defaulting to APPROVE
2026-02-13 17:02:30,134 DEBUG [com.fra.eng.eng.RuleEvaluator] (main) Decision complete: id=e93bfeb0-395e-452a-9338-3febab8222c6, decision=APPROVE, mode=NORMAL, time=1ms
2026-02-13 17:02:30,135 WARN  [com.fra.eng.eng.RuleEvaluator] (main) Unknown evaluation type: null, defaulting to AUTH
2026-02-13 17:02:30,135 DEBUG [com.fra.eng.eng.AuthEvaluator] (main) AUTH evaluation: 4 rules to evaluate
2026-02-13 17:02:30,135 DEBUG [com.fra.eng.eng.AuthEvaluator] (main) Evaluating rule: card-testing (Card Testing Detection)
2026-02-13 17:02:30,135 DEBUG [com.fra.eng.eng.AuthEvaluator] (main) Evaluating rule: gambling-high-amount (Gambling + High Amount)
2026-02-13 17:02:30,135 DEBUG [com.fra.eng.eng.AuthEvaluator] (main) Evaluating rule: wire-transfer-high-risk (Wire Transfer - First Time Merchant)
2026-02-13 17:02:30,135 DEBUG [com.fra.eng.eng.AuthEvaluator] (main) Evaluating rule: bust-out-sudden-spike (Bust-Out Pattern - Sudden Spike)
2026-02-13 17:02:30,135 DEBUG [com.fra.eng.eng.AuthEvaluator] (main) No rules matched, defaulting to APPROVE
2026-02-13 17:02:30,135 DEBUG [com.fra.eng.eng.RuleEvaluator] (main) Decision complete: id=10ec2712-0900-461e-ad2e-c62409f69231, decision=APPROVE, mode=NORMAL, time=0ms
2026-02-13 17:02:30,136 WARN  [com.fra.eng.eng.RuleEvaluator] (main) Unknown evaluation type: null, defaulting to AUTH
2026-02-13 17:02:30,136 DEBUG [com.fra.eng.eng.AuthEvaluator] (main) AUTH evaluation: 4 rules to evaluate
2026-02-13 17:02:30,136 DEBUG [com.fra.eng.eng.AuthEvaluator] (main) Evaluating rule: card-testing (Card Testing Detection)
2026-02-13 17:02:30,136 DEBUG [com.fra.eng.eng.AuthEvaluator] (main) Evaluating rule: gambling-high-amount (Gambling + High Amount)
2026-02-13 17:02:30,136 DEBUG [com.fra.eng.eng.AuthEvaluator] (main) Evaluating rule: wire-transfer-high-risk (Wire Transfer - First Time Merchant)
2026-02-13 17:02:30,136 DEBUG [com.fra.eng.eng.AuthEvaluator] (main) Evaluating rule: bust-out-sudden-spike (Bust-Out Pattern - Sudden Spike)
2026-02-13 17:02:30,136 DEBUG [com.fra.eng.eng.AuthEvaluator] (main) No rules matched, defaulting to APPROVE
2026-02-13 17:02:30,138 DEBUG [com.fra.eng.eng.RuleEvaluator] (main) Decision complete: id=4db550b0-ce8e-4c3b-a286-e8199073be27, decision=APPROVE, mode=NORMAL, time=2ms
2026-02-13 17:02:30,138 WARN  [com.fra.eng.eng.RuleEvaluator] (main) Unknown evaluation type: null, defaulting to AUTH
2026-02-13 17:02:30,138 DEBUG [com.fra.eng.eng.AuthEvaluator] (main) AUTH evaluation: 4 rules to evaluate
2026-02-13 17:02:30,138 DEBUG [com.fra.eng.eng.AuthEvaluator] (main) Evaluating rule: card-testing (Card Testing Detection)
2026-02-13 17:02:30,138 DEBUG [com.fra.eng.eng.AuthEvaluator] (main) Evaluating rule: gambling-high-amount (Gambling + High Amount)
2026-02-13 17:02:30,138 DEBUG [com.fra.eng.eng.AuthEvaluator] (main) Evaluating rule: wire-transfer-high-risk (Wire Transfer - First Time Merchant)
2026-02-13 17:02:30,138 DEBUG [com.fra.eng.eng.AuthEvaluator] (main) Evaluating rule: bust-out-sudden-spike (Bust-Out Pattern - Sudden Spike)
2026-02-13 17:02:30,138 DEBUG [com.fra.eng.eng.AuthEvaluator] (main) No rules matched, defaulting to APPROVE
2026-02-13 17:02:30,138 DEBUG [com.fra.eng.eng.RuleEvaluator] (main) Decision complete: id=6f19c5d3-a461-4090-b8d2-02284b4875cd, decision=APPROVE, mode=NORMAL, time=0ms
]]></system-out>
  </testcase>
  <testcase name="testWireTransferFirstTimeMerchant" classname="High-Risk MCC + Amount Combination" time="0.004">
    <system-out><![CDATA[2026-02-13 17:02:30,144 WARN  [com.fra.eng.eng.RuleEvaluator] (main) Unknown evaluation type: null, defaulting to AUTH
2026-02-13 17:02:30,144 DEBUG [com.fra.eng.eng.AuthEvaluator] (main) AUTH evaluation: 4 rules to evaluate
2026-02-13 17:02:30,144 DEBUG [com.fra.eng.eng.AuthEvaluator] (main) Evaluating rule: card-testing (Card Testing Detection)
2026-02-13 17:02:30,144 DEBUG [com.fra.eng.eng.AuthEvaluator] (main) Evaluating rule: gambling-high-amount (Gambling + High Amount)
2026-02-13 17:02:30,144 DEBUG [com.fra.eng.eng.AuthEvaluator] (main) Evaluating rule: wire-transfer-high-risk (Wire Transfer - First Time Merchant)
2026-02-13 17:02:30,144 DEBUG [com.fra.eng.eng.AuthEvaluator] (main) Rule matched: wire-transfer-high-risk (Wire Transfer - First Time Merchant) - Action: DECLINE
2026-02-13 17:02:30,144 DEBUG [com.fra.eng.eng.RuleEvaluator] (main) Decision complete: id=738dcba1-e14e-48b7-ac2e-56adc302dc47, decision=DECLINE, mode=NORMAL, time=0ms
]]></system-out>
  </testcase>
  <testcase name="testWireTransferEstablishedMerchant" classname="High-Risk MCC + Amount Combination" time="0.003">
    <system-out><![CDATA[2026-02-13 17:02:30,146 WARN  [com.fra.eng.eng.RuleEvaluator] (main) Unknown evaluation type: null, defaulting to AUTH
2026-02-13 17:02:30,147 DEBUG [com.fra.eng.eng.AuthEvaluator] (main) AUTH evaluation: 4 rules to evaluate
2026-02-13 17:02:30,147 DEBUG [com.fra.eng.eng.AuthEvaluator] (main) Evaluating rule: card-testing (Card Testing Detection)
2026-02-13 17:02:30,147 DEBUG [com.fra.eng.eng.AuthEvaluator] (main) Evaluating rule: gambling-high-amount (Gambling + High Amount)
2026-02-13 17:02:30,147 DEBUG [com.fra.eng.eng.AuthEvaluator] (main) Evaluating rule: wire-transfer-high-risk (Wire Transfer - First Time Merchant)
2026-02-13 17:02:30,147 DEBUG [com.fra.eng.eng.AuthEvaluator] (main) Evaluating rule: bust-out-sudden-spike (Bust-Out Pattern - Sudden Spike)
2026-02-13 17:02:30,147 DEBUG [com.fra.eng.eng.AuthEvaluator] (main) No rules matched, defaulting to APPROVE
2026-02-13 17:02:30,147 DEBUG [com.fra.eng.eng.RuleEvaluator] (main) Decision complete: id=1e303619-5f14-4929-8453-54ead1f92126, decision=APPROVE, mode=NORMAL, time=1ms
]]></system-out>
  </testcase>
  <testcase name="testGamblingLowAmount" classname="High-Risk MCC + Amount Combination" time="0.004">
    <system-out><![CDATA[2026-02-13 17:02:30,150 WARN  [com.fra.eng.eng.RuleEvaluator] (main) Unknown evaluation type: null, defaulting to AUTH
2026-02-13 17:02:30,150 DEBUG [com.fra.eng.eng.AuthEvaluator] (main) AUTH evaluation: 4 rules to evaluate
2026-02-13 17:02:30,150 DEBUG [com.fra.eng.eng.AuthEvaluator] (main) Evaluating rule: card-testing (Card Testing Detection)
2026-02-13 17:02:30,150 DEBUG [com.fra.eng.eng.AuthEvaluator] (main) Evaluating rule: gambling-high-amount (Gambling + High Amount)
2026-02-13 17:02:30,150 DEBUG [com.fra.eng.eng.AuthEvaluator] (main) Evaluating rule: wire-transfer-high-risk (Wire Transfer - First Time Merchant)
2026-02-13 17:02:30,150 DEBUG [com.fra.eng.eng.AuthEvaluator] (main) Evaluating rule: bust-out-sudden-spike (Bust-Out Pattern - Sudden Spike)
2026-02-13 17:02:30,151 DEBUG [com.fra.eng.eng.AuthEvaluator] (main) No rules matched, defaulting to APPROVE
2026-02-13 17:02:30,151 DEBUG [com.fra.eng.eng.RuleEvaluator] (main) Decision complete: id=9cfcb97f-1178-453a-a4f8-ddd085f707ad, decision=APPROVE, mode=NORMAL, time=1ms
]]></system-out>
  </testcase>
  <testcase name="testGamblingHighAmount" classname="High-Risk MCC + Amount Combination" time="0.002">
    <system-out><![CDATA[2026-02-13 17:02:30,154 WARN  [com.fra.eng.eng.RuleEvaluator] (main) Unknown evaluation type: null, defaulting to AUTH
2026-02-13 17:02:30,154 DEBUG [com.fra.eng.eng.AuthEvaluator] (main) AUTH evaluation: 4 rules to evaluate
2026-02-13 17:02:30,154 DEBUG [com.fra.eng.eng.AuthEvaluator] (main) Evaluating rule: card-testing (Card Testing Detection)
2026-02-13 17:02:30,154 DEBUG [com.fra.eng.eng.AuthEvaluator] (main) Evaluating rule: gambling-high-amount (Gambling + High Amount)
2026-02-13 17:02:30,154 DEBUG [com.fra.eng.eng.AuthEvaluator] (main) Rule matched: gambling-high-amount (Gambling + High Amount) - Action: DECLINE
2026-02-13 17:02:30,154 DEBUG [com.fra.eng.eng.RuleEvaluator] (main) Decision complete: id=f6c5f33b-5fe8-468d-9b76-0624e32d5216, decision=DECLINE, mode=NORMAL, time=0ms
]]></system-out>
  </testcase>
  <testcase name="testMultipleCountriesInOneHour" classname="Cross-Border Velocity (Impossible Travel)" time="0.005">
    <system-out><![CDATA[2026-02-13 17:02:30,160 WARN  [com.fra.eng.eng.RuleEvaluator] (main) Unknown evaluation type: null, defaulting to AUTH
2026-02-13 17:02:30,160 DEBUG [com.fra.eng.eng.AuthEvaluator] (main) AUTH evaluation: 4 rules to evaluate
2026-02-13 17:02:30,160 DEBUG [com.fra.eng.eng.AuthEvaluator] (main) Evaluating rule: card-testing (Card Testing Detection)
2026-02-13 17:02:30,160 DEBUG [com.fra.eng.eng.AuthEvaluator] (main) Evaluating rule: gambling-high-amount (Gambling + High Amount)
2026-02-13 17:02:30,160 DEBUG [com.fra.eng.eng.AuthEvaluator] (main) Evaluating rule: wire-transfer-high-risk (Wire Transfer - First Time Merchant)
2026-02-13 17:02:30,160 DEBUG [com.fra.eng.eng.AuthEvaluator] (main) Evaluating rule: bust-out-sudden-spike (Bust-Out Pattern - Sudden Spike)
2026-02-13 17:02:30,160 DEBUG [com.fra.eng.eng.AuthEvaluator] (main) No rules matched, defaulting to APPROVE
2026-02-13 17:02:30,160 DEBUG [com.fra.eng.eng.RuleEvaluator] (main) Decision complete: id=62cf9125-ba16-4f7c-9260-5d54045acec5, decision=APPROVE, mode=NORMAL, time=1ms
2026-02-13 17:02:30,161 WARN  [com.fra.eng.eng.RuleEvaluator] (main) Unknown evaluation type: null, defaulting to AUTH
2026-02-13 17:02:30,161 DEBUG [com.fra.eng.eng.AuthEvaluator] (main) AUTH evaluation: 4 rules to evaluate
2026-02-13 17:02:30,161 DEBUG [com.fra.eng.eng.AuthEvaluator] (main) Evaluating rule: card-testing (Card Testing Detection)
2026-02-13 17:02:30,161 DEBUG [com.fra.eng.eng.AuthEvaluator] (main) Evaluating rule: gambling-high-amount (Gambling + High Amount)
2026-02-13 17:02:30,161 DEBUG [com.fra.eng.eng.AuthEvaluator] (main) Evaluating rule: wire-transfer-high-risk (Wire Transfer - First Time Merchant)
2026-02-13 17:02:30,162 DEBUG [com.fra.eng.eng.AuthEvaluator] (main) Evaluating rule: bust-out-sudden-spike (Bust-Out Pattern - Sudden Spike)
2026-02-13 17:02:30,162 DEBUG [com.fra.eng.eng.AuthEvaluator] (main) No rules matched, defaulting to APPROVE
2026-02-13 17:02:30,162 DEBUG [com.fra.eng.eng.RuleEvaluator] (main) Decision complete: id=feb1064c-5c46-43c8-b7be-9f8a75a98119, decision=APPROVE, mode=NORMAL, time=1ms
2026-02-13 17:02:30,162 WARN  [com.fra.eng.eng.RuleEvaluator] (main) Unknown evaluation type: null, defaulting to AUTH
2026-02-13 17:02:30,162 DEBUG [com.fra.eng.eng.AuthEvaluator] (main) AUTH evaluation: 4 rules to evaluate
2026-02-13 17:02:30,162 DEBUG [com.fra.eng.eng.AuthEvaluator] (main) Evaluating rule: card-testing (Card Testing Detection)
2026-02-13 17:02:30,162 DEBUG [com.fra.eng.eng.AuthEvaluator] (main) Evaluating rule: gambling-high-amount (Gambling + High Amount)
2026-02-13 17:02:30,162 DEBUG [com.fra.eng.eng.AuthEvaluator] (main) Evaluating rule: wire-transfer-high-risk (Wire Transfer - First Time Merchant)
2026-02-13 17:02:30,162 DEBUG [com.fra.eng.eng.AuthEvaluator] (main) Evaluating rule: bust-out-sudden-spike (Bust-Out Pattern - Sudden Spike)
2026-02-13 17:02:30,163 DEBUG [com.fra.eng.eng.AuthEvaluator] (main) No rules matched, defaulting to APPROVE
2026-02-13 17:02:30,163 DEBUG [com.fra.eng.eng.RuleEvaluator] (main) Decision complete: id=13ac4c2d-99b2-460d-bc82-72561e32591b, decision=APPROVE, mode=NORMAL, time=1ms
2026-02-13 17:02:30,163 WARN  [com.fra.eng.eng.RuleEvaluator] (main) Unknown evaluation type: null, defaulting to AUTH
2026-02-13 17:02:30,163 DEBUG [com.fra.eng.eng.AuthEvaluator] (main) AUTH evaluation: 4 rules to evaluate
2026-02-13 17:02:30,163 DEBUG [com.fra.eng.eng.AuthEvaluator] (main) Evaluating rule: card-testing (Card Testing Detection)
2026-02-13 17:02:30,163 DEBUG [com.fra.eng.eng.AuthEvaluator] (main) Evaluating rule: gambling-high-amount (Gambling + High Amount)
2026-02-13 17:02:30,163 DEBUG [com.fra.eng.eng.AuthEvaluator] (main) Evaluating rule: wire-transfer-high-risk (Wire Transfer - First Time Merchant)
2026-02-13 17:02:30,164 DEBUG [com.fra.eng.eng.AuthEvaluator] (main) Evaluating rule: bust-out-sudden-spike (Bust-Out Pattern - Sudden Spike)
2026-02-13 17:02:30,164 DEBUG [com.fra.eng.eng.AuthEvaluator] (main) No rules matched, defaulting to APPROVE
2026-02-13 17:02:30,164 DEBUG [com.fra.eng.eng.RuleEvaluator] (main) Decision complete: id=3965cf42-8fd1-4f00-a06a-78fcd341a129, decision=APPROVE, mode=NORMAL, time=1ms
]]></system-out>
  </testcase>
  <testcase name="testImpossibleTravelUStoRussia" classname="Cross-Border Velocity (Impossible Travel)" time="0.003">
    <system-out><![CDATA[2026-02-13 17:02:30,166 WARN  [com.fra.eng.eng.RuleEvaluator] (main) Unknown evaluation type: null, defaulting to AUTH
2026-02-13 17:02:30,166 DEBUG [com.fra.eng.eng.AuthEvaluator] (main) AUTH evaluation: 4 rules to evaluate
2026-02-13 17:02:30,166 DEBUG [com.fra.eng.eng.AuthEvaluator] (main) Evaluating rule: card-testing (Card Testing Detection)
2026-02-13 17:02:30,166 DEBUG [com.fra.eng.eng.AuthEvaluator] (main) Evaluating rule: gambling-high-amount (Gambling + High Amount)
2026-02-13 17:02:30,166 DEBUG [com.fra.eng.eng.AuthEvaluator] (main) Evaluating rule: wire-transfer-high-risk (Wire Transfer - First Time Merchant)
2026-02-13 17:02:30,166 DEBUG [com.fra.eng.eng.AuthEvaluator] (main) Evaluating rule: bust-out-sudden-spike (Bust-Out Pattern - Sudden Spike)
2026-02-13 17:02:30,166 DEBUG [com.fra.eng.eng.AuthEvaluator] (main) No rules matched, defaulting to APPROVE
2026-02-13 17:02:30,167 DEBUG [com.fra.eng.eng.RuleEvaluator] (main) Decision complete: id=1e0ebcd8-c2ec-457d-aaff-75b954e8f796, decision=APPROVE, mode=NORMAL, time=1ms
2026-02-13 17:02:30,167 WARN  [com.fra.eng.eng.RuleEvaluator] (main) Unknown evaluation type: null, defaulting to AUTH
2026-02-13 17:02:30,167 DEBUG [com.fra.eng.eng.AuthEvaluator] (main) AUTH evaluation: 4 rules to evaluate
2026-02-13 17:02:30,167 DEBUG [com.fra.eng.eng.AuthEvaluator] (main) Evaluating rule: card-testing (Card Testing Detection)
2026-02-13 17:02:30,167 DEBUG [com.fra.eng.eng.AuthEvaluator] (main) Evaluating rule: gambling-high-amount (Gambling + High Amount)
2026-02-13 17:02:30,168 DEBUG [com.fra.eng.eng.AuthEvaluator] (main) Evaluating rule: wire-transfer-high-risk (Wire Transfer - First Time Merchant)
2026-02-13 17:02:30,168 DEBUG [com.fra.eng.eng.AuthEvaluator] (main) Evaluating rule: bust-out-sudden-spike (Bust-Out Pattern - Sudden Spike)
2026-02-13 17:02:30,168 DEBUG [com.fra.eng.eng.AuthEvaluator] (main) No rules matched, defaulting to APPROVE
2026-02-13 17:02:30,168 DEBUG [com.fra.eng.eng.RuleEvaluator] (main) Decision complete: id=4944113a-c153-451a-be8d-e433de4b422d, decision=APPROVE, mode=NORMAL, time=1ms
]]></system-out>
  </testcase>
  <testcase name="testVelocitySpike" classname="Velocity Spike Pattern" time="0.03">
    <system-out><![CDATA[2026-02-13 17:02:30,172 WARN  [com.fra.eng.eng.RuleEvaluator] (main) Unknown evaluation type: null, defaulting to AUTH
2026-02-13 17:02:30,173 DEBUG [com.fra.eng.eng.AuthEvaluator] (main) AUTH evaluation: 4 rules to evaluate
2026-02-13 17:02:30,173 DEBUG [com.fra.eng.eng.AuthEvaluator] (main) Evaluating rule: card-testing (Card Testing Detection)
2026-02-13 17:02:30,173 DEBUG [com.fra.eng.eng.AuthEvaluator] (main) Evaluating rule: gambling-high-amount (Gambling + High Amount)
2026-02-13 17:02:30,173 DEBUG [com.fra.eng.eng.AuthEvaluator] (main) Evaluating rule: wire-transfer-high-risk (Wire Transfer - First Time Merchant)
2026-02-13 17:02:30,173 DEBUG [com.fra.eng.eng.AuthEvaluator] (main) Evaluating rule: bust-out-sudden-spike (Bust-Out Pattern - Sudden Spike)
2026-02-13 17:02:30,173 DEBUG [com.fra.eng.eng.AuthEvaluator] (main) No rules matched, defaulting to APPROVE
2026-02-13 17:02:30,173 DEBUG [com.fra.eng.eng.RuleEvaluator] (main) Decision complete: id=93f036e1-2962-4a70-a2b3-f5a5398e0487, decision=APPROVE, mode=NORMAL, time=1ms
2026-02-13 17:02:30,174 WARN  [com.fra.eng.eng.RuleEvaluator] (main) Unknown evaluation type: null, defaulting to AUTH
2026-02-13 17:02:30,174 DEBUG [com.fra.eng.eng.AuthEvaluator] (main) AUTH evaluation: 4 rules to evaluate
2026-02-13 17:02:30,174 DEBUG [com.fra.eng.eng.AuthEvaluator] (main) Evaluating rule: card-testing (Card Testing Detection)
2026-02-13 17:02:30,174 DEBUG [com.fra.eng.eng.AuthEvaluator] (main) Evaluating rule: gambling-high-amount (Gambling + High Amount)
2026-02-13 17:02:30,174 DEBUG [com.fra.eng.eng.AuthEvaluator] (main) Evaluating rule: wire-transfer-high-risk (Wire Transfer - First Time Merchant)
2026-02-13 17:02:30,174 DEBUG [com.fra.eng.eng.AuthEvaluator] (main) Evaluating rule: bust-out-sudden-spike (Bust-Out Pattern - Sudden Spike)
2026-02-13 17:02:30,175 DEBUG [com.fra.eng.eng.AuthEvaluator] (main) No rules matched, defaulting to APPROVE
2026-02-13 17:02:30,175 DEBUG [com.fra.eng.eng.RuleEvaluator] (main) Decision complete: id=d9308db3-b3c9-4e2b-aec3-092b70c0d203, decision=APPROVE, mode=NORMAL, time=1ms
2026-02-13 17:02:30,175 WARN  [com.fra.eng.eng.RuleEvaluator] (main) Unknown evaluation type: null, defaulting to AUTH
2026-02-13 17:02:30,175 DEBUG [com.fra.eng.eng.AuthEvaluator] (main) AUTH evaluation: 4 rules to evaluate
2026-02-13 17:02:30,175 DEBUG [com.fra.eng.eng.AuthEvaluator] (main) Evaluating rule: card-testing (Card Testing Detection)
2026-02-13 17:02:30,175 DEBUG [com.fra.eng.eng.AuthEvaluator] (main) Evaluating rule: gambling-high-amount (Gambling + High Amount)
2026-02-13 17:02:30,175 DEBUG [com.fra.eng.eng.AuthEvaluator] (main) Evaluating rule: wire-transfer-high-risk (Wire Transfer - First Time Merchant)
2026-02-13 17:02:30,175 DEBUG [com.fra.eng.eng.AuthEvaluator] (main) Evaluating rule: bust-out-sudden-spike (Bust-Out Pattern - Sudden Spike)
2026-02-13 17:02:30,176 DEBUG [com.fra.eng.eng.AuthEvaluator] (main) No rules matched, defaulting to APPROVE
2026-02-13 17:02:30,176 DEBUG [com.fra.eng.eng.RuleEvaluator] (main) Decision complete: id=cf648d85-79c5-4a95-a809-74747db1329b, decision=APPROVE, mode=NORMAL, time=1ms
2026-02-13 17:02:30,176 WARN  [com.fra.eng.eng.RuleEvaluator] (main) Unknown evaluation type: null, defaulting to AUTH
2026-02-13 17:02:30,176 DEBUG [com.fra.eng.eng.AuthEvaluator] (main) AUTH evaluation: 4 rules to evaluate
2026-02-13 17:02:30,176 DEBUG [com.fra.eng.eng.AuthEvaluator] (main) Evaluating rule: card-testing (Card Testing Detection)
2026-02-13 17:02:30,176 DEBUG [com.fra.eng.eng.AuthEvaluator] (main) Evaluating rule: gambling-high-amount (Gambling + High Amount)
2026-02-13 17:02:30,176 DEBUG [com.fra.eng.eng.AuthEvaluator] (main) Evaluating rule: wire-transfer-high-risk (Wire Transfer - First Time Merchant)
2026-02-13 17:02:30,176 DEBUG [com.fra.eng.eng.AuthEvaluator] (main) Evaluating rule: bust-out-sudden-spike (Bust-Out Pattern - Sudden Spike)
2026-02-13 17:02:30,176 DEBUG [com.fra.eng.eng.AuthEvaluator] (main) No rules matched, defaulting to APPROVE
2026-02-13 17:02:30,176 DEBUG [com.fra.eng.eng.RuleEvaluator] (main) Decision complete: id=7fde5b7b-4f63-41c1-82aa-e6b157b8ce0f, decision=APPROVE, mode=NORMAL, time=0ms
2026-02-13 17:02:30,177 WARN  [com.fra.eng.eng.RuleEvaluator] (main) Unknown evaluation type: null, defaulting to AUTH
2026-02-13 17:02:30,177 DEBUG [com.fra.eng.eng.AuthEvaluator] (main) AUTH evaluation: 4 rules to evaluate
2026-02-13 17:02:30,177 DEBUG [com.fra.eng.eng.AuthEvaluator] (main) Evaluating rule: card-testing (Card Testing Detection)
2026-02-13 17:02:30,177 DEBUG [com.fra.eng.eng.AuthEvaluator] (main) Evaluating rule: gambling-high-amount (Gambling + High Amount)
2026-02-13 17:02:30,177 DEBUG [com.fra.eng.eng.AuthEvaluator] (main) Evaluating rule: wire-transfer-high-risk (Wire Transfer - First Time Merchant)
2026-02-13 17:02:30,177 DEBUG [com.fra.eng.eng.AuthEvaluator] (main) Evaluating rule: bust-out-sudden-spike (Bust-Out Pattern - Sudden Spike)
2026-02-13 17:02:30,177 DEBUG [com.fra.eng.eng.AuthEvaluator] (main) No rules matched, defaulting to APPROVE
2026-02-13 17:02:30,177 DEBUG [com.fra.eng.eng.RuleEvaluator] (main) Decision complete: id=a4fcfa9d-7843-49f8-9a84-b77803150d00, decision=APPROVE, mode=NORMAL, time=0ms
2026-02-13 17:02:30,178 WARN  [com.fra.eng.eng.RuleEvaluator] (main) Unknown evaluation type: null, defaulting to AUTH
2026-02-13 17:02:30,178 DEBUG [com.fra.eng.eng.AuthEvaluator] (main) AUTH evaluation: 4 rules to evaluate
2026-02-13 17:02:30,178 DEBUG [com.fra.eng.eng.AuthEvaluator] (main) Evaluating rule: card-testing (Card Testing Detection)
2026-02-13 17:02:30,178 DEBUG [com.fra.eng.eng.AuthEvaluator] (main) Evaluating rule: gambling-high-amount (Gambling + High Amount)
2026-02-13 17:02:30,178 DEBUG [com.fra.eng.eng.AuthEvaluator] (main) Evaluating rule: wire-transfer-high-risk (Wire Transfer - First Time Merchant)
2026-02-13 17:02:30,178 DEBUG [com.fra.eng.eng.AuthEvaluator] (main) Evaluating rule: bust-out-sudden-spike (Bust-Out Pattern - Sudden Spike)
2026-02-13 17:02:30,178 DEBUG [com.fra.eng.eng.AuthEvaluator] (main) No rules matched, defaulting to APPROVE
2026-02-13 17:02:30,178 DEBUG [com.fra.eng.eng.RuleEvaluator] (main) Decision complete: id=aada0436-3091-46cf-9cc8-f059f0d72078, decision=APPROVE, mode=NORMAL, time=1ms
2026-02-13 17:02:30,178 WARN  [com.fra.eng.eng.RuleEvaluator] (main) Unknown evaluation type: null, defaulting to AUTH
2026-02-13 17:02:30,178 DEBUG [com.fra.eng.eng.AuthEvaluator] (main) AUTH evaluation: 4 rules to evaluate
2026-02-13 17:02:30,178 DEBUG [com.fra.eng.eng.AuthEvaluator] (main) Evaluating rule: card-testing (Card Testing Detection)
2026-02-13 17:02:30,178 DEBUG [com.fra.eng.eng.AuthEvaluator] (main) Evaluating rule: gambling-high-amount (Gambling + High Amount)
2026-02-13 17:02:30,178 DEBUG [com.fra.eng.eng.AuthEvaluator] (main) Evaluating rule: wire-transfer-high-risk (Wire Transfer - First Time Merchant)
2026-02-13 17:02:30,178 DEBUG [com.fra.eng.eng.AuthEvaluator] (main) Evaluating rule: bust-out-sudden-spike (Bust-Out Pattern - Sudden Spike)
2026-02-13 17:02:30,180 DEBUG [com.fra.eng.eng.AuthEvaluator] (main) No rules matched, defaulting to APPROVE
2026-02-13 17:02:30,180 DEBUG [com.fra.eng.eng.RuleEvaluator] (main) Decision complete: id=59501058-f3a1-42fa-b112-5ab3a9b7fc16, decision=APPROVE, mode=NORMAL, time=2ms
2026-02-13 17:02:30,180 WARN  [com.fra.eng.eng.RuleEvaluator] (main) Unknown evaluation type: null, defaulting to AUTH
2026-02-13 17:02:30,180 DEBUG [com.fra.eng.eng.AuthEvaluator] (main) AUTH evaluation: 4 rules to evaluate
2026-02-13 17:02:30,180 DEBUG [com.fra.eng.eng.AuthEvaluator] (main) Evaluating rule: card-testing (Card Testing Detection)
2026-02-13 17:02:30,180 DEBUG [com.fra.eng.eng.AuthEvaluator] (main) Evaluating rule: gambling-high-amount (Gambling + High Amount)
2026-02-13 17:02:30,180 DEBUG [com.fra.eng.eng.AuthEvaluator] (main) Evaluating rule: wire-transfer-high-risk (Wire Transfer - First Time Merchant)
2026-02-13 17:02:30,180 DEBUG [com.fra.eng.eng.AuthEvaluator] (main) Evaluating rule: bust-out-sudden-spike (Bust-Out Pattern - Sudden Spike)
2026-02-13 17:02:30,180 DEBUG [com.fra.eng.eng.AuthEvaluator] (main) No rules matched, defaulting to APPROVE
2026-02-13 17:02:30,181 DEBUG [com.fra.eng.eng.RuleEvaluator] (main) Decision complete: id=c2a7f222-7b49-4db0-adec-ccaf6ac960f8, decision=APPROVE, mode=NORMAL, time=1ms
2026-02-13 17:02:30,181 WARN  [com.fra.eng.eng.RuleEvaluator] (main) Unknown evaluation type: null, defaulting to AUTH
2026-02-13 17:02:30,181 DEBUG [com.fra.eng.eng.AuthEvaluator] (main) AUTH evaluation: 4 rules to evaluate
2026-02-13 17:02:30,181 DEBUG [com.fra.eng.eng.AuthEvaluator] (main) Evaluating rule: card-testing (Card Testing Detection)
2026-02-13 17:02:30,181 DEBUG [com.fra.eng.eng.AuthEvaluator] (main) Evaluating rule: gambling-high-amount (Gambling + High Amount)
2026-02-13 17:02:30,181 DEBUG [com.fra.eng.eng.AuthEvaluator] (main) Evaluating rule: wire-transfer-high-risk (Wire Transfer - First Time Merchant)
2026-02-13 17:02:30,182 DEBUG [com.fra.eng.eng.AuthEvaluator] (main) Evaluating rule: bust-out-sudden-spike (Bust-Out Pattern - Sudden Spike)
2026-02-13 17:02:30,182 DEBUG [com.fra.eng.eng.AuthEvaluator] (main) No rules matched, defaulting to APPROVE
2026-02-13 17:02:30,182 DEBUG [com.fra.eng.eng.RuleEvaluator] (main) Decision complete: id=a9da1ca4-e130-45e3-a893-4a6d3c5c2d27, decision=APPROVE, mode=NORMAL, time=1ms
2026-02-13 17:02:30,182 WARN  [com.fra.eng.eng.RuleEvaluator] (main) Unknown evaluation type: null, defaulting to AUTH
2026-02-13 17:02:30,182 DEBUG [com.fra.eng.eng.AuthEvaluator] (main) AUTH evaluation: 4 rules to evaluate
2026-02-13 17:02:30,182 DEBUG [com.fra.eng.eng.AuthEvaluator] (main) Evaluating rule: card-testing (Card Testing Detection)
2026-02-13 17:02:30,182 DEBUG [com.fra.eng.eng.AuthEvaluator] (main) Evaluating rule: gambling-high-amount (Gambling + High Amount)
2026-02-13 17:02:30,182 DEBUG [com.fra.eng.eng.AuthEvaluator] (main) Evaluating rule: wire-transfer-high-risk (Wire Transfer - First Time Merchant)
2026-02-13 17:02:30,183 DEBUG [com.fra.eng.eng.AuthEvaluator] (main) Evaluating rule: bust-out-sudden-spike (Bust-Out Pattern - Sudden Spike)
2026-02-13 17:02:30,183 DEBUG [com.fra.eng.eng.AuthEvaluator] (main) No rules matched, defaulting to APPROVE
2026-02-13 17:02:30,183 DEBUG [com.fra.eng.eng.RuleEvaluator] (main) Decision complete: id=683ddcd0-2883-46e0-95e0-4086d88ec120, decision=APPROVE, mode=NORMAL, time=1ms
2026-02-13 17:02:30,183 WARN  [com.fra.eng.eng.RuleEvaluator] (main) Unknown evaluation type: null, defaulting to AUTH
2026-02-13 17:02:30,183 DEBUG [com.fra.eng.eng.AuthEvaluator] (main) AUTH evaluation: 4 rules to evaluate
2026-02-13 17:02:30,183 DEBUG [com.fra.eng.eng.AuthEvaluator] (main) Evaluating rule: card-testing (Card Testing Detection)
2026-02-13 17:02:30,184 DEBUG [com.fra.eng.eng.AuthEvaluator] (main) Evaluating rule: gambling-high-amount (Gambling + High Amount)
2026-02-13 17:02:30,184 DEBUG [com.fra.eng.eng.AuthEvaluator] (main) Evaluating rule: wire-transfer-high-risk (Wire Transfer - First Time Merchant)
2026-02-13 17:02:30,184 DEBUG [com.fra.eng.eng.AuthEvaluator] (main) Evaluating rule: bust-out-sudden-spike (Bust-Out Pattern - Sudden Spike)
2026-02-13 17:02:30,184 DEBUG [com.fra.eng.eng.AuthEvaluator] (main) No rules matched, defaulting to APPROVE
2026-02-13 17:02:30,184 DEBUG [com.fra.eng.eng.RuleEvaluator] (main) Decision complete: id=1bed7635-5768-4215-b033-1e08566bf358, decision=APPROVE, mode=NORMAL, time=1ms
2026-02-13 17:02:30,184 WARN  [com.fra.eng.eng.RuleEvaluator] (main) Unknown evaluation type: null, defaulting to AUTH
2026-02-13 17:02:30,184 DEBUG [com.fra.eng.eng.AuthEvaluator] (main) AUTH evaluation: 4 rules to evaluate
2026-02-13 17:02:30,184 DEBUG [com.fra.eng.eng.AuthEvaluator] (main) Evaluating rule: card-testing (Card Testing Detection)
2026-02-13 17:02:30,184 DEBUG [com.fra.eng.eng.AuthEvaluator] (main) Evaluating rule: gambling-high-amount (Gambling + High Amount)
2026-02-13 17:02:30,184 DEBUG [com.fra.eng.eng.AuthEvaluator] (main) Evaluating rule: wire-transfer-high-risk (Wire Transfer - First Time Merchant)
2026-02-13 17:02:30,184 DEBUG [com.fra.eng.eng.AuthEvaluator] (main) Evaluating rule: bust-out-sudden-spike (Bust-Out Pattern - Sudden Spike)
2026-02-13 17:02:30,185 DEBUG [com.fra.eng.eng.AuthEvaluator] (main) No rules matched, defaulting to APPROVE
2026-02-13 17:02:30,185 DEBUG [com.fra.eng.eng.RuleEvaluator] (main) Decision complete: id=7377e3ae-ea58-4e22-8e0e-45605fdc6b9b, decision=APPROVE, mode=NORMAL, time=1ms
2026-02-13 17:02:30,185 WARN  [com.fra.eng.eng.RuleEvaluator] (main) Unknown evaluation type: null, defaulting to AUTH
2026-02-13 17:02:30,185 DEBUG [com.fra.eng.eng.AuthEvaluator] (main) AUTH evaluation: 4 rules to evaluate
2026-02-13 17:02:30,185 DEBUG [com.fra.eng.eng.AuthEvaluator] (main) Evaluating rule: card-testing (Card Testing Detection)
2026-02-13 17:02:30,185 DEBUG [com.fra.eng.eng.AuthEvaluator] (main) Evaluating rule: gambling-high-amount (Gambling + High Amount)
2026-02-13 17:02:30,185 DEBUG [com.fra.eng.eng.AuthEvaluator] (main) Evaluating rule: wire-transfer-high-risk (Wire Transfer - First Time Merchant)
2026-02-13 17:02:30,185 DEBUG [com.fra.eng.eng.AuthEvaluator] (main) Evaluating rule: bust-out-sudden-spike (Bust-Out Pattern - Sudden Spike)
2026-02-13 17:02:30,186 DEBUG [com.fra.eng.eng.AuthEvaluator] (main) No rules matched, defaulting to APPROVE
2026-02-13 17:02:30,186 DEBUG [com.fra.eng.eng.RuleEvaluator] (main) Decision complete: id=6d1f2f5d-81b1-4264-bf9c-70700d53c89c, decision=APPROVE, mode=NORMAL, time=1ms
2026-02-13 17:02:30,186 WARN  [com.fra.eng.eng.RuleEvaluator] (main) Unknown evaluation type: null, defaulting to AUTH
2026-02-13 17:02:30,186 DEBUG [com.fra.eng.eng.AuthEvaluator] (main) AUTH evaluation: 4 rules to evaluate
2026-02-13 17:02:30,187 DEBUG [com.fra.eng.eng.AuthEvaluator] (main) Evaluating rule: card-testing (Card Testing Detection)
2026-02-13 17:02:30,187 DEBUG [com.fra.eng.eng.AuthEvaluator] (main) Evaluating rule: gambling-high-amount (Gambling + High Amount)
2026-02-13 17:02:30,188 DEBUG [com.fra.eng.eng.AuthEvaluator] (main) Evaluating rule: wire-transfer-high-risk (Wire Transfer - First Time Merchant)
2026-02-13 17:02:30,188 DEBUG [com.fra.eng.eng.AuthEvaluator] (main) Evaluating rule: bust-out-sudden-spike (Bust-Out Pattern - Sudden Spike)
2026-02-13 17:02:30,188 DEBUG [com.fra.eng.eng.AuthEvaluator] (main) No rules matched, defaulting to APPROVE
2026-02-13 17:02:30,188 DEBUG [com.fra.eng.eng.RuleEvaluator] (main) Decision complete: id=6d18cbf2-bfce-43fd-8854-41d325198042, decision=APPROVE, mode=NORMAL, time=2ms
2026-02-13 17:02:30,190 WARN  [com.fra.eng.eng.RuleEvaluator] (main) Unknown evaluation type: null, defaulting to AUTH
2026-02-13 17:02:30,191 DEBUG [com.fra.eng.eng.AuthEvaluator] (main) AUTH evaluation: 4 rules to evaluate
2026-02-13 17:02:30,192 DEBUG [com.fra.eng.eng.AuthEvaluator] (main) Evaluating rule: card-testing (Card Testing Detection)
2026-02-13 17:02:30,192 DEBUG [com.fra.eng.eng.AuthEvaluator] (main) Evaluating rule: gambling-high-amount (Gambling + High Amount)
2026-02-13 17:02:30,192 DEBUG [com.fra.eng.eng.AuthEvaluator] (main) Evaluating rule: wire-transfer-high-risk (Wire Transfer - First Time Merchant)
2026-02-13 17:02:30,192 DEBUG [com.fra.eng.eng.AuthEvaluator] (main) Evaluating rule: bust-out-sudden-spike (Bust-Out Pattern - Sudden Spike)
2026-02-13 17:02:30,192 DEBUG [com.fra.eng.eng.AuthEvaluator] (main) No rules matched, defaulting to APPROVE
2026-02-13 17:02:30,193 DEBUG [com.fra.eng.eng.RuleEvaluator] (main) Decision complete: id=ed2f536f-5344-4c90-9c2b-f63ba27cac8b, decision=APPROVE, mode=NORMAL, time=5ms
2026-02-13 17:02:30,193 WARN  [com.fra.eng.eng.RuleEvaluator] (main) Unknown evaluation type: null, defaulting to AUTH
2026-02-13 17:02:30,193 DEBUG [com.fra.eng.eng.AuthEvaluator] (main) AUTH evaluation: 4 rules to evaluate
2026-02-13 17:02:30,194 DEBUG [com.fra.eng.eng.AuthEvaluator] (main) Evaluating rule: card-testing (Card Testing Detection)
2026-02-13 17:02:30,195 DEBUG [com.fra.eng.eng.AuthEvaluator] (main) Evaluating rule: gambling-high-amount (Gambling + High Amount)
2026-02-13 17:02:30,195 DEBUG [com.fra.eng.eng.AuthEvaluator] (main) Evaluating rule: wire-transfer-high-risk (Wire Transfer - First Time Merchant)
2026-02-13 17:02:30,195 DEBUG [com.fra.eng.eng.AuthEvaluator] (main) Evaluating rule: bust-out-sudden-spike (Bust-Out Pattern - Sudden Spike)
2026-02-13 17:02:30,195 DEBUG [com.fra.eng.eng.AuthEvaluator] (main) No rules matched, defaulting to APPROVE
2026-02-13 17:02:30,195 DEBUG [com.fra.eng.eng.RuleEvaluator] (main) Decision complete: id=bdab7f58-c1a8-4a3d-af66-055e48321a2b, decision=APPROVE, mode=NORMAL, time=2ms
2026-02-13 17:02:30,195 WARN  [com.fra.eng.eng.RuleEvaluator] (main) Unknown evaluation type: null, defaulting to AUTH
2026-02-13 17:02:30,195 DEBUG [com.fra.eng.eng.AuthEvaluator] (main) AUTH evaluation: 4 rules to evaluate
2026-02-13 17:02:30,195 DEBUG [com.fra.eng.eng.AuthEvaluator] (main) Evaluating rule: card-testing (Card Testing Detection)
2026-02-13 17:02:30,195 DEBUG [com.fra.eng.eng.AuthEvaluator] (main) Evaluating rule: gambling-high-amount (Gambling + High Amount)
2026-02-13 17:02:30,195 DEBUG [com.fra.eng.eng.AuthEvaluator] (main) Evaluating rule: wire-transfer-high-risk (Wire Transfer - First Time Merchant)
2026-02-13 17:02:30,195 DEBUG [com.fra.eng.eng.AuthEvaluator] (main) Evaluating rule: bust-out-sudden-spike (Bust-Out Pattern - Sudden Spike)
2026-02-13 17:02:30,196 DEBUG [com.fra.eng.eng.AuthEvaluator] (main) No rules matched, defaulting to APPROVE
2026-02-13 17:02:30,196 DEBUG [com.fra.eng.eng.RuleEvaluator] (main) Decision complete: id=c00da7a6-93ca-4f39-9343-4a139aaee1e6, decision=APPROVE, mode=NORMAL, time=1ms
2026-02-13 17:02:30,196 WARN  [com.fra.eng.eng.RuleEvaluator] (main) Unknown evaluation type: null, defaulting to AUTH
2026-02-13 17:02:30,196 DEBUG [com.fra.eng.eng.AuthEvaluator] (main) AUTH evaluation: 4 rules to evaluate
2026-02-13 17:02:30,196 DEBUG [com.fra.eng.eng.AuthEvaluator] (main) Evaluating rule: card-testing (Card Testing Detection)
2026-02-13 17:02:30,196 DEBUG [com.fra.eng.eng.AuthEvaluator] (main) Evaluating rule: gambling-high-amount (Gambling + High Amount)
2026-02-13 17:02:30,196 DEBUG [com.fra.eng.eng.AuthEvaluator] (main) Evaluating rule: wire-transfer-high-risk (Wire Transfer - First Time Merchant)
2026-02-13 17:02:30,196 DEBUG [com.fra.eng.eng.AuthEvaluator] (main) Evaluating rule: bust-out-sudden-spike (Bust-Out Pattern - Sudden Spike)
2026-02-13 17:02:30,196 DEBUG [com.fra.eng.eng.AuthEvaluator] (main) No rules matched, defaulting to APPROVE
2026-02-13 17:02:30,197 DEBUG [com.fra.eng.eng.RuleEvaluator] (main) Decision complete: id=56188f64-6c88-48be-a8e2-b6d5fc174362, decision=APPROVE, mode=NORMAL, time=1ms
2026-02-13 17:02:30,197 WARN  [com.fra.eng.eng.RuleEvaluator] (main) Unknown evaluation type: null, defaulting to AUTH
2026-02-13 17:02:30,197 DEBUG [com.fra.eng.eng.AuthEvaluator] (main) AUTH evaluation: 4 rules to evaluate
2026-02-13 17:02:30,197 DEBUG [com.fra.eng.eng.AuthEvaluator] (main) Evaluating rule: card-testing (Card Testing Detection)
2026-02-13 17:02:30,197 DEBUG [com.fra.eng.eng.AuthEvaluator] (main) Evaluating rule: gambling-high-amount (Gambling + High Amount)
2026-02-13 17:02:30,197 DEBUG [com.fra.eng.eng.AuthEvaluator] (main) Evaluating rule: wire-transfer-high-risk (Wire Transfer - First Time Merchant)
2026-02-13 17:02:30,198 DEBUG [com.fra.eng.eng.AuthEvaluator] (main) Evaluating rule: bust-out-sudden-spike (Bust-Out Pattern - Sudden Spike)
2026-02-13 17:02:30,198 DEBUG [com.fra.eng.eng.AuthEvaluator] (main) No rules matched, defaulting to APPROVE
2026-02-13 17:02:30,199 DEBUG [com.fra.eng.eng.RuleEvaluator] (main) Decision complete: id=3d88f305-4d55-4b1c-8604-6136b8c429f3, decision=APPROVE, mode=NORMAL, time=2ms
2026-02-13 17:02:30,200 WARN  [com.fra.eng.eng.RuleEvaluator] (main) Unknown evaluation type: null, defaulting to AUTH
2026-02-13 17:02:30,200 DEBUG [com.fra.eng.eng.AuthEvaluator] (main) AUTH evaluation: 4 rules to evaluate
2026-02-13 17:02:30,200 DEBUG [com.fra.eng.eng.AuthEvaluator] (main) Evaluating rule: card-testing (Card Testing Detection)
2026-02-13 17:02:30,200 DEBUG [com.fra.eng.eng.AuthEvaluator] (main) Evaluating rule: gambling-high-amount (Gambling + High Amount)
2026-02-13 17:02:30,201 DEBUG [com.fra.eng.eng.AuthEvaluator] (main) Evaluating rule: wire-transfer-high-risk (Wire Transfer - First Time Merchant)
2026-02-13 17:02:30,201 DEBUG [com.fra.eng.eng.AuthEvaluator] (main) Evaluating rule: bust-out-sudden-spike (Bust-Out Pattern - Sudden Spike)
2026-02-13 17:02:30,201 DEBUG [com.fra.eng.eng.AuthEvaluator] (main) No rules matched, defaulting to APPROVE
2026-02-13 17:02:30,201 DEBUG [com.fra.eng.eng.RuleEvaluator] (main) Decision complete: id=260e6ea0-a6ce-4a7d-8fb9-23d1eae3a323, decision=APPROVE, mode=NORMAL, time=2ms
]]></system-out>
  </testcase>
  <testcase name="testDeclinedThenApproved" classname="Velocity Spike Pattern" time="0.007">
    <system-out><![CDATA[2026-02-13 17:02:30,204 WARN  [com.fra.eng.eng.RuleEvaluator] (main) Unknown evaluation type: null, defaulting to AUTH
2026-02-13 17:02:30,204 DEBUG [com.fra.eng.eng.AuthEvaluator] (main) AUTH evaluation: 4 rules to evaluate
2026-02-13 17:02:30,204 DEBUG [com.fra.eng.eng.AuthEvaluator] (main) Evaluating rule: card-testing (Card Testing Detection)
2026-02-13 17:02:30,205 DEBUG [com.fra.eng.eng.AuthEvaluator] (main) Rule matched: card-testing (Card Testing Detection) - Action: DECLINE
2026-02-13 17:02:30,205 DEBUG [com.fra.eng.eng.RuleEvaluator] (main) Decision complete: id=885c7c2a-8894-4464-8316-c1645541e8a6, decision=DECLINE, mode=NORMAL, time=1ms
2026-02-13 17:02:30,205 WARN  [com.fra.eng.eng.RuleEvaluator] (main) Unknown evaluation type: null, defaulting to AUTH
2026-02-13 17:02:30,205 DEBUG [com.fra.eng.eng.AuthEvaluator] (main) AUTH evaluation: 4 rules to evaluate
2026-02-13 17:02:30,205 DEBUG [com.fra.eng.eng.AuthEvaluator] (main) Evaluating rule: card-testing (Card Testing Detection)
2026-02-13 17:02:30,206 DEBUG [com.fra.eng.eng.AuthEvaluator] (main) Rule matched: card-testing (Card Testing Detection) - Action: DECLINE
2026-02-13 17:02:30,206 DEBUG [com.fra.eng.eng.RuleEvaluator] (main) Decision complete: id=dea8aa6e-2554-4756-b8b6-4feaefd92a99, decision=DECLINE, mode=NORMAL, time=1ms
2026-02-13 17:02:30,207 WARN  [com.fra.eng.eng.RuleEvaluator] (main) Unknown evaluation type: null, defaulting to AUTH
2026-02-13 17:02:30,208 DEBUG [com.fra.eng.eng.AuthEvaluator] (main) AUTH evaluation: 4 rules to evaluate
2026-02-13 17:02:30,208 DEBUG [com.fra.eng.eng.AuthEvaluator] (main) Evaluating rule: card-testing (Card Testing Detection)
2026-02-13 17:02:30,208 DEBUG [com.fra.eng.eng.AuthEvaluator] (main) Rule matched: card-testing (Card Testing Detection) - Action: DECLINE
2026-02-13 17:02:30,208 DEBUG [com.fra.eng.eng.RuleEvaluator] (main) Decision complete: id=b7c186ed-3366-46dc-a3e1-375316585e97, decision=DECLINE, mode=NORMAL, time=1ms
2026-02-13 17:02:30,209 WARN  [com.fra.eng.eng.RuleEvaluator] (main) Unknown evaluation type: null, defaulting to AUTH
2026-02-13 17:02:30,209 DEBUG [com.fra.eng.eng.AuthEvaluator] (main) AUTH evaluation: 4 rules to evaluate
2026-02-13 17:02:30,209 DEBUG [com.fra.eng.eng.AuthEvaluator] (main) Evaluating rule: card-testing (Card Testing Detection)
2026-02-13 17:02:30,209 DEBUG [com.fra.eng.eng.AuthEvaluator] (main) Evaluating rule: gambling-high-amount (Gambling + High Amount)
2026-02-13 17:02:30,209 DEBUG [com.fra.eng.eng.AuthEvaluator] (main) Evaluating rule: wire-transfer-high-risk (Wire Transfer - First Time Merchant)
2026-02-13 17:02:30,210 DEBUG [com.fra.eng.eng.AuthEvaluator] (main) Evaluating rule: bust-out-sudden-spike (Bust-Out Pattern - Sudden Spike)
2026-02-13 17:02:30,210 DEBUG [com.fra.eng.eng.AuthEvaluator] (main) No rules matched, defaulting to APPROVE
2026-02-13 17:02:30,210 DEBUG [com.fra.eng.eng.RuleEvaluator] (main) Decision complete: id=d6e5f2e3-5936-426a-8f7e-5f0cbf164813, decision=APPROVE, mode=NORMAL, time=1ms
]]></system-out>
  </testcase>
</testsuite>